#
# There is insufficient memory for the Java Runtime Environment to continue.
# Native memory allocation (malloc) failed to allocate 357184 bytes for Chunk::new
# Possible reasons:
#   The system is out of physical RAM or swap space
#   In 32 bit mode, the process size limit was hit
# Possible solutions:
#   Reduce memory load on the system
#   Increase physical memory or swap space
#   Check if swap backing store is full
#   Use 64 bit Java on a 64 bit OS
#   Decrease Java heap size (-Xmx/-Xms)
#   Decrease number of Java threads
#   Decrease Java thread stack sizes (-Xss)
#   Set larger code cache with -XX:ReservedCodeCacheSize=
# This output file may be truncated or incomplete.
#
#  Out of Memory Error (allocation.cpp:390), pid=12496, tid=0x0000000000004db4
#
# JRE version: OpenJDK Runtime Environment (8.0_152-b01) (build 1.8.0_152-release-915-b01)
# Java VM: OpenJDK 64-Bit Server VM (25.152-b01 mixed mode windows-amd64 compressed oops)
# Failed to write core dump. Minidumps are not enabled by default on client versions of Windows
#

---------------  T H R E A D  ---------------

Current thread (0x00000000175ce000):  JavaThread "C2 CompilerThread0" daemon [_thread_in_native, id=19892, stack(0x0000000017ea0000,0x0000000017fa0000)]

Stack: [0x0000000017ea0000,0x0000000017fa0000]
[error occurred during error reporting (printing stack bounds), id 0xc0000005]

Native frames: (J=compiled Java code, j=interpreted, Vv=VM code, C=native code)


Current CompileTask:
C2:   4536  934       4       org.objectweb.asm.ClassReader::a (3587 bytes)


---------------  P R O C E S S  ---------------

Java Threads: ( => current thread )
  0x0000000017683000 JavaThread "Service Thread" daemon [_thread_blocked, id=3204, stack(0x00000000182a0000,0x00000000183a0000)]
  0x00000000175d6800 JavaThread "C1 CompilerThread3" daemon [_thread_blocked, id=18096, stack(0x00000000181a0000,0x00000000182a0000)]
  0x00000000175d4800 JavaThread "C2 CompilerThread2" daemon [_thread_blocked, id=1200, stack(0x00000000180a0000,0x00000000181a0000)]
  0x00000000175cf800 JavaThread "C2 CompilerThread1" daemon [_thread_blocked, id=6232, stack(0x0000000017fa0000,0x00000000180a0000)]
=>0x00000000175ce000 JavaThread "C2 CompilerThread0" daemon [_thread_in_native, id=19892, stack(0x0000000017ea0000,0x0000000017fa0000)]
  0x00000000175cd000 JavaThread "Attach Listener" daemon [_thread_blocked, id=20008, stack(0x0000000017da0000,0x0000000017ea0000)]
  0x00000000175be800 JavaThread "Signal Dispatcher" daemon [_thread_blocked, id=19440, stack(0x0000000017ca0000,0x0000000017da0000)]
  0x00000000175b0800 JavaThread "Finalizer" daemon [_thread_blocked, id=20408, stack(0x0000000017990000,0x0000000017a90000)]
  0x00000000156b8800 JavaThread "Reference Handler" daemon [_thread_blocked, id=10452, stack(0x0000000017490000,0x0000000017590000)]
  0x0000000004df7000 JavaThread "main" [_thread_in_Java, id=13848, stack(0x0000000004cf0000,0x0000000004df0000)]

Other Threads:
  0x0000000004eed800 VMThread [stack: 0x0000000017390000,0x0000000017490000] [id=12300]
  0x0000000017684800 WatcherThread [stack: 0x00000000183a0000,0x00000000184a0000] [id=11796]

VM state:not at safepoint (normal execution)

VM Mutex/Monitor currently owned by a thread: None

Heap:
 PSYoungGen      total 18944K, used 13004K [0x00000000feb00000, 0x0000000100000000, 0x0000000100000000)
  eden space 16384K, 63% used [0x00000000feb00000,0x00000000ff53a860,0x00000000ffb00000)
  from space 2560K, 98% used [0x00000000ffd80000,0x00000000ffff8800,0x0000000100000000)
  to   space 2560K, 0% used [0x00000000ffb00000,0x00000000ffb00000,0x00000000ffd80000)
 ParOldGen       total 44032K, used 5179K [0x00000000fc000000, 0x00000000feb00000, 0x00000000feb00000)
  object space 44032K, 11% used [0x00000000fc000000,0x00000000fc50ef08,0x00000000feb00000)
 Metaspace       used 7839K, capacity 8076K, committed 8192K, reserved 1056768K
  class space    used 900K, capacity 988K, committed 1024K, reserved 1048576K

Card table byte_map: [0x0000000003400000,0x0000000003430000] byte_map_base: 0x0000000002c20000

Marking Bits: (ParMarkBitMap*) 0x0000000066d23950
 Begin Bits: [0x0000000014ab0000, 0x0000000014bb0000)
 End Bits:   [0x0000000014bb0000, 0x0000000014cb0000)

Polling page: 0x0000000002e20000

CodeCache: size=245760Kb used=3796Kb max_used=3808Kb free=241963Kb
 bounds [0x0000000004ef0000, 0x00000000052b0000, 0x0000000013ef0000]
 total_blobs=1365 nmethods=1033 adapters=246
 compilation: enabled

Compilation events (10 events):
Event: 4.519 Thread 0x00000000175d6800 1032       3       sun.util.calendar.CalendarDate::setNormalized (6 bytes)
Event: 4.519 Thread 0x00000000175d6800 nmethod 1032 0x00000000052a5790 code [0x00000000052a58e0, 0x00000000052a5a30]
Event: 4.519 Thread 0x00000000175d6800 1031       3       sun.util.calendar.BaseCalendar::isLeapYear (5 bytes)
Event: 4.519 Thread 0x00000000175d6800 nmethod 1031 0x00000000052a5210 code [0x00000000052a5380, 0x00000000052a5670]
Event: 4.519 Thread 0x00000000175d6800 1030       1       sun.util.calendar.CalendarDate::isNormalized (5 bytes)
Event: 4.519 Thread 0x00000000175d6800 nmethod 1030 0x00000000052a4f50 code [0x00000000052a50a0, 0x00000000052a51b0]
Event: 4.519 Thread 0x00000000175cf800 1033       4       org.objectweb.asm.tree.VarInsnNode::accept (18 bytes)
Event: 4.521 Thread 0x00000000175cf800 nmethod 1033 0x00000000052aa150 code [0x00000000052aa2a0, 0x00000000052aa3d8]
Event: 4.522 Thread 0x00000000175d4800 1034       4       org.objectweb.asm.MethodWriter::visitVarInsn (300 bytes)
Event: 4.526 Thread 0x00000000175d4800 nmethod 1034 0x00000000052a96d0 code [0x00000000052a9840, 0x00000000052a9cf8]

GC Heap History (4 events):
Event: 1.663 GC heap before
{Heap before GC invocations=1 (full 0):
 PSYoungGen      total 18944K, used 16384K [0x00000000feb00000, 0x0000000100000000, 0x0000000100000000)
  eden space 16384K, 100% used [0x00000000feb00000,0x00000000ffb00000,0x00000000ffb00000)
  from space 2560K, 0% used [0x00000000ffd80000,0x00000000ffd80000,0x0000000100000000)
  to   space 2560K, 0% used [0x00000000ffb00000,0x00000000ffb00000,0x00000000ffd80000)
 ParOldGen       total 44032K, used 0K [0x00000000fc000000, 0x00000000feb00000, 0x00000000feb00000)
  object space 44032K, 0% used [0x00000000fc000000,0x00000000fc000000,0x00000000feb00000)
 Metaspace       used 6600K, capacity 6746K, committed 7040K, reserved 1056768K
  class space    used 773K, capacity 823K, committed 896K, reserved 1048576K
Event: 1.699 GC heap after
Heap after GC invocations=1 (full 0):
 PSYoungGen      total 18944K, used 2538K [0x00000000feb00000, 0x0000000100000000, 0x0000000100000000)
  eden space 16384K, 0% used [0x00000000feb00000,0x00000000feb00000,0x00000000ffb00000)
  from space 2560K, 99% used [0x00000000ffb00000,0x00000000ffd7aa10,0x00000000ffd80000)
  to   space 2560K, 0% used [0x00000000ffd80000,0x00000000ffd80000,0x0000000100000000)
 ParOldGen       total 44032K, used 1622K [0x00000000fc000000, 0x00000000feb00000, 0x00000000feb00000)
  object space 44032K, 3% used [0x00000000fc000000,0x00000000fc195a10,0x00000000feb00000)
 Metaspace       used 6600K, capacity 6746K, committed 7040K, reserved 1056768K
  class space    used 773K, capacity 823K, committed 896K, reserved 1048576K
}
Event: 3.777 GC heap before
{Heap before GC invocations=2 (full 0):
 PSYoungGen      total 18944K, used 18922K [0x00000000feb00000, 0x0000000100000000, 0x0000000100000000)
  eden space 16384K, 100% used [0x00000000feb00000,0x00000000ffb00000,0x00000000ffb00000)
  from space 2560K, 99% used [0x00000000ffb00000,0x00000000ffd7aa10,0x00000000ffd80000)
  to   space 2560K, 0% used [0x00000000ffd80000,0x00000000ffd80000,0x0000000100000000)
 ParOldGen       total 44032K, used 1622K [0x00000000fc000000, 0x00000000feb00000, 0x00000000feb00000)
  object space 44032K, 3% used [0x00000000fc000000,0x00000000fc195a10,0x00000000feb00000)
 Metaspace       used 6990K, capacity 7148K, committed 7296K, reserved 1056768K
  class space    used 820K, capacity 892K, committed 896K, reserved 1048576K
Event: 3.801 GC heap after
Heap after GC invocations=2 (full 0):
 PSYoungGen      total 18944K, used 2530K [0x00000000feb00000, 0x0000000100000000, 0x0000000100000000)
  eden space 16384K, 0% used [0x00000000feb00000,0x00000000feb00000,0x00000000ffb00000)
  from space 2560K, 98% used [0x00000000ffd80000,0x00000000ffff8800,0x0000000100000000)
  to   space 2560K, 0% used [0x00000000ffb00000,0x00000000ffb00000,0x00000000ffd80000)
 ParOldGen       total 44032K, used 5179K [0x00000000fc000000, 0x00000000feb00000, 0x00000000feb00000)
  object space 44032K, 11% used [0x00000000fc000000,0x00000000fc50ef08,0x00000000feb00000)
 Metaspace       used 6990K, capacity 7148K, committed 7296K, reserved 1056768K
  class space    used 820K, capacity 892K, committed 896K, reserved 1048576K
}

Deoptimization events (10 events):
Event: 3.832 Thread 0x0000000004df7000 Uncommon trap: reason=class_check action=maybe_recompile pc=0x0000000005113a90 method=com.google.common.collect.Iterators$7.transform(Ljava/lang/Object;)Ljava/lang/Object; @ 5
Event: 3.832 Thread 0x0000000004df7000 Uncommon trap: reason=class_check action=maybe_recompile pc=0x000000000512e76c method=com.google.common.collect.TransformedIterator.hasNext()Z @ 4
Event: 3.832 Thread 0x0000000004df7000 Uncommon trap: reason=class_check action=maybe_recompile pc=0x000000000512c998 method=com.google.common.collect.TransformedIterator.next()Ljava/lang/Object; @ 5
Event: 3.832 Thread 0x0000000004df7000 Uncommon trap: reason=class_check action=maybe_recompile pc=0x0000000005113a90 method=com.google.common.collect.Iterators$7.transform(Ljava/lang/Object;)Ljava/lang/Object; @ 5
Event: 3.832 Thread 0x0000000004df7000 Uncommon trap: reason=class_check action=maybe_recompile pc=0x000000000512c998 method=com.google.common.collect.TransformedIterator.next()Ljava/lang/Object; @ 5
Event: 3.832 Thread 0x0000000004df7000 Uncommon trap: reason=class_check action=maybe_recompile pc=0x0000000005113a90 method=com.google.common.collect.Iterators$7.transform(Ljava/lang/Object;)Ljava/lang/Object; @ 5
Event: 3.963 Thread 0x0000000004df7000 Uncommon trap: reason=unstable_if action=reinterpret pc=0x00000000050ebf40 method=java.lang.String.indexOf([CII[CIII)I @ 134
Event: 3.987 Thread 0x0000000004df7000 Uncommon trap: reason=unstable_if action=reinterpret pc=0x00000000050ac178 method=java.lang.String.<init>([CII)V @ 18
Event: 4.470 Thread 0x0000000004df7000 Uncommon trap: reason=unstable_if action=reinterpret pc=0x000000000527d048 method=org.objectweb.asm.Type.getArgumentsAndReturnSizes(Ljava/lang/String;)I @ 41
Event: 4.483 Thread 0x0000000004df7000 Uncommon trap: reason=unstable_if action=reinterpret pc=0x000000000527b4e8 method=java.io.BufferedOutputStream.write(I)V @ 9

Classes redefined (0 events):
No events

Internal exceptions (10 events):
Event: 2.669 Thread 0x0000000004df7000 Exception <a 'sun/nio/fs/WindowsException'> (0x00000000ff1aeeb0) thrown at [D:\src\AOSP-openjdk-cygwin\jdk8u\hotspot\src\share\vm\prims\jni.cpp, line 709]
Event: 2.702 Thread 0x0000000004df7000 Exception <a 'sun/nio/fs/WindowsException'> (0x00000000ff1b41f0) thrown at [D:\src\AOSP-openjdk-cygwin\jdk8u\hotspot\src\share\vm\prims\jni.cpp, line 709]
Event: 3.764 Thread 0x0000000004df7000 Exception <a 'sun/nio/fs/WindowsException'> (0x00000000ffae9318) thrown at [D:\src\AOSP-openjdk-cygwin\jdk8u\hotspot\src\share\vm\prims\jni.cpp, line 709]
Event: 3.764 Thread 0x0000000004df7000 Exception <a 'sun/nio/fs/WindowsException'> (0x00000000ffae98e8) thrown at [D:\src\AOSP-openjdk-cygwin\jdk8u\hotspot\src\share\vm\prims\jni.cpp, line 709]
Event: 4.109 Thread 0x0000000004df7000 Exception <a 'sun/nio/fs/WindowsException'> (0x00000000fee268e0) thrown at [D:\src\AOSP-openjdk-cygwin\jdk8u\hotspot\src\share\vm\prims\jni.cpp, line 709]
Event: 4.109 Thread 0x0000000004df7000 Exception <a 'sun/nio/fs/WindowsException'> (0x00000000fee26e30) thrown at [D:\src\AOSP-openjdk-cygwin\jdk8u\hotspot\src\share\vm\prims\jni.cpp, line 709]
Event: 4.262 Thread 0x0000000004df7000 Exception <a 'sun/nio/fs/WindowsException'> (0x00000000ff1af758) thrown at [D:\src\AOSP-openjdk-cygwin\jdk8u\hotspot\src\share\vm\prims\jni.cpp, line 709]
Event: 4.262 Thread 0x0000000004df7000 Exception <a 'sun/nio/fs/WindowsException'> (0x00000000ff1afca8) thrown at [D:\src\AOSP-openjdk-cygwin\jdk8u\hotspot\src\share\vm\prims\jni.cpp, line 709]
Event: 4.458 Thread 0x0000000004df7000 Exception <a 'sun/nio/fs/WindowsException'> (0x00000000ff28f238) thrown at [D:\src\AOSP-openjdk-cygwin\jdk8u\hotspot\src\share\vm\prims\jni.cpp, line 709]
Event: 4.459 Thread 0x0000000004df7000 Exception <a 'sun/nio/fs/WindowsException'> (0x00000000ff28f788) thrown at [D:\src\AOSP-openjdk-cygwin\jdk8u\hotspot\src\share\vm\prims\jni.cpp, line 709]

Events (10 events):
Event: 4.165 Executing VM operation: EnableBiasedLocking
Event: 4.165 Executing VM operation: EnableBiasedLocking done
Event: 4.470 Thread 0x0000000004df7000 Uncommon trap: trap_request=0xffffff65 fr.pc=0x000000000527d048
Event: 4.470 Thread 0x0000000004df7000 DEOPT PACKING pc=0x000000000527d048 sp=0x0000000004deeaa0
Event: 4.470 Thread 0x0000000004df7000 DEOPT UNPACKING pc=0x0000000004f3556a sp=0x0000000004deea28 mode 2
Event: 4.483 Thread 0x0000000004df7000 Uncommon trap: trap_request=0xffffff65 fr.pc=0x000000000527b4e8
Event: 4.483 Executing VM operation: RevokeBias
Event: 4.483 Executing VM operation: RevokeBias done
Event: 4.483 Thread 0x0000000004df7000 DEOPT PACKING pc=0x000000000527b4e8 sp=0x0000000004def1c0
Event: 4.483 Thread 0x0000000004df7000 DEOPT UNPACKING pc=0x0000000004f3556a sp=0x0000000004def170 mode 2


Dynamic libraries:
0x00007ff62eef0000 - 0x00007ff62ef21000 	C:\Program Files\Android\Android Studio\jre\bin\java.exe
0x00007ffa4b720000 - 0x00007ffa4b900000 	C:\Windows\SYSTEM32\ntdll.dll
0x00007ffa4ad40000 - 0x00007ffa4adee000 	C:\Windows\System32\KERNEL32.DLL
0x00007ffa48860000 - 0x00007ffa48ac6000 	C:\Windows\System32\KERNELBASE.dll
0x00007ffa4ac00000 - 0x00007ffa4aca1000 	C:\Windows\System32\ADVAPI32.dll
0x00007ffa4b5e0000 - 0x00007ffa4b67d000 	C:\Windows\System32\msvcrt.dll
0x00007ffa4b680000 - 0x00007ffa4b6db000 	C:\Windows\System32\sechost.dll
0x00007ffa4a480000 - 0x00007ffa4a59f000 	C:\Windows\System32\RPCRT4.dll
0x00007ffa4b110000 - 0x00007ffa4b29f000 	C:\Windows\System32\USER32.dll
0x00007ffa48ad0000 - 0x00007ffa48af0000 	C:\Windows\System32\win32u.dll
0x00007ffa4a8a0000 - 0x00007ffa4a8c8000 	C:\Windows\System32\GDI32.dll
0x00007ffa47bd0000 - 0x00007ffa47d63000 	C:\Windows\System32\gdi32full.dll
0x00007ffa48b50000 - 0x00007ffa48beb000 	C:\Windows\System32\msvcp_win.dll
0x00007ffa48590000 - 0x00007ffa48686000 	C:\Windows\System32\ucrtbase.dll
0x00007ffa398b0000 - 0x00007ffa39b19000 	C:\Windows\WinSxS\amd64_microsoft.windows.common-controls_6595b64144ccf1df_6.0.16299.334_none_15cad2e69362ed51\COMCTL32.dll
0x00007ffa4b2a0000 - 0x00007ffa4b5a8000 	C:\Windows\System32\combase.dll
0x00007ffa484c0000 - 0x00007ffa48532000 	C:\Windows\System32\bcryptPrimitives.dll
0x00007ffa4b5b0000 - 0x00007ffa4b5dd000 	C:\Windows\System32\IMM32.DLL
0x00000000663a0000 - 0x0000000066472000 	C:\Program Files\Android\Android Studio\jre\jre\bin\msvcr100.dll
0x0000000066560000 - 0x0000000066d9e000 	C:\Program Files\Android\Android Studio\jre\jre\bin\server\jvm.dll
0x00007ffa4acb0000 - 0x00007ffa4acb8000 	C:\Windows\System32\PSAPI.DLL
0x00007ffa34a10000 - 0x00007ffa34a19000 	C:\Windows\SYSTEM32\WSOCK32.dll
0x00007ffa4a5a0000 - 0x00007ffa4a60c000 	C:\Windows\System32\WS2_32.dll
0x00007ffa3e270000 - 0x00007ffa3e293000 	C:\Windows\SYSTEM32\WINMM.dll
0x00007ffa3d970000 - 0x00007ffa3d97a000 	C:\Windows\SYSTEM32\VERSION.dll
0x00007ffa3dbf0000 - 0x00007ffa3dc1a000 	C:\Windows\SYSTEM32\WINMMBASE.dll
0x00007ffa48540000 - 0x00007ffa4858a000 	C:\Windows\System32\cfgmgr32.dll
0x00007ffa44520000 - 0x00007ffa4452f000 	C:\Program Files\Android\Android Studio\jre\jre\bin\verify.dll
0x00007ffa444f0000 - 0x00007ffa44519000 	C:\Program Files\Android\Android Studio\jre\jre\bin\java.dll
0x00007ffa444d0000 - 0x00007ffa444e6000 	C:\Program Files\Android\Android Studio\jre\jre\bin\zip.dll
0x00007ffa49040000 - 0x00007ffa4a476000 	C:\Windows\System32\SHELL32.dll
0x00007ffa4a790000 - 0x00007ffa4a836000 	C:\Windows\System32\shcore.dll
0x00007ffa47d70000 - 0x00007ffa484b7000 	C:\Windows\System32\windows.storage.dll
0x00007ffa4a840000 - 0x00007ffa4a891000 	C:\Windows\System32\shlwapi.dll
0x00007ffa47a70000 - 0x00007ffa47a81000 	C:\Windows\System32\kernel.appcore.dll
0x00007ffa47a90000 - 0x00007ffa47adc000 	C:\Windows\System32\powrprof.dll
0x00007ffa47ae0000 - 0x00007ffa47afb000 	C:\Windows\System32\profapi.dll
0x00007ffa474c0000 - 0x00007ffa474d7000 	C:\Windows\SYSTEM32\CRYPTSP.dll
0x00007ffa46f00000 - 0x00007ffa46f33000 	C:\Windows\system32\rsaenh.dll
0x00007ffa475d0000 - 0x00007ffa475f5000 	C:\Windows\SYSTEM32\bcrypt.dll
0x00007ffa479a0000 - 0x00007ffa479c9000 	C:\Windows\SYSTEM32\USERENV.dll
0x00007ffa474e0000 - 0x00007ffa474eb000 	C:\Windows\SYSTEM32\CRYPTBASE.dll
0x00007ffa444b0000 - 0x00007ffa444ca000 	C:\Program Files\Android\Android Studio\jre\jre\bin\net.dll
0x00007ffa47300000 - 0x00007ffa47366000 	C:\Windows\system32\mswsock.dll
0x00007ffa47090000 - 0x00007ffa470c9000 	C:\Windows\SYSTEM32\IPHLPAPI.DLL
0x00007ffa4a720000 - 0x00007ffa4a728000 	C:\Windows\System32\NSI.dll
0x00007ffa43420000 - 0x00007ffa43436000 	C:\Windows\SYSTEM32\dhcpcsvc6.DLL
0x00007ffa436f0000 - 0x00007ffa4370a000 	C:\Windows\SYSTEM32\dhcpcsvc.DLL
0x00007ffa44490000 - 0x00007ffa444a1000 	C:\Program Files\Android\Android Studio\jre\jre\bin\nio.dll

VM Arguments:
jvm_args: -Djava.awt.headless=true -Xmx64M -Dfile.encoding=windows-1256 -Duser.country=US -Duser.language=en -Duser.variant 
java_command: com.google.devtools.build.android.desugar.Desugar --input C:\Users\MSI\Desktop\SimsimInstantOrder_V1_S\SimsimInstantOrder_V1\app\build\intermediates\transforms\stackFramesFixer\debug\61.jar --output C:\Users\MSI\Desktop\SimsimInstantOrder_V1_S\SimsimInstantOrder_V1\app\build\intermediates\transforms\desugar\debug\62.jar --input C:\Users\MSI\Desktop\SimsimInstantOrder_V1_S\SimsimInstantOrder_V1\app\build\intermediates\transforms\stackFramesFixer\debug\25.jar --output C:\Users\MSI\Desktop\SimsimInstantOrder_V1_S\SimsimInstantOrder_V1\app\build\intermediates\transforms\desugar\debug\26.jar --input C:\Users\MSI\Desktop\SimsimInstantOrder_V1_S\SimsimInstantOrder_V1\app\build\intermediates\transforms\stackFramesFixer\debug\1.jar --output C:\Users\MSI\Desktop\SimsimInstantOrder_V1_S\SimsimInstantOrder_V1\app\build\intermediates\transforms\desugar\debug\2.jar --input C:\Users\MSI\Desktop\SimsimInstantOrder_V1_S\SimsimInstantOrder_V1\app\build\intermediates\transforms\stackFramesFixer\debug\23.jar --output C:\Users\MSI\Desktop\SimsimInstantOrder_V1_S\SimsimInstantOrder_V1\app\build\intermediates\transforms\desugar\debug\24.jar --input C:\Users\MSI\Desktop\SimsimInstantOrder_V1_S\SimsimInstantOrder_V1\app\build\intermediates\transforms\stackFramesFixer\debug\37.jar --output C:\Users\MSI\Desktop\SimsimInstantOrder_V1_S\SimsimInstantOrder_V1\app\build\intermediates\transforms\desugar\debug\38.jar --input C:\Users\MSI\Desktop\SimsimInstantOrder_V1_S\SimsimInstantOrder_V1\app\build\intermediates\transforms\stackFramesFixer\debug\52.jar --output C:\Users\MSI\Desktop\SimsimInstantOrder_V1_S\SimsimInstantOrder_V1\app\build\intermediates\transforms\desugar\debug\53.jar --input C:\Users\MSI\Desktop\SimsimInstantOrder_V1_S\SimsimInstantOrder_V1\app\build\intermediates\transforms\stackFramesFixer\debug\58.jar --output C:\Users\MSI\Desktop\SimsimInstantOrder_V1_S\SimsimInstantOrder_V1\app\build\intermediates\transforms\desugar\debug\59.jar --input C:\Users\MSI\Desktop\Sim
java_class_path (initial): C:\Users\MSI\AppData\Local\Temp\desugar_deploy.jar3681423725215160077
Launcher Type: SUN_STANDARD

Environment Variables:
JAVA_HOME=C:\Program Files\Java\jdk1.8.0_112
PATH=C:\Windows\system32;C:\Windows;C:\Windows\System32\Wbem;C:\Windows\System32\WindowsPowerShell\v1.0\;C:\Program Files (x86)\NVIDIA Corporation\PhysX\Common;C:\Program Files\Intel\WiFi\bin\;C:\Program Files\Common Files\Intel\WirelessCommon\;C:\Program Files (x86)\Skype\Phone\;C:\Users\MSI\AppData\Local\Microsoft\WindowsApps;C:\Program Files\Intel\WiFi\bin\;C:\Program Files\Common Files\Intel\WirelessCommon\;C:\Users\MSI\AppData\Local\GitHubDesktop\bin
USERNAME=MSI
OS=Windows_NT
PROCESSOR_IDENTIFIER=Intel64 Family 6 Model 158 Stepping 9, GenuineIntel



---------------  S Y S T E M  ---------------

OS: Windows 10.0 , 64 bit Build 16299 (10.0.16299.15)

CPU:total 8 (initial active 8) (4 cores per cpu, 2 threads per core) family 6 model 158 stepping 9, cmov, cx8, fxsr, mmx, sse, sse2, sse3, ssse3, sse4.1, sse4.2, popcnt, avx, avx2, aes, clmul, erms, 3dnowpref, lzcnt, ht, tsc, tscinvbit, bmi1, bmi2, adx

Memory: 4k page, physical 8274616k(518320k free), swap 23825076k(1280k free)

vm_info: OpenJDK 64-Bit Server VM (25.152-b01) for windows-amd64 JRE (1.8.0_152-release-915-b01), built by "builder" with MS VC++ 10.0 (VS2010)

time: Sun Mar 25 14:58:55 2018
elapsed time: 4 seconds (0d 0h 0m 4s)

