#
# There is insufficient memory for the Java Runtime Environment to continue.
# Native memory allocation (malloc) failed to allocate 336336 bytes for Chunk::new
# Possible reasons:
#   The system is out of physical RAM or swap space
#   In 32 bit mode, the process size limit was hit
# Possible solutions:
#   Reduce memory load on the system
#   Increase physical memory or swap space
#   Check if swap backing store is full
#   Use 64 bit Java on a 64 bit OS
#   Decrease Java heap size (-Xmx/-Xms)
#   Decrease number of Java threads
#   Decrease Java thread stack sizes (-Xss)
#   Set larger code cache with -XX:ReservedCodeCacheSize=
# This output file may be truncated or incomplete.
#
#  Out of Memory Error (allocation.cpp:390), pid=19416, tid=0x0000000000003e7c
#
# JRE version: OpenJDK Runtime Environment (8.0_152-b01) (build 1.8.0_152-release-915-b01)
# Java VM: OpenJDK 64-Bit Server VM (25.152-b01 mixed mode windows-amd64 compressed oops)
# Failed to write core dump. Minidumps are not enabled by default on client versions of Windows
#

---------------  T H R E A D  ---------------

Current thread (0x0000000017bc5800):  JavaThread "C2 CompilerThread0" daemon [_thread_in_native, id=15996, stack(0x0000000018480000,0x0000000018580000)]

Stack: [0x0000000018480000,0x0000000018580000]
[error occurred during error reporting (printing stack bounds), id 0xc0000005]

Native frames: (J=compiled Java code, j=interpreted, Vv=VM code, C=native code)


Current CompileTask:
C2:   3581 1107       4       org.objectweb.asm.ClassReader::a (500 bytes)


---------------  P R O C E S S  ---------------

Java Threads: ( => current thread )
  0x0000000017c9e000 JavaThread "Service Thread" daemon [_thread_blocked, id=19224, stack(0x0000000018880000,0x0000000018980000)]
  0x0000000017c14000 JavaThread "C1 CompilerThread3" daemon [_thread_blocked, id=20360, stack(0x0000000018780000,0x0000000018880000)]
  0x0000000017bcb000 JavaThread "C2 CompilerThread2" daemon [_thread_in_native, id=19516, stack(0x0000000018680000,0x0000000018780000)]
  0x0000000017bc8800 JavaThread "C2 CompilerThread1" daemon [_thread_in_native, id=16800, stack(0x0000000018580000,0x0000000018680000)]
=>0x0000000017bc5800 JavaThread "C2 CompilerThread0" daemon [_thread_in_native, id=15996, stack(0x0000000018480000,0x0000000018580000)]
  0x0000000017bc4000 JavaThread "Attach Listener" daemon [_thread_blocked, id=16300, stack(0x0000000018380000,0x0000000018480000)]
  0x0000000017c11800 JavaThread "Signal Dispatcher" daemon [_thread_blocked, id=2608, stack(0x0000000018280000,0x0000000018380000)]
  0x0000000017bb0800 JavaThread "Finalizer" daemon [_thread_blocked, id=19824, stack(0x0000000017f90000,0x0000000018090000)]
  0x0000000015cb8800 JavaThread "Reference Handler" daemon [_thread_blocked, id=18124, stack(0x0000000017a90000,0x0000000017b90000)]
  0x0000000005417000 JavaThread "main" [_thread_in_vm, id=20184, stack(0x0000000005310000,0x0000000005410000)]

Other Threads:
  0x000000000550d800 VMThread [stack: 0x0000000017990000,0x0000000017a90000] [id=19936]
  0x0000000017c9f000 WatcherThread [stack: 0x0000000018980000,0x0000000018a80000] [id=17924]

VM state:not at safepoint (normal execution)

VM Mutex/Monitor currently owned by a thread: None

Heap:
 PSYoungGen      total 18944K, used 5521K [0x00000000feb00000, 0x0000000100000000, 0x0000000100000000)
  eden space 16384K, 18% used [0x00000000feb00000,0x00000000fedea718,0x00000000ffb00000)
  from space 2560K, 99% used [0x00000000ffb00000,0x00000000ffd79e00,0x00000000ffd80000)
  to   space 2560K, 0% used [0x00000000ffd80000,0x00000000ffd80000,0x0000000100000000)
 ParOldGen       total 44032K, used 6097K [0x00000000fc000000, 0x00000000feb00000, 0x00000000feb00000)
  object space 44032K, 13% used [0x00000000fc000000,0x00000000fc5f4570,0x00000000feb00000)
 Metaspace       used 7933K, capacity 8076K, committed 8192K, reserved 1056768K
  class space    used 907K, capacity 988K, committed 1024K, reserved 1048576K

Card table byte_map: [0x0000000005230000,0x0000000005260000] byte_map_base: 0x0000000004a50000

Marking Bits: (ParMarkBitMap*) 0x0000000066d23950
 Begin Bits: [0x00000000150d0000, 0x00000000151d0000)
 End Bits:   [0x00000000151d0000, 0x00000000152d0000)

Polling page: 0x00000000033b0000

CodeCache: size=245760Kb used=4069Kb max_used=4069Kb free=241690Kb
 bounds [0x0000000005510000, 0x0000000005910000, 0x0000000014510000]
 total_blobs=1453 nmethods=1120 adapters=246
 compilation: enabled

Compilation events (10 events):
Event: 3.575 Thread 0x0000000017c14000 nmethod 1115 0x0000000005905ad0 code [0x0000000005905c40, 0x0000000005905eb0]
Event: 3.575 Thread 0x0000000017c14000 1116       3       sun.util.calendar.CalendarDate::setLeapYear (6 bytes)
Event: 3.575 Thread 0x0000000017c14000 nmethod 1116 0x00000000059057d0 code [0x0000000005905920, 0x0000000005905a70]
Event: 3.576 Thread 0x0000000017c14000 1117       1       org.objectweb.asm.MethodWriter::visitEnd (1 bytes)
Event: 3.576 Thread 0x0000000017bcb000 1118       4       org.objectweb.asm.Type::getArgumentsAndReturnSizes (151 bytes)
Event: 3.576 Thread 0x0000000017c14000 nmethod 1117 0x0000000005905510 code [0x0000000005905660, 0x0000000005905770]
Event: 3.577 Thread 0x0000000017c14000 1120       3       org.objectweb.asm.AnnotationVisitor::<init> (7 bytes)
Event: 3.577 Thread 0x0000000017c14000 nmethod 1120 0x0000000005904e90 code [0x0000000005905020, 0x0000000005905388]
Event: 3.577 Thread 0x0000000017c14000 1121       3       org.objectweb.asm.AnnotationVisitor::<init> (35 bytes)
Event: 3.577 Thread 0x0000000017c14000 nmethod 1121 0x0000000005904910 code [0x0000000005904a80, 0x0000000005904d88]

GC Heap History (6 events):
Event: 1.729 GC heap before
{Heap before GC invocations=1 (full 0):
 PSYoungGen      total 18944K, used 16384K [0x00000000feb00000, 0x0000000100000000, 0x0000000100000000)
  eden space 16384K, 100% used [0x00000000feb00000,0x00000000ffb00000,0x00000000ffb00000)
  from space 2560K, 0% used [0x00000000ffd80000,0x00000000ffd80000,0x0000000100000000)
  to   space 2560K, 0% used [0x00000000ffb00000,0x00000000ffb00000,0x00000000ffd80000)
 ParOldGen       total 44032K, used 0K [0x00000000fc000000, 0x00000000feb00000, 0x00000000feb00000)
  object space 44032K, 0% used [0x00000000fc000000,0x00000000fc000000,0x00000000feb00000)
 Metaspace       used 6604K, capacity 6746K, committed 7040K, reserved 1056768K
  class space    used 772K, capacity 823K, committed 896K, reserved 1048576K
Event: 1.776 GC heap after
Heap after GC invocations=1 (full 0):
 PSYoungGen      total 18944K, used 2538K [0x00000000feb00000, 0x0000000100000000, 0x0000000100000000)
  eden space 16384K, 0% used [0x00000000feb00000,0x00000000feb00000,0x00000000ffb00000)
  from space 2560K, 99% used [0x00000000ffb00000,0x00000000ffd7aa18,0x00000000ffd80000)
  to   space 2560K, 0% used [0x00000000ffd80000,0x00000000ffd80000,0x0000000100000000)
 ParOldGen       total 44032K, used 1600K [0x00000000fc000000, 0x00000000feb00000, 0x00000000feb00000)
  object space 44032K, 3% used [0x00000000fc000000,0x00000000fc190140,0x00000000feb00000)
 Metaspace       used 6604K, capacity 6746K, committed 7040K, reserved 1056768K
  class space    used 772K, capacity 823K, committed 896K, reserved 1048576K
}
Event: 2.444 GC heap before
{Heap before GC invocations=2 (full 0):
 PSYoungGen      total 18944K, used 18922K [0x00000000feb00000, 0x0000000100000000, 0x0000000100000000)
  eden space 16384K, 100% used [0x00000000feb00000,0x00000000ffb00000,0x00000000ffb00000)
  from space 2560K, 99% used [0x00000000ffb00000,0x00000000ffd7aa18,0x00000000ffd80000)
  to   space 2560K, 0% used [0x00000000ffd80000,0x00000000ffd80000,0x0000000100000000)
 ParOldGen       total 44032K, used 1600K [0x00000000fc000000, 0x00000000feb00000, 0x00000000feb00000)
  object space 44032K, 3% used [0x00000000fc000000,0x00000000fc190140,0x00000000feb00000)
 Metaspace       used 6975K, capacity 7116K, committed 7296K, reserved 1056768K
  class space    used 818K, capacity 860K, committed 896K, reserved 1048576K
Event: 2.467 GC heap after
Heap after GC invocations=2 (full 0):
 PSYoungGen      total 18944K, used 2529K [0x00000000feb00000, 0x0000000100000000, 0x0000000100000000)
  eden space 16384K, 0% used [0x00000000feb00000,0x00000000feb00000,0x00000000ffb00000)
  from space 2560K, 98% used [0x00000000ffd80000,0x00000000ffff87f8,0x0000000100000000)
  to   space 2560K, 0% used [0x00000000ffb00000,0x00000000ffb00000,0x00000000ffd80000)
 ParOldGen       total 44032K, used 5205K [0x00000000fc000000, 0x00000000feb00000, 0x00000000feb00000)
  object space 44032K, 11% used [0x00000000fc000000,0x00000000fc515658,0x00000000feb00000)
 Metaspace       used 6975K, capacity 7116K, committed 7296K, reserved 1056768K
  class space    used 818K, capacity 860K, committed 896K, reserved 1048576K
}
Event: 3.397 GC heap before
{Heap before GC invocations=3 (full 0):
 PSYoungGen      total 18944K, used 18913K [0x00000000feb00000, 0x0000000100000000, 0x0000000100000000)
  eden space 16384K, 100% used [0x00000000feb00000,0x00000000ffb00000,0x00000000ffb00000)
  from space 2560K, 98% used [0x00000000ffd80000,0x00000000ffff87f8,0x0000000100000000)
  to   space 2560K, 0% used [0x00000000ffb00000,0x00000000ffb00000,0x00000000ffd80000)
 ParOldGen       total 44032K, used 5205K [0x00000000fc000000, 0x00000000feb00000, 0x00000000feb00000)
  object space 44032K, 11% used [0x00000000fc000000,0x00000000fc515658,0x00000000feb00000)
 Metaspace       used 7922K, capacity 8076K, committed 8192K, reserved 1056768K
  class space    used 907K, capacity 988K, committed 1024K, reserved 1048576K
Event: 3.554 GC heap after
Heap after GC invocations=3 (full 0):
 PSYoungGen      total 18944K, used 2535K [0x00000000feb00000, 0x0000000100000000, 0x0000000100000000)
  eden space 16384K, 0% used [0x00000000feb00000,0x00000000feb00000,0x00000000ffb00000)
  from space 2560K, 99% used [0x00000000ffb00000,0x00000000ffd79e00,0x00000000ffd80000)
  to   space 2560K, 0% used [0x00000000ffd80000,0x00000000ffd80000,0x0000000100000000)
 ParOldGen       total 44032K, used 6097K [0x00000000fc000000, 0x00000000feb00000, 0x00000000feb00000)
  object space 44032K, 13% used [0x00000000fc000000,0x00000000fc5f4570,0x00000000feb00000)
 Metaspace       used 7922K, capacity 8076K, committed 8192K, reserved 1056768K
  class space    used 907K, capacity 988K, committed 1024K, reserved 1048576K
}

Deoptimization events (10 events):
Event: 2.524 Thread 0x0000000005417000 Uncommon trap: reason=class_check action=maybe_recompile pc=0x0000000005750b58 method=com.google.common.collect.TransformedIterator.next()Ljava/lang/Object; @ 5
Event: 2.524 Thread 0x0000000005417000 Uncommon trap: reason=class_check action=maybe_recompile pc=0x0000000005738150 method=com.google.common.collect.Iterators$7.transform(Ljava/lang/Object;)Ljava/lang/Object; @ 5
Event: 2.656 Thread 0x0000000005417000 Uncommon trap: reason=unstable_if action=reinterpret pc=0x0000000005705870 method=java.lang.String.indexOf([CII[CIII)I @ 134
Event: 2.694 Thread 0x0000000005417000 Uncommon trap: reason=unstable_if action=reinterpret pc=0x00000000056d1a38 method=java.lang.String.<init>([CII)V @ 18
Event: 2.756 Thread 0x0000000005417000 Uncommon trap: reason=unstable_if action=reinterpret pc=0x00000000057fdfd0 method=java.lang.String.<init>([CII)V @ 18
Event: 2.786 Thread 0x0000000005417000 Uncommon trap: reason=unstable_if action=reinterpret pc=0x0000000005859998 method=org.objectweb.asm.Item.a(Lorg/objectweb/asm/Item;)Z @ 345
Event: 3.382 Thread 0x0000000005417000 Uncommon trap: reason=unstable_if action=reinterpret pc=0x00000000058a5670 method=org.objectweb.asm.Type.getArgumentsAndReturnSizes(Ljava/lang/String;)I @ 100
Event: 3.558 Thread 0x0000000005417000 Uncommon trap: reason=unstable_if action=reinterpret pc=0x00000000058c8d34 method=org.objectweb.asm.tree.MethodNode.getLabelNodes([Ljava/lang/Object;)[Ljava/lang/Object; @ 24
Event: 3.565 Thread 0x0000000005417000 Uncommon trap: reason=null_check action=make_not_entrant pc=0x00000000058ff8e0 method=com.google.devtools.build.android.desugar.InterfaceDesugaring$InterfaceInvocationRewriter.visitMethodInsn(ILjava/lang/String;Ljava/lang/String;Ljava/lang/String;Z)V @ 10
Event: 3.565 Thread 0x0000000005417000 Uncommon trap: reason=null_check action=make_not_entrant pc=0x0000000005906b40 method=com.google.devtools.build.android.desugar.InterfaceDesugaring$InterfaceInvocationRewriter.visitMethodInsn(ILjava/lang/String;Ljava/lang/String;Ljava/lang/String;Z)V @ 10

Classes redefined (0 events):
No events

Internal exceptions (10 events):
Event: 1.906 Thread 0x0000000005417000 Exception <a 'sun/nio/fs/WindowsException'> (0x00000000ff1a7130) thrown at [D:\src\AOSP-openjdk-cygwin\jdk8u\hotspot\src\share\vm\prims\jni.cpp, line 709]
Event: 1.906 Thread 0x0000000005417000 Exception <a 'sun/nio/fs/WindowsException'> (0x00000000ff1a76f8) thrown at [D:\src\AOSP-openjdk-cygwin\jdk8u\hotspot\src\share\vm\prims\jni.cpp, line 709]
Event: 1.906 Thread 0x0000000005417000 Exception <a 'sun/nio/fs/WindowsException'> (0x00000000ff1a7eb8) thrown at [D:\src\AOSP-openjdk-cygwin\jdk8u\hotspot\src\share\vm\prims\jni.cpp, line 709]
Event: 1.906 Thread 0x0000000005417000 Exception <a 'sun/nio/fs/WindowsException'> (0x00000000ff1a8458) thrown at [D:\src\AOSP-openjdk-cygwin\jdk8u\hotspot\src\share\vm\prims\jni.cpp, line 709]
Event: 1.906 Thread 0x0000000005417000 Exception <a 'sun/nio/fs/WindowsException'> (0x00000000ff1a8c08) thrown at [D:\src\AOSP-openjdk-cygwin\jdk8u\hotspot\src\share\vm\prims\jni.cpp, line 709]
Event: 1.924 Thread 0x0000000005417000 Exception <a 'sun/nio/fs/WindowsException'> (0x00000000ff1adf48) thrown at [D:\src\AOSP-openjdk-cygwin\jdk8u\hotspot\src\share\vm\prims\jni.cpp, line 709]
Event: 2.438 Thread 0x0000000005417000 Exception <a 'sun/nio/fs/WindowsException'> (0x00000000ffae3188) thrown at [D:\src\AOSP-openjdk-cygwin\jdk8u\hotspot\src\share\vm\prims\jni.cpp, line 709]
Event: 2.438 Thread 0x0000000005417000 Exception <a 'sun/nio/fs/WindowsException'> (0x00000000ffae3758) thrown at [D:\src\AOSP-openjdk-cygwin\jdk8u\hotspot\src\share\vm\prims\jni.cpp, line 709]
Event: 3.565 Thread 0x0000000005417000 Implicit null exception at 0x00000000058ff5b2 to 0x00000000058ff8c1
Event: 3.565 Thread 0x0000000005417000 Implicit null exception at 0x00000000059061dc to 0x0000000005906b21

Events (10 events):
Event: 3.554 Executing VM operation: ParallelGCFailedAllocation done
Event: 3.558 Thread 0x0000000005417000 Uncommon trap: trap_request=0xffffff65 fr.pc=0x00000000058c8d34
Event: 3.558 Thread 0x0000000005417000 DEOPT PACKING pc=0x00000000058c8d34 sp=0x000000000540e500
Event: 3.558 Thread 0x0000000005417000 DEOPT UNPACKING pc=0x000000000555556a sp=0x000000000540e490 mode 2
Event: 3.565 Thread 0x0000000005417000 Uncommon trap: trap_request=0xfffffff4 fr.pc=0x00000000058ff8e0
Event: 3.565 Thread 0x0000000005417000 DEOPT PACKING pc=0x00000000058ff8e0 sp=0x000000000540e720
Event: 3.565 Thread 0x0000000005417000 DEOPT UNPACKING pc=0x000000000555556a sp=0x000000000540e6a0 mode 2
Event: 3.565 Thread 0x0000000005417000 Uncommon trap: trap_request=0xfffffff4 fr.pc=0x0000000005906b40
Event: 3.565 Thread 0x0000000005417000 DEOPT PACKING pc=0x0000000005906b40 sp=0x000000000540e760
Event: 3.565 Thread 0x0000000005417000 DEOPT UNPACKING pc=0x000000000555556a sp=0x000000000540e6a0 mode 2


Dynamic libraries:
0x00007ff62eef0000 - 0x00007ff62ef21000 	C:\Program Files\Android\Android Studio\jre\bin\java.exe
0x00007ffa4b720000 - 0x00007ffa4b900000 	C:\Windows\SYSTEM32\ntdll.dll
0x00007ffa4ad40000 - 0x00007ffa4adee000 	C:\Windows\System32\KERNEL32.DLL
0x00007ffa48860000 - 0x00007ffa48ac6000 	C:\Windows\System32\KERNELBASE.dll
0x00007ffa4ac00000 - 0x00007ffa4aca1000 	C:\Windows\System32\ADVAPI32.dll
0x00007ffa4b5e0000 - 0x00007ffa4b67d000 	C:\Windows\System32\msvcrt.dll
0x00007ffa4b680000 - 0x00007ffa4b6db000 	C:\Windows\System32\sechost.dll
0x00007ffa4a480000 - 0x00007ffa4a59f000 	C:\Windows\System32\RPCRT4.dll
0x00007ffa4b110000 - 0x00007ffa4b29f000 	C:\Windows\System32\USER32.dll
0x00007ffa48ad0000 - 0x00007ffa48af0000 	C:\Windows\System32\win32u.dll
0x00007ffa4a8a0000 - 0x00007ffa4a8c8000 	C:\Windows\System32\GDI32.dll
0x00007ffa47bd0000 - 0x00007ffa47d63000 	C:\Windows\System32\gdi32full.dll
0x00007ffa48b50000 - 0x00007ffa48beb000 	C:\Windows\System32\msvcp_win.dll
0x00007ffa48590000 - 0x00007ffa48686000 	C:\Windows\System32\ucrtbase.dll
0x00007ffa398b0000 - 0x00007ffa39b19000 	C:\Windows\WinSxS\amd64_microsoft.windows.common-controls_6595b64144ccf1df_6.0.16299.334_none_15cad2e69362ed51\COMCTL32.dll
0x00007ffa4b2a0000 - 0x00007ffa4b5a8000 	C:\Windows\System32\combase.dll
0x00007ffa484c0000 - 0x00007ffa48532000 	C:\Windows\System32\bcryptPrimitives.dll
0x00007ffa4b5b0000 - 0x00007ffa4b5dd000 	C:\Windows\System32\IMM32.DLL
0x00000000663a0000 - 0x0000000066472000 	C:\Program Files\Android\Android Studio\jre\jre\bin\msvcr100.dll
0x0000000066560000 - 0x0000000066d9e000 	C:\Program Files\Android\Android Studio\jre\jre\bin\server\jvm.dll
0x00007ffa4acb0000 - 0x00007ffa4acb8000 	C:\Windows\System32\PSAPI.DLL
0x00007ffa3d970000 - 0x00007ffa3d97a000 	C:\Windows\SYSTEM32\VERSION.dll
0x00007ffa3e270000 - 0x00007ffa3e293000 	C:\Windows\SYSTEM32\WINMM.dll
0x00007ffa34a10000 - 0x00007ffa34a19000 	C:\Windows\SYSTEM32\WSOCK32.dll
0x00007ffa4a5a0000 - 0x00007ffa4a60c000 	C:\Windows\System32\WS2_32.dll
0x00007ffa3dbf0000 - 0x00007ffa3dc1a000 	C:\Windows\SYSTEM32\winmmbase.dll
0x00007ffa48540000 - 0x00007ffa4858a000 	C:\Windows\System32\cfgmgr32.dll
0x00007ffa44520000 - 0x00007ffa4452f000 	C:\Program Files\Android\Android Studio\jre\jre\bin\verify.dll
0x00007ffa444f0000 - 0x00007ffa44519000 	C:\Program Files\Android\Android Studio\jre\jre\bin\java.dll
0x00007ffa444d0000 - 0x00007ffa444e6000 	C:\Program Files\Android\Android Studio\jre\jre\bin\zip.dll
0x00007ffa49040000 - 0x00007ffa4a476000 	C:\Windows\System32\SHELL32.dll
0x00007ffa4a790000 - 0x00007ffa4a836000 	C:\Windows\System32\shcore.dll
0x00007ffa47d70000 - 0x00007ffa484b7000 	C:\Windows\System32\windows.storage.dll
0x00007ffa4a840000 - 0x00007ffa4a891000 	C:\Windows\System32\shlwapi.dll
0x00007ffa47a70000 - 0x00007ffa47a81000 	C:\Windows\System32\kernel.appcore.dll
0x00007ffa47a90000 - 0x00007ffa47adc000 	C:\Windows\System32\powrprof.dll
0x00007ffa47ae0000 - 0x00007ffa47afb000 	C:\Windows\System32\profapi.dll
0x00007ffa474c0000 - 0x00007ffa474d7000 	C:\Windows\SYSTEM32\CRYPTSP.dll
0x00007ffa46f00000 - 0x00007ffa46f33000 	C:\Windows\system32\rsaenh.dll
0x00007ffa475d0000 - 0x00007ffa475f5000 	C:\Windows\SYSTEM32\bcrypt.dll
0x00007ffa479a0000 - 0x00007ffa479c9000 	C:\Windows\SYSTEM32\USERENV.dll
0x00007ffa474e0000 - 0x00007ffa474eb000 	C:\Windows\SYSTEM32\CRYPTBASE.dll
0x00007ffa444b0000 - 0x00007ffa444ca000 	C:\Program Files\Android\Android Studio\jre\jre\bin\net.dll
0x00007ffa47300000 - 0x00007ffa47366000 	C:\Windows\system32\mswsock.dll
0x00007ffa47090000 - 0x00007ffa470c9000 	C:\Windows\SYSTEM32\IPHLPAPI.DLL
0x00007ffa4a720000 - 0x00007ffa4a728000 	C:\Windows\System32\NSI.dll
0x00007ffa43420000 - 0x00007ffa43436000 	C:\Windows\SYSTEM32\dhcpcsvc6.DLL
0x00007ffa436f0000 - 0x00007ffa4370a000 	C:\Windows\SYSTEM32\dhcpcsvc.DLL
0x00007ffa44490000 - 0x00007ffa444a1000 	C:\Program Files\Android\Android Studio\jre\jre\bin\nio.dll

VM Arguments:
jvm_args: -Djava.awt.headless=true -Xmx64M -Dfile.encoding=windows-1256 -Duser.country=US -Duser.language=en -Duser.variant 
java_command: com.google.devtools.build.android.desugar.Desugar --input C:\Users\MSI\Desktop\SimsimInstantOrder_V1_S\SimsimInstantOrder_V1\app\build\intermediates\transforms\stackFramesFixer\debug\36.jar --output C:\Users\MSI\Desktop\SimsimInstantOrder_V1_S\SimsimInstantOrder_V1\app\build\intermediates\transforms\desugar\debug\37.jar --input C:\Users\MSI\Desktop\SimsimInstantOrder_V1_S\SimsimInstantOrder_V1\app\build\intermediates\transforms\stackFramesFixer\debug\59.jar --output C:\Users\MSI\Desktop\SimsimInstantOrder_V1_S\SimsimInstantOrder_V1\app\build\intermediates\transforms\desugar\debug\60.jar --input C:\Users\MSI\Desktop\SimsimInstantOrder_V1_S\SimsimInstantOrder_V1\app\build\intermediates\transforms\stackFramesFixer\debug\30.jar --output C:\Users\MSI\Desktop\SimsimInstantOrder_V1_S\SimsimInstantOrder_V1\app\build\intermediates\transforms\desugar\debug\31.jar --input C:\Users\MSI\Desktop\SimsimInstantOrder_V1_S\SimsimInstantOrder_V1\app\build\intermediates\transforms\stackFramesFixer\debug\32.jar --output C:\Users\MSI\Desktop\SimsimInstantOrder_V1_S\SimsimInstantOrder_V1\app\build\intermediates\transforms\desugar\debug\33.jar --input C:\Users\MSI\Desktop\SimsimInstantOrder_V1_S\SimsimInstantOrder_V1\app\build\intermediates\transforms\stackFramesFixer\debug\62.jar --output C:\Users\MSI\Desktop\SimsimInstantOrder_V1_S\SimsimInstantOrder_V1\app\build\intermediates\transforms\desugar\debug\63.jar --input C:\Users\MSI\Desktop\SimsimInstantOrder_V1_S\SimsimInstantOrder_V1\app\build\intermediates\transforms\stackFramesFixer\debug\58.jar --output C:\Users\MSI\Desktop\SimsimInstantOrder_V1_S\SimsimInstantOrder_V1\app\build\intermediates\transforms\desugar\debug\59.jar --input C:\Users\MSI\Desktop\SimsimInstantOrder_V1_S\SimsimInstantOrder_V1\app\build\intermediates\transforms\stackFramesFixer\debug\45.jar --output C:\Users\MSI\Desktop\SimsimInstantOrder_V1_S\SimsimInstantOrder_V1\app\build\intermediates\transforms\desugar\debug\46.jar --input C:\Users\MSI\Desktop\S
java_class_path (initial): C:\Users\MSI\AppData\Local\Temp\desugar_deploy.jar3681423725215160077
Launcher Type: SUN_STANDARD

Environment Variables:
JAVA_HOME=C:\Program Files\Java\jdk1.8.0_112
PATH=C:\Windows\system32;C:\Windows;C:\Windows\System32\Wbem;C:\Windows\System32\WindowsPowerShell\v1.0\;C:\Program Files (x86)\NVIDIA Corporation\PhysX\Common;C:\Program Files\Intel\WiFi\bin\;C:\Program Files\Common Files\Intel\WirelessCommon\;C:\Program Files (x86)\Skype\Phone\;C:\Users\MSI\AppData\Local\Microsoft\WindowsApps;C:\Program Files\Intel\WiFi\bin\;C:\Program Files\Common Files\Intel\WirelessCommon\;C:\Users\MSI\AppData\Local\GitHubDesktop\bin
USERNAME=MSI
OS=Windows_NT
PROCESSOR_IDENTIFIER=Intel64 Family 6 Model 158 Stepping 9, GenuineIntel



---------------  S Y S T E M  ---------------

OS: Windows 10.0 , 64 bit Build 16299 (10.0.16299.15)

CPU:total 8 (initial active 8) (4 cores per cpu, 2 threads per core) family 6 model 158 stepping 9, cmov, cx8, fxsr, mmx, sse, sse2, sse3, ssse3, sse4.1, sse4.2, popcnt, avx, avx2, aes, clmul, erms, 3dnowpref, lzcnt, ht, tsc, tscinvbit, bmi1, bmi2, adx

Memory: 4k page, physical 8274616k(413812k free), swap 23825076k(6196k free)

vm_info: OpenJDK 64-Bit Server VM (25.152-b01) for windows-amd64 JRE (1.8.0_152-release-915-b01), built by "builder" with MS VC++ 10.0 (VS2010)

time: Sun Mar 25 14:49:45 2018
elapsed time: 3 seconds (0d 0h 0m 3s)

