#
# There is insufficient memory for the Java Runtime Environment to continue.
# Native memory allocation (malloc) failed to allocate 32744 bytes for ChunkPool::allocate
# Possible reasons:
#   The system is out of physical RAM or swap space
#   In 32 bit mode, the process size limit was hit
# Possible solutions:
#   Reduce memory load on the system
#   Increase physical memory or swap space
#   Check if swap backing store is full
#   Use 64 bit Java on a 64 bit OS
#   Decrease Java heap size (-Xmx/-Xms)
#   Decrease number of Java threads
#
#  Out of Memory Error
#
# ]Native frames: (J=compiled Java code, j=interpreted, Vv=VM code, C=native code)


Current CompileTask:
C2:   4030  940       4       org.objectweb.asm.ByteVector::b (64 bytes)


---------------  P R O C E S S  ---------------

Java Threads: ( => current thread )
  0x00000000170e1800 JavaThread "Service Thread" daemon [_thread_blocked, id=14900, stack(0x0000000017c00000,0x0000000017d00000)]
  0x00000000170da800 JavaThread "C1 CompilerThread3" daemon [_thread_in_native, id=20432, stack(0x0000000017b00000,0x0000000017c00000)]
  0x000000001703d000 JavaThread "C2 CompilerThread2" daemon [_thread_in_native, id=6912, stack(0x0000000017a00000,0x0000000017b00000)]
  0x0000000017038800 JavaThread "C2 CompilerThread1" daemon [_thread_blocked, id=19344, stack(0x0000000017900000,0x0000000017a00000)]
=>0x0000000017036800 JavaThread "C2 CompilerThread0" daemon [_thread_in_native, id=18564, stack(0x0000000017800000,0x0000000017900000)]
  0x0000000017035000 JavaThread "Attach Listener" daemon [_thread_blocked, id=5148, stack(0x0000000017700000,0x0000000017800000)]
  0x0000000017081800 JavaThread "Signal Dispatcher" daemon [_thread_blocked, id=20360, stack(0x0000000017600000,0x0000000017700000)]
  0x0000000017020800 JavaThread "Finalizer" daemon [_thread_blocked, id=16300, stack(0x0000000017400000,0x0000000017500000)]
  0x0000000015119800 JavaThread "Reference Handler" daemon [_thread_blocked, id=2608, stack(0x0000000016f00000,0x0000000017000000)]
  0x0000000004877000 JavaThread "main" [_thread_in_native, id=8876, stack(0x0000000004770000,0x0000000004870000)]

Other Threads:
  0x000000000496d800 VMThread [stack: 0x0000000016e00000,0x0000000016f00000] [id=19624]
  0x00000000170e2000 WatcherThread [stack: 0x0000000017d00000,0x0000000017e00000] [id=19616]

VM state:not at safepoint (normal execution)

VM Mutex/Monitor currently owned by a thread: None

Heap:
 PSYoungGen      total 18944K, used 8846K [0x00000000feb00000, 0x0000000100000000, 0x0000000100000000)
  eden space 16384K, 38% used [0x00000000feb00000,0x00000000ff125a68,0x00000000ffb00000)
  from space 2560K, 99% used [0x00000000ffd80000,0x00000000ffffde10,0x0000000100000000)
  to   space 2560K, 0% used [0x00000000ffb00000,0x00000000ffb00000,0x00000000ffd80000)
 ParOldGen       total 44032K, used 5222K [0x00000000fc000000, 0x00000000feb00000, 0x00000000feb00000)
  object space 44032K, 11% used [0x00000000fc000000,0x00000000fc519908,0x00000000feb00000)
 Metaspace       used 7800K, capacity 8012K, committed 8192K, reserved 1056768K
  class space    used 908K, capacity 988K, committed 1024K, reserved 1048576K

Card table byte_map: [0x0000000002d00000,0x0000000002d30000] byte_map_base: 0x0000000002520000

Marking Bits: (ParMarkBitMap*) 0x0000000066d23950
 Begin Bits: [0x0000000014530000, 0x0000000014630000)
 End Bits:   [0x0000000014630000, 0x0000000014730000)

Polling page: 0x00000000005e0000

CodeCache: size=245760Kb used=3384Kb max_used=3384Kb free=242375Kb
 bounds [0x0000000004970000, 0x0000000004cc0000, 0x0000000013970000]
 total_blobs=1270 nmethods=938 adapters=246
 compilation: enabled

Compilation events (10 events):
Event: 2.840 Thread 0x00000000170da800 nmethod 935 0x0000000004cbde90 code [0x0000000004cbe060, 0x0000000004cbe458]
Event: 3.796 Thread 0x00000000170da800  936       3       java.util.LinkedHashMap$LinkedHashIterator::hasNext (13 bytes)
Event: 3.797 Thread 0x00000000170da800 nmethod 936 0x0000000004cb2f50 code [0x0000000004cb30a0, 0x0000000004cb3250]
Event: 3.988 Thread 0x00000000170da800  937       3       java.util.HashSet::add (20 bytes)
Event: 3.988 Thread 0x00000000170da800 nmethod 937 0x0000000004cbe650 code [0x0000000004cbe7e0, 0x0000000004cbecf8]
Event: 3.988 Thread 0x00000000170da800  938       3       org.objectweb.asm.AnnotationVisitor::<init> (7 bytes)
Event: 3.989 Thread 0x00000000170da800 nmethod 938 0x0000000004cbeed0 code [0x0000000004cbf060, 0x0000000004cbf3c8]
Event: 3.989 Thread 0x00000000170da800  939       3       org.objectweb.asm.AnnotationVisitor::<init> (35 bytes)
Event: 3.989 Thread 0x00000000170da800 nmethod 939 0x0000000004cbf550 code [0x0000000004cbf6c0, 0x0000000004cbf9c8]
Event: 3.989 Thread 0x0000000017036800  940       4       org.objectweb.asm.ByteVector::b (64 bytes)

GC Heap History (4 events):
Event: 1.632 GC heap before
{Heap before GC invocations=1 (full 0):
 PSYoungGen      total 18944K, used 16384K [0x00000000feb00000, 0x0000000100000000, 0x0000000100000000)
  eden space 16384K, 100% used [0x00000000feb00000,0x00000000ffb00000,0x00000000ffb00000)
  from space 2560K, 0% used [0x00000000ffd80000,0x00000000ffd80000,0x0000000100000000)
  to   space 2560K, 0% used [0x00000000ffb00000,0x00000000ffb00000,0x00000000ffd80000)
 ParOldGen       total 44032K, used 0K [0x00000000fc000000, 0x00000000feb00000, 0x00000000feb00000)
  object space 44032K, 0% used [0x00000000fc000000,0x00000000fc000000,0x00000000feb00000)
 Metaspace       used 6596K, capacity 6746K, committed 7040K, reserved 1056768K
  class space    used 773K, capacity 823K, committed 896K, reserved 1048576K
Event: 1.677 GC heap after
Heap after GC invocations=1 (full 0):
 PSYoungGen      total 18944K, used 2554K [0x00000000feb00000, 0x0000000100000000, 0x0000000100000000)
  eden space 16384K, 0% used [0x00000000feb00000,0x00000000feb00000,0x00000000ffb00000)
  from space 2560K, 99% used [0x00000000ffb00000,0x00000000ffd7e9f8,0x00000000ffd80000)
  to   space 2560K, 0% used [0x00000000ffd80000,0x00000000ffd80000,0x0000000100000000)
 ParOldGen       total 44032K, used 1600K [0x00000000fc000000, 0x00000000feb00000, 0x00000000feb00000)
  object space 44032K, 3% used [0x00000000fc000000,0x00000000fc1902c8,0x00000000feb00000)
 Metaspace       used 6596K, capacity 6746K, committed 7040K, reserved 1056768K
  class space    used 773K, capacity 823K, committed 896K, reserved 1048576K
}
Event: 2.235 GC heap before
{Heap before GC invocations=2 (full 0):
 PSYoungGen      total 18944K, used 18938K [0x00000000feb00000, 0x0000000100000000, 0x0000000100000000)
  eden space 16384K, 100% used [0x00000000feb00000,0x00000000ffb00000,0x00000000ffb00000)
  from space 2560K, 99% used [0x00000000ffb00000,0x00000000ffd7e9f8,0x00000000ffd80000)
  to   space 2560K, 0% used [0x00000000ffd80000,0x00000000ffd80000,0x0000000100000000)
 ParOldGen       total 44032K, used 1600K [0x00000000fc000000, 0x00000000feb00000, 0x00000000feb00000)
  object space 44032K, 3% used [0x00000000fc000000,0x00000000fc1902c8,0x00000000feb00000)
 Metaspace       used 7000K, capacity 7148K, committed 7296K, reserved 1056768K
  class space    used 821K, capacity 892K, committed 896K, reserved 1048576K
Event: 2.250 GC heap after
Heap after GC invocations=2 (full 0):
 PSYoungGen      total 18944K, used 2551K [0x00000000feb00000, 0x0000000100000000, 0x0000000100000000)
  eden space 16384K, 0% used [0x00000000feb00000,0x00000000feb00000,0x00000000ffb00000)
  from space 2560K, 99% used [0x00000000ffd80000,0x00000000ffffde10,0x0000000100000000)
  to   space 2560K, 0% used [0x00000000ffb00000,0x00000000ffb00000,0x00000000ffd80000)
 ParOldGen       total 44032K, used 5222K [0x00000000fc000000, 0x00000000feb00000, 0x00000000feb00000)
  object space 44032K, 11% used [0x00000000fc000000,0x00000000fc519908,0x00000000feb00000)
 Metaspace       used 7000K, capacity 7148K, committed 7296K, reserved 1056768K
  class space    used 821K, capacity 892K, committed 896K, reserved 1048576K
}

Deoptimization events (10 events):
Event: 2.277 Thread 0x0000000004877000 Uncommon trap: reason=class_check action=maybe_recompile pc=0x0000000004c07998 method=com.google.common.collect.TransformedIterator.next()Ljava/lang/Object; @ 5
Event: 2.278 Thread 0x0000000004877000 Uncommon trap: reason=class_check action=maybe_recompile pc=0x0000000004b8f850 method=com.google.common.collect.Iterators$7.transform(Ljava/lang/Object;)Ljava/lang/Object; @ 5
Event: 2.278 Thread 0x0000000004877000 Uncommon trap: reason=class_check action=maybe_recompile pc=0x0000000004b971ac method=com.google.common.collect.TransformedIterator.hasNext()Z @ 4
Event: 2.278 Thread 0x0000000004877000 Uncommon trap: reason=class_check action=maybe_recompile pc=0x0000000004c07998 method=com.google.common.collect.TransformedIterator.next()Ljava/lang/Object; @ 5
Event: 2.278 Thread 0x0000000004877000 Uncommon trap: reason=class_check action=maybe_recompile pc=0x0000000004b8f850 method=com.google.common.collect.Iterators$7.transform(Ljava/lang/Object;)Ljava/lang/Object; @ 5
Event: 2.278 Thread 0x0000000004877000 Uncommon trap: reason=class_check action=maybe_recompile pc=0x0000000004c07998 method=com.google.common.collect.TransformedIterator.next()Ljava/lang/Object; @ 5
Event: 2.278 Thread 0x0000000004877000 Uncommon trap: reason=class_check action=maybe_recompile pc=0x0000000004b8f850 method=com.google.common.collect.Iterators$7.transform(Ljava/lang/Object;)Ljava/lang/Object; @ 5
Event: 2.410 Thread 0x0000000004877000 Uncommon trap: reason=unstable_if action=reinterpret pc=0x0000000004b682c0 method=java.lang.String.indexOf([CII[CIII)I @ 134
Event: 2.429 Thread 0x0000000004877000 Uncommon trap: reason=unstable_if action=reinterpret pc=0x0000000004b2f678 method=java.lang.String.<init>([CII)V @ 18
Event: 2.433 Thread 0x0000000004877000 Uncommon trap: reason=unstable_if action=reinterpret pc=0x0000000004c40458 method=java.lang.String.<init>([CII)V @ 18

Classes redefined (0 events):
No events

Internal exceptions (10 events):
Event: 1.757 Thread 0x0000000004877000 Exception <a 'sun/nio/fs/WindowsException'> (0x00000000ff1a7f10) thrown at [D:\src\AOSP-openjdk-cygwin\jdk8u\hotspot\src\share\vm\prims\jni.cpp, line 709]
Event: 1.768 Thread 0x0000000004877000 Exception <a 'sun/nio/fs/WindowsException'> (0x00000000ff1ad250) thrown at [D:\src\AOSP-openjdk-cygwin\jdk8u\hotspot\src\share\vm\prims\jni.cpp, line 709]
Event: 2.173 Thread 0x0000000004877000 Exception <a 'sun/nio/fs/WindowsException'> (0x00000000ffae2590) thrown at [D:\src\AOSP-openjdk-cygwin\jdk8u\hotspot\src\share\vm\prims\jni.cpp, line 709]
Event: 2.173 Thread 0x0000000004877000 Exception <a 'sun/nio/fs/WindowsException'> (0x00000000ffae2b60) thrown at [D:\src\AOSP-openjdk-cygwin\jdk8u\hotspot\src\share\vm\prims\jni.cpp, line 709]
Event: 2.828 Thread 0x0000000004877000 Exception <a 'sun/nio/fs/WindowsException'> (0x00000000ff095a40) thrown at [D:\src\AOSP-openjdk-cygwin\jdk8u\hotspot\src\share\vm\prims\jni.cpp, line 709]
Event: 2.828 Thread 0x0000000004877000 Exception <a 'sun/nio/fs/WindowsException'> (0x00000000ff095f90) thrown at [D:\src\AOSP-openjdk-cygwin\jdk8u\hotspot\src\share\vm\prims\jni.cpp, line 709]
Event: 3.797 Thread 0x0000000004877000 Exception <a 'sun/nio/fs/WindowsException'> (0x00000000ff0e6358) thrown at [D:\src\AOSP-openjdk-cygwin\jdk8u\hotspot\src\share\vm\prims\jni.cpp, line 709]
Event: 3.797 Thread 0x0000000004877000 Exception <a 'sun/nio/fs/WindowsException'> (0x00000000ff0e68a8) thrown at [D:\src\AOSP-openjdk-cygwin\jdk8u\hotspot\src\share\vm\prims\jni.cpp, line 709]
Event: 3.979 Thread 0x0000000004877000 Exception <a 'sun/nio/fs/WindowsException'> (0x00000000ff0e9e50) thrown at [D:\src\AOSP-openjdk-cygwin\jdk8u\hotspot\src\share\vm\prims\jni.cpp, line 709]
Event: 3.979 Thread 0x0000000004877000 Exception <a 'sun/nio/fs/WindowsException'> (0x00000000ff0ea3a0) thrown at [D:\src\AOSP-openjdk-cygwin\jdk8u\hotspot\src\share\vm\prims\jni.cpp, line 709]

Events (10 events):
Event: 2.439 loading class org/objectweb/asm/Opcodes
Event: 2.439 loading class org/objectweb/asm/Opcodes done
Event: 2.515 loading class java/util/Vector$Itr
Event: 2.515 loading class java/util/Vector$Itr done
Event: 2.832 loading class com/google/devtools/build/android/desugar/FieldInfo
Event: 2.832 loading class com/google/devtools/build/android/desugar/FieldInfo done
Event: 2.833 loading class com/google/devtools/build/android/desugar/AutoValue_FieldInfo
Event: 2.833 loading class com/google/devtools/build/android/desugar/AutoValue_FieldInfo done
Event: 2.833 loading class com/google/devtools/build/android/desugar/Java7Compatibility$InlineOneMethod
Event: 2.833 loading class com/google/devtools/build/android/desugar/Java7Compatibility$InlineOneMethod done


Dynamic libraries:
0x00007ff62eef0000 - 0x00007ff62ef21000 	C:\Program Files\Android\Android Studio\jre\bin\java.exe
0x00007ffa4b720000 - 0x00007ffa4b900000 	C:\Windows\SYSTEM32\ntdll.dll
0x00007ffa4ad40000 - 0x00007ffa4adee000 	C:\Windows\System32\KERNEL32.DLL
0x00007ffa48860000 - 0x00007ffa48ac6000 	C:\Windows\System32\KERNELBASE.dll
0x00007ffa4ac00000 - 0x00007ffa4aca1000 	C:\Windows\System32\ADVAPI32.dll
0x00007ffa4b5e0000 - 0x00007ffa4b67d000 	C:\Windows\System32\msvcrt.dll
0x00007ffa4b680000 - 0x00007ffa4b6db000 	C:\Windows\System32\sechost.dll
0x00007ffa4a480000 - 0x00007ffa4a59f000 	C:\Windows\System32\RPCRT4.dll
0x00007ffa4b110000 - 0x00007ffa4b29f000 	C:\Windows\System32\USER32.dll
0x00007ffa48ad0000 - 0x00007ffa48af0000 	C:\Windows\System32\win32u.dll
0x00007ffa4a8a0000 - 0x00007ffa4a8c8000 	C:\Windows\System32\GDI32.dll
0x00007ffa47bd0000 - 0x00007ffa47d63000 	C:\Windows\System32\gdi32full.dll
0x00007ffa48b50000 - 0x00007ffa48beb000 	C:\Windows\System32\msvcp_win.dll
0x00007ffa48590000 - 0x00007ffa48686000 	C:\Windows\System32\ucrtbase.dll
0x00007ffa398b0000 - 0x00007ffa39b19000 	C:\Windows\WinSxS\amd64_microsoft.windows.common-controls_6595b64144ccf1df_6.0.16299.334_none_15cad2e69362ed51\COMCTL32.dll
0x00007ffa4b2a0000 - 0x00007ffa4b5a8000 	C:\Windows\System32\combase.dll
0x00007ffa484c0000 - 0x00007ffa48532000 	C:\Windows\System32\bcryptPrimitives.dll
0x00007ffa4b5b0000 - 0x00007ffa4b5dd000 	C:\Windows\System32\IMM32.DLL
0x00000000663a0000 - 0x0000000066472000 	C:\Program Files\Android\Android Studio\jre\jre\bin\msvcr100.dll
0x0000000066560000 - 0x0000000066d9e000 	C:\Program Files\Android\Android Studio\jre\jre\bin\server\jvm.dll
0x00007ffa4acb0000 - 0x00007ffa4acb8000 	C:\Windows\System32\PSAPI.DLL
0x00007ffa34a10000 - 0x00007ffa34a19000 	C:\Windows\SYSTEM32\WSOCK32.dll
0x00007ffa4a5a0000 - 0x00007ffa4a60c000 	C:\Windows\System32\WS2_32.dll
0x00007ffa3e270000 - 0x00007ffa3e293000 	C:\Windows\SYSTEM32\WINMM.dll
0x00007ffa3d970000 - 0x00007ffa3d97a000 	C:\Windows\SYSTEM32\VERSION.dll
0x00007ffa3dbf0000 - 0x00007ffa3dc1a000 	C:\Windows\SYSTEM32\WINMMBASE.dll
0x00007ffa48540000 - 0x00007ffa4858a000 	C:\Windows\System32\cfgmgr32.dll
0x00007ffa44520000 - 0x00007ffa4452f000 	C:\Program Files\Android\Android Studio\jre\jre\bin\verify.dll
0x00007ffa444f0000 - 0x00007ffa44519000 	C:\Program Files\Android\Android Studio\jre\jre\bin\java.dll
0x00007ffa444d0000 - 0x00007ffa444e6000 	C:\Program Files\Android\Android Studio\jre\jre\bin\zip.dll
0x00007ffa49040000 - 0x00007ffa4a476000 	C:\Windows\System32\SHELL32.dll
0x00007ffa4a790000 - 0x00007ffa4a836000 	C:\Windows\System32\shcore.dll
0x00007ffa47d70000 - 0x00007ffa484b7000 	C:\Windows\System32\windows.storage.dll
0x00007ffa4a840000 - 0x00007ffa4a891000 	C:\Windows\System32\shlwapi.dll
0x00007ffa47a70000 - 0x00007ffa47a81000 	C:\Windows\System32\kernel.appcore.dll
0x00007ffa47a90000 - 0x00007ffa47adc000 	C:\Windows\System32\powrprof.dll
0x00007ffa47ae0000 - 0x00007ffa47afb000 	C:\Windows\System32\profapi.dll
0x00007ffa474c0000 - 0x00007ffa474d7000 	C:\Windows\SYSTEM32\CRYPTSP.dll
0x00007ffa46f00000 - 0x00007ffa46f33000 	C:\Windows\system32\rsaenh.dll
0x00007ffa475d0000 - 0x00007ffa475f5000 	C:\Windows\SYSTEM32\bcrypt.dll
0x00007ffa479a0000 - 0x00007ffa479c9000 	C:\Windows\SYSTEM32\USERENV.dll
0x00007ffa474e0000 - 0x00007ffa474eb000 	C:\Windows\SYSTEM32\CRYPTBASE.dll
0x00007ffa444b0000 - 0x00007ffa444ca000 	C:\Program Files\Android\Android Studio\jre\jre\bin\net.dll
0x00007ffa47300000 - 0x00007ffa47366000 	C:\Windows\system32\mswsock.dll
0x00007ffa47090000 - 0x00007ffa470c9000 	C:\Windows\SYSTEM32\IPHLPAPI.DLL
0x00007ffa4a720000 - 0x00007ffa4a728000 	C:\Windows\System32\NSI.dll
0x00007ffa43420000 - 0x00007ffa43436000 	C:\Windows\SYSTEM32\dhcpcsvc6.DLL
0x00007ffa436f0000 - 0x00007ffa4370a000 	C:\Windows\SYSTEM32\dhcpcsvc.DLL
0x00007ffa44490000 - 0x00007ffa444a1000 	C:\Program Files\Android\Android Studio\jre\jre\bin\nio.dll

VM Arguments:
jvm_args: -Djava.awt.headless=true -Xmx64M -Dfile.encoding=windows-1256 -Duser.country=US -Duser.language=en -Duser.variant 
java_command: com.google.devtools.build.android.desugar.Desugar --input C:\Users\MSI\Desktop\SimsimInstantOrder_V1_S\SimsimInstantOrder_V1\app\build\intermediates\transforms\stackFramesFixer\debug\32.jar --output C:\Users\MSI\Desktop\SimsimInstantOrder_V1_S\SimsimInstantOrder_V1\app\build\intermediates\transforms\desugar\debug\33.jar --input C:\Users\MSI\Desktop\SimsimInstantOrder_V1_S\SimsimInstantOrder_V1\app\build\intermediates\transforms\stackFramesFixer\debug\35.jar --output C:\Users\MSI\Desktop\SimsimInstantOrder_V1_S\SimsimInstantOrder_V1\app\build\intermediates\transforms\desugar\debug\36.jar --input C:\Users\MSI\Desktop\SimsimInstantOrder_V1_S\SimsimInstantOrder_V1\app\build\intermediates\transforms\stackFramesFixer\debug\49.jar --output C:\Users\MSI\Desktop\SimsimInstantOrder_V1_S\SimsimInstantOrder_V1\app\build\intermediates\transforms\desugar\debug\50.jar --input C:\Users\MSI\Desktop\SimsimInstantOrder_V1_S\SimsimInstantOrder_V1\app\build\intermediates\transforms\stackFramesFixer\debug\26.jar --output C:\Users\MSI\Desktop\SimsimInstantOrder_V1_S\SimsimInstantOrder_V1\app\build\intermediates\transforms\desugar\debug\27.jar --input C:\Users\MSI\Desktop\SimsimInstantOrder_V1_S\SimsimInstantOrder_V1\app\build\intermediates\transforms\stackFramesFixer\debug\9.jar --output C:\Users\MSI\Desktop\SimsimInstantOrder_V1_S\SimsimInstantOrder_V1\app\build\intermediates\transforms\desugar\debug\10.jar --input C:\Users\MSI\Desktop\SimsimInstantOrder_V1_S\SimsimInstantOrder_V1\app\build\intermediates\transforms\stackFramesFixer\debug\19.jar --output C:\Users\MSI\Desktop\SimsimInstantOrder_V1_S\SimsimInstantOrder_V1\app\build\intermediates\transforms\desugar\debug\20.jar --input C:\Users\MSI\Desktop\SimsimInstantOrder_V1_S\SimsimInstantOrder_V1\app\build\intermediates\transforms\stackFramesFixer\debug\39.jar --output C:\Users\MSI\Desktop\SimsimInstantOrder_V1_S\SimsimInstantOrder_V1\app\build\intermediates\transforms\desugar\debug\40.jar --input C:\Users\MSI\Desktop\Si
java_class_path (initial): C:\Users\MSI\AppData\Local\Temp\desugar_deploy.jar3681423725215160077
Launcher Type: SUN_STANDARD

Environment Variables:
JAVA_HOME=C:\Program Files\Java\jdk1.8.0_112
PATH=C:\Windows\system32;C:\Windows;C:\Windows\System32\Wbem;C:\Windows\System32\WindowsPowerShell\v1.0\;C:\Program Files (x86)\NVIDIA Corporation\PhysX\Common;C:\Program Files\Intel\WiFi\bin\;C:\Program Files\Common Files\Intel\WirelessCommon\;C:\Program Files (x86)\Skype\Phone\;C:\Users\MSI\AppData\Local\Microsoft\WindowsApps;C:\Program Files\Intel\WiFi\bin\;C:\Program Files\Common Files\Intel\WirelessCommon\;C:\Users\MSI\AppData\Local\GitHubDesktop\bin
USERNAME=MSI
OS=Windows_NT
PROCESSOR_IDENTIFIER=Intel64 Family 6 Model 158 Stepping 9, GenuineIntel



---------------  S Y S T E M  ---------------

OS: Windows 10.0 , 64 bit Build 16299 (10.0.16299.15)

CPU:total 8 (initial active 8) (4 cores per cpu, 2 threads per core) family 6 model 158 stepping 9, cmov, cx8, fxsr, mmx, sse, sse2, sse3, ssse3, sse4.1, sse4.2, popcnt, avx, avx2, aes, clmul, erms, 3dnowpref, lzcnt, ht, tsc, tscinvbit, bmi1, bmi2, adx

Memory: 4k page, physical 8274616k(571112k free), swap 23825076k(17348k free)

vm_info: OpenJDK 64-Bit Server VM (25.152-b01) for windows-amd64 JRE (1.8.0_152-release-915-b01), built by "builder" with MS VC++ 10.0 (VS2010)

time: Sun Mar 25 14:48:36 2018
elapsed time: 4 seconds (0d 0h 0m 4s)

