#
# There is insufficient memory for the Java Runtime Environment to continue.
# Native memory allocation (malloc) failed to allocate 175136 bytes for Chunk::new
# Possible reasons:
#   The system is out of physical RAM or swap space
#   In 32 bit mode, the process size limit was hit
# Possible solutions:
#   Reduce memory load on the system
#   Increase physical memory or swap space
#   Check if swap backing store is full
#   Use 64 bit Java on a 64 bit OS
#   Decrease Java heap size (-Xmx/-Xms)
#   Decrease number of Java threads
#   Decrease Java thread stack sizes (-Xss)
#   Set larger code cache with -XX:ReservedCodeCacheSize=
# This output file may be truncated or incomplete.
#
#  Out of Memory Error (allocation.cpp:390), pid=1148, tid=0x0000000000004df4
#
# JRE version: OpenJDK Runtime Environment (8.0_152-b01) (build 1.8.0_152-release-915-b01)
# Java VM: OpenJDK 64-Bit Server VM (25.152-b01 mixed mode windows-amd64 compressed oops)
# Failed to write core dump. Minidumps are not enabled by default on client versions of Windows
#

---------------  T H R E A D  ---------------

Current thread (0x0000000017568800):  JavaThread "C2 CompilerThread1" daemon [_thread_in_native, id=19956, stack(0x0000000017f50000,0x0000000018050000)]

Stack: [0x0000000017f50000,0x0000000018050000]
[error occurred during error reporting (printing stack bounds), id 0xc0000005]

Native frames: (J=compiled Java code, j=interpreted, Vv=VM code, C=native code)


Current CompileTask:
C2:   3137  829       4       org.objectweb.asm.Item::a (143 bytes)


---------------  P R O C E S S  ---------------

Java Threads: ( => current thread )
  0x0000000017649800 JavaThread "Service Thread" daemon [_thread_blocked, id=6236, stack(0x0000000018250000,0x0000000018350000)]
  0x00000000175dc800 JavaThread "C1 CompilerThread3" daemon [_thread_in_native, id=4832, stack(0x0000000018150000,0x0000000018250000)]
  0x00000000175b4000 JavaThread "C2 CompilerThread2" daemon [_thread_blocked, id=18908, stack(0x0000000018050000,0x0000000018150000)]
=>0x0000000017568800 JavaThread "C2 CompilerThread1" daemon [_thread_in_native, id=19956, stack(0x0000000017f50000,0x0000000018050000)]
  0x0000000017565800 JavaThread "C2 CompilerThread0" daemon [_thread_in_native, id=4172, stack(0x0000000017e50000,0x0000000017f50000)]
  0x0000000017564000 JavaThread "Attach Listener" daemon [_thread_blocked, id=20228, stack(0x0000000017d50000,0x0000000017e50000)]
  0x00000000175b1800 JavaThread "Signal Dispatcher" daemon [_thread_blocked, id=8448, stack(0x0000000017c50000,0x0000000017d50000)]
  0x0000000017550800 JavaThread "Finalizer" daemon [_thread_blocked, id=12044, stack(0x0000000017930000,0x0000000017a30000)]
  0x0000000015658800 JavaThread "Reference Handler" daemon [_thread_blocked, id=11460, stack(0x0000000017430000,0x0000000017530000)]
  0x0000000004d77000 JavaThread "main" [_thread_in_Java, id=20176, stack(0x0000000004c70000,0x0000000004d70000)]

Other Threads:
  0x0000000004e6d800 VMThread [stack: 0x0000000017330000,0x0000000017430000] [id=3052]
  0x000000001764a800 WatcherThread [stack: 0x0000000018350000,0x0000000018450000] [id=12724]

VM state:not at safepoint (normal execution)

VM Mutex/Monitor currently owned by a thread: None

Heap:
 PSYoungGen      total 18944K, used 6205K [0x00000000feb00000, 0x0000000100000000, 0x0000000100000000)
  eden space 16384K, 22% used [0x00000000feb00000,0x00000000fee92d90,0x00000000ffb00000)
  from space 2560K, 99% used [0x00000000ffd80000,0x00000000ffffc800,0x0000000100000000)
  to   space 2560K, 0% used [0x00000000ffb00000,0x00000000ffb00000,0x00000000ffd80000)
 ParOldGen       total 44032K, used 5183K [0x00000000fc000000, 0x00000000feb00000, 0x00000000feb00000)
  object space 44032K, 11% used [0x00000000fc000000,0x00000000fc50fc10,0x00000000feb00000)
 Metaspace       used 7703K, capacity 7884K, committed 7936K, reserved 1056768K
  class space    used 901K, capacity 988K, committed 1024K, reserved 1048576K

Card table byte_map: [0x0000000003370000,0x00000000033a0000] byte_map_base: 0x0000000002b90000

Marking Bits: (ParMarkBitMap*) 0x0000000066d23950
 Begin Bits: [0x0000000014a50000, 0x0000000014b50000)
 End Bits:   [0x0000000014b50000, 0x0000000014c50000)

Polling page: 0x00000000032f0000

CodeCache: size=245760Kb used=2889Kb max_used=2901Kb free=242870Kb
 bounds [0x0000000004e70000, 0x0000000005150000, 0x0000000013e70000]
 total_blobs=1150 nmethods=818 adapters=246
 compilation: enabled

Compilation events (10 events):
Event: 3.109 Thread 0x0000000017565800 nmethod 819 0x0000000005145c10 code [0x0000000005145d60, 0x0000000005146288]
Event: 3.113 Thread 0x00000000175b4000  823       4       java.lang.StringBuilder::toString (17 bytes)
Event: 3.117 Thread 0x00000000175b4000 nmethod 823 0x0000000005146590 code [0x00000000051466e0, 0x0000000005146a58]
Event: 3.120 Thread 0x0000000017568800  825       4       org.objectweb.asm.MethodVisitor::visitVarInsn (17 bytes)
Event: 3.120 Thread 0x0000000017568800 nmethod 825 0x0000000005142950 code [0x0000000005142a80, 0x0000000005142b18]
Event: 3.125 Thread 0x0000000017565800  827       4       com.google.common.collect.Iterators$7::transform (11 bytes)
Event: 3.126 Thread 0x0000000017565800 nmethod 827 0x0000000005144090 code [0x00000000051441e0, 0x00000000051442b8]
Event: 3.128 Thread 0x00000000175b4000  828       4       org.objectweb.asm.ClassWriter::a (49 bytes)
Event: 3.128 Thread 0x0000000017568800  829       4       org.objectweb.asm.Item::a (143 bytes)
Event: 3.130 Thread 0x00000000175b4000 nmethod 828 0x0000000005143c90 code [0x0000000005143de0, 0x0000000005143f08]

GC Heap History (4 events):
Event: 1.523 GC heap before
{Heap before GC invocations=1 (full 0):
 PSYoungGen      total 18944K, used 16384K [0x00000000feb00000, 0x0000000100000000, 0x0000000100000000)
  eden space 16384K, 100% used [0x00000000feb00000,0x00000000ffb00000,0x00000000ffb00000)
  from space 2560K, 0% used [0x00000000ffd80000,0x00000000ffd80000,0x0000000100000000)
  to   space 2560K, 0% used [0x00000000ffb00000,0x00000000ffb00000,0x00000000ffd80000)
 ParOldGen       total 44032K, used 0K [0x00000000fc000000, 0x00000000feb00000, 0x00000000feb00000)
  object space 44032K, 0% used [0x00000000fc000000,0x00000000fc000000,0x00000000feb00000)
 Metaspace       used 6581K, capacity 6746K, committed 7040K, reserved 1056768K
  class space    used 772K, capacity 823K, committed 896K, reserved 1048576K
Event: 1.612 GC heap after
Heap after GC invocations=1 (full 0):
 PSYoungGen      total 18944K, used 2554K [0x00000000feb00000, 0x0000000100000000, 0x0000000100000000)
  eden space 16384K, 0% used [0x00000000feb00000,0x00000000feb00000,0x00000000ffb00000)
  from space 2560K, 99% used [0x00000000ffb00000,0x00000000ffd7ea20,0x00000000ffd80000)
  to   space 2560K, 0% used [0x00000000ffd80000,0x00000000ffd80000,0x0000000100000000)
 ParOldGen       total 44032K, used 1577K [0x00000000fc000000, 0x00000000feb00000, 0x00000000feb00000)
  object space 44032K, 3% used [0x00000000fc000000,0x00000000fc18a728,0x00000000feb00000)
 Metaspace       used 6581K, capacity 6746K, committed 7040K, reserved 1056768K
  class space    used 772K, capacity 823K, committed 896K, reserved 1048576K
}
Event: 2.341 GC heap before
{Heap before GC invocations=2 (full 0):
 PSYoungGen      total 18944K, used 18938K [0x00000000feb00000, 0x0000000100000000, 0x0000000100000000)
  eden space 16384K, 100% used [0x00000000feb00000,0x00000000ffb00000,0x00000000ffb00000)
  from space 2560K, 99% used [0x00000000ffb00000,0x00000000ffd7ea20,0x00000000ffd80000)
  to   space 2560K, 0% used [0x00000000ffd80000,0x00000000ffd80000,0x0000000100000000)
 ParOldGen       total 44032K, used 1577K [0x00000000fc000000, 0x00000000feb00000, 0x00000000feb00000)
  object space 44032K, 3% used [0x00000000fc000000,0x00000000fc18a728,0x00000000feb00000)
 Metaspace       used 7000K, capacity 7212K, committed 7296K, reserved 1056768K
  class space    used 823K, capacity 892K, committed 896K, reserved 1048576K
Event: 2.375 GC heap after
Heap after GC invocations=2 (full 0):
 PSYoungGen      total 18944K, used 2546K [0x00000000feb00000, 0x0000000100000000, 0x0000000100000000)
  eden space 16384K, 0% used [0x00000000feb00000,0x00000000feb00000,0x00000000ffb00000)
  from space 2560K, 99% used [0x00000000ffd80000,0x00000000ffffc800,0x0000000100000000)
  to   space 2560K, 0% used [0x00000000ffb00000,0x00000000ffb00000,0x00000000ffd80000)
 ParOldGen       total 44032K, used 5183K [0x00000000fc000000, 0x00000000feb00000, 0x00000000feb00000)
  object space 44032K, 11% used [0x00000000fc000000,0x00000000fc50fc10,0x00000000feb00000)
 Metaspace       used 7000K, capacity 7212K, committed 7296K, reserved 1056768K
  class space    used 823K, capacity 892K, committed 896K, reserved 1048576K
}

Deoptimization events (10 events):
Event: 2.391 Thread 0x0000000004d77000 Uncommon trap: reason=class_check action=maybe_recompile pc=0x00000000050997ec method=com.google.common.collect.TransformedIterator.hasNext()Z @ 4
Event: 2.391 Thread 0x0000000004d77000 Uncommon trap: reason=class_check action=maybe_recompile pc=0x00000000050997ec method=com.google.common.collect.TransformedIterator.hasNext()Z @ 4
Event: 2.391 Thread 0x0000000004d77000 Uncommon trap: reason=class_check action=maybe_recompile pc=0x00000000050a4b2c method=com.google.common.collect.TransformedIterator.next()Ljava/lang/Object; @ 5
Event: 2.391 Thread 0x0000000004d77000 Uncommon trap: reason=class_check action=maybe_recompile pc=0x000000000508ec10 method=com.google.common.collect.Iterators$7.transform(Ljava/lang/Object;)Ljava/lang/Object; @ 5
Event: 2.391 Thread 0x0000000004d77000 Uncommon trap: reason=class_check action=maybe_recompile pc=0x00000000050997ec method=com.google.common.collect.TransformedIterator.hasNext()Z @ 4
Event: 2.392 Thread 0x0000000004d77000 Uncommon trap: reason=class_check action=maybe_recompile pc=0x00000000050a4b2c method=com.google.common.collect.TransformedIterator.next()Ljava/lang/Object; @ 5
Event: 2.392 Thread 0x0000000004d77000 Uncommon trap: reason=class_check action=maybe_recompile pc=0x000000000508ec10 method=com.google.common.collect.Iterators$7.transform(Ljava/lang/Object;)Ljava/lang/Object; @ 5
Event: 2.392 Thread 0x0000000004d77000 Uncommon trap: reason=class_check action=maybe_recompile pc=0x00000000050a4b2c method=com.google.common.collect.TransformedIterator.next()Ljava/lang/Object; @ 5
Event: 2.392 Thread 0x0000000004d77000 Uncommon trap: reason=class_check action=maybe_recompile pc=0x000000000508ec10 method=com.google.common.collect.Iterators$7.transform(Ljava/lang/Object;)Ljava/lang/Object; @ 5
Event: 2.500 Thread 0x0000000004d77000 Uncommon trap: reason=unstable_if action=reinterpret pc=0x0000000005065fc0 method=java.lang.String.indexOf([CII[CIII)I @ 134

Classes redefined (0 events):
No events

Internal exceptions (10 events):
Event: 1.722 Thread 0x0000000004d77000 Exception <a 'sun/nio/fs/WindowsException'> (0x00000000ff1a7968) thrown at [D:\src\AOSP-openjdk-cygwin\jdk8u\hotspot\src\share\vm\prims\jni.cpp, line 709]
Event: 1.722 Thread 0x0000000004d77000 Exception <a 'sun/nio/fs/WindowsException'> (0x00000000ff1a7f30) thrown at [D:\src\AOSP-openjdk-cygwin\jdk8u\hotspot\src\share\vm\prims\jni.cpp, line 709]
Event: 1.722 Thread 0x0000000004d77000 Exception <a 'sun/nio/fs/WindowsException'> (0x00000000ff1a86f0) thrown at [D:\src\AOSP-openjdk-cygwin\jdk8u\hotspot\src\share\vm\prims\jni.cpp, line 709]
Event: 1.723 Thread 0x0000000004d77000 Exception <a 'sun/nio/fs/WindowsException'> (0x00000000ff1a8c90) thrown at [D:\src\AOSP-openjdk-cygwin\jdk8u\hotspot\src\share\vm\prims\jni.cpp, line 709]
Event: 1.723 Thread 0x0000000004d77000 Exception <a 'sun/nio/fs/WindowsException'> (0x00000000ff1a9440) thrown at [D:\src\AOSP-openjdk-cygwin\jdk8u\hotspot\src\share\vm\prims\jni.cpp, line 709]
Event: 1.771 Thread 0x0000000004d77000 Exception <a 'sun/nio/fs/WindowsException'> (0x00000000ff1ae780) thrown at [D:\src\AOSP-openjdk-cygwin\jdk8u\hotspot\src\share\vm\prims\jni.cpp, line 709]
Event: 2.280 Thread 0x0000000004d77000 Exception <a 'sun/nio/fs/WindowsException'> (0x00000000ffae3ec0) thrown at [D:\src\AOSP-openjdk-cygwin\jdk8u\hotspot\src\share\vm\prims\jni.cpp, line 709]
Event: 2.280 Thread 0x0000000004d77000 Exception <a 'sun/nio/fs/WindowsException'> (0x00000000ffae4490) thrown at [D:\src\AOSP-openjdk-cygwin\jdk8u\hotspot\src\share\vm\prims\jni.cpp, line 709]
Event: 2.749 Thread 0x0000000004d77000 Exception <a 'sun/nio/fs/WindowsException'> (0x00000000fecd3638) thrown at [D:\src\AOSP-openjdk-cygwin\jdk8u\hotspot\src\share\vm\prims\jni.cpp, line 709]
Event: 2.749 Thread 0x0000000004d77000 Exception <a 'sun/nio/fs/WindowsException'> (0x00000000fecd3b88) thrown at [D:\src\AOSP-openjdk-cygwin\jdk8u\hotspot\src\share\vm\prims\jni.cpp, line 709]

Events (10 events):
Event: 2.501 loading class java/util/zip/ZipOutputStream$XEntry
Event: 2.501 loading class java/util/zip/ZipOutputStream$XEntry done
Event: 2.502 loading class java/util/Vector$Itr
Event: 2.502 loading class java/util/Vector$Itr done
Event: 2.990 loading class org/objectweb/asm/tree/TryCatchBlockNode
Event: 2.990 loading class org/objectweb/asm/tree/TryCatchBlockNode done
Event: 2.991 loading class org/objectweb/asm/Handler
Event: 2.991 loading class org/objectweb/asm/Handler done
Event: 2.996 loading class org/objectweb/asm/Opcodes
Event: 2.996 loading class org/objectweb/asm/Opcodes done


Dynamic libraries:
0x00007ff62eef0000 - 0x00007ff62ef21000 	C:\Program Files\Android\Android Studio\jre\bin\java.exe
0x00007ffa4b720000 - 0x00007ffa4b900000 	C:\Windows\SYSTEM32\ntdll.dll
0x00007ffa4ad40000 - 0x00007ffa4adee000 	C:\Windows\System32\KERNEL32.DLL
0x00007ffa48860000 - 0x00007ffa48ac6000 	C:\Windows\System32\KERNELBASE.dll
0x00007ffa4ac00000 - 0x00007ffa4aca1000 	C:\Windows\System32\ADVAPI32.dll
0x00007ffa4b5e0000 - 0x00007ffa4b67d000 	C:\Windows\System32\msvcrt.dll
0x00007ffa4b680000 - 0x00007ffa4b6db000 	C:\Windows\System32\sechost.dll
0x00007ffa4a480000 - 0x00007ffa4a59f000 	C:\Windows\System32\RPCRT4.dll
0x00007ffa4b110000 - 0x00007ffa4b29f000 	C:\Windows\System32\USER32.dll
0x00007ffa48ad0000 - 0x00007ffa48af0000 	C:\Windows\System32\win32u.dll
0x00007ffa4a8a0000 - 0x00007ffa4a8c8000 	C:\Windows\System32\GDI32.dll
0x00007ffa47bd0000 - 0x00007ffa47d63000 	C:\Windows\System32\gdi32full.dll
0x00007ffa48b50000 - 0x00007ffa48beb000 	C:\Windows\System32\msvcp_win.dll
0x00007ffa48590000 - 0x00007ffa48686000 	C:\Windows\System32\ucrtbase.dll
0x00007ffa398b0000 - 0x00007ffa39b19000 	C:\Windows\WinSxS\amd64_microsoft.windows.common-controls_6595b64144ccf1df_6.0.16299.334_none_15cad2e69362ed51\COMCTL32.dll
0x00007ffa4b2a0000 - 0x00007ffa4b5a8000 	C:\Windows\System32\combase.dll
0x00007ffa484c0000 - 0x00007ffa48532000 	C:\Windows\System32\bcryptPrimitives.dll
0x00007ffa4b5b0000 - 0x00007ffa4b5dd000 	C:\Windows\System32\IMM32.DLL
0x00000000663a0000 - 0x0000000066472000 	C:\Program Files\Android\Android Studio\jre\jre\bin\msvcr100.dll
0x0000000066560000 - 0x0000000066d9e000 	C:\Program Files\Android\Android Studio\jre\jre\bin\server\jvm.dll
0x00007ffa4acb0000 - 0x00007ffa4acb8000 	C:\Windows\System32\PSAPI.DLL
0x00007ffa34a10000 - 0x00007ffa34a19000 	C:\Windows\SYSTEM32\WSOCK32.dll
0x00007ffa3d970000 - 0x00007ffa3d97a000 	C:\Windows\SYSTEM32\VERSION.dll
0x00007ffa3e270000 - 0x00007ffa3e293000 	C:\Windows\SYSTEM32\WINMM.dll
0x00007ffa4a5a0000 - 0x00007ffa4a60c000 	C:\Windows\System32\WS2_32.dll
0x00007ffa3dbf0000 - 0x00007ffa3dc1a000 	C:\Windows\SYSTEM32\winmmbase.dll
0x00007ffa48540000 - 0x00007ffa4858a000 	C:\Windows\System32\cfgmgr32.dll
0x00007ffa44520000 - 0x00007ffa4452f000 	C:\Program Files\Android\Android Studio\jre\jre\bin\verify.dll
0x00007ffa444f0000 - 0x00007ffa44519000 	C:\Program Files\Android\Android Studio\jre\jre\bin\java.dll
0x00007ffa444d0000 - 0x00007ffa444e6000 	C:\Program Files\Android\Android Studio\jre\jre\bin\zip.dll
0x00007ffa49040000 - 0x00007ffa4a476000 	C:\Windows\System32\SHELL32.dll
0x00007ffa4a790000 - 0x00007ffa4a836000 	C:\Windows\System32\shcore.dll
0x00007ffa47d70000 - 0x00007ffa484b7000 	C:\Windows\System32\windows.storage.dll
0x00007ffa4a840000 - 0x00007ffa4a891000 	C:\Windows\System32\shlwapi.dll
0x00007ffa47a70000 - 0x00007ffa47a81000 	C:\Windows\System32\kernel.appcore.dll
0x00007ffa47a90000 - 0x00007ffa47adc000 	C:\Windows\System32\powrprof.dll
0x00007ffa47ae0000 - 0x00007ffa47afb000 	C:\Windows\System32\profapi.dll
0x00007ffa474c0000 - 0x00007ffa474d7000 	C:\Windows\SYSTEM32\CRYPTSP.dll
0x00007ffa46f00000 - 0x00007ffa46f33000 	C:\Windows\system32\rsaenh.dll
0x00007ffa475d0000 - 0x00007ffa475f5000 	C:\Windows\SYSTEM32\bcrypt.dll
0x00007ffa479a0000 - 0x00007ffa479c9000 	C:\Windows\SYSTEM32\USERENV.dll
0x00007ffa474e0000 - 0x00007ffa474eb000 	C:\Windows\SYSTEM32\CRYPTBASE.dll
0x00007ffa444b0000 - 0x00007ffa444ca000 	C:\Program Files\Android\Android Studio\jre\jre\bin\net.dll
0x00007ffa47300000 - 0x00007ffa47366000 	C:\Windows\system32\mswsock.dll
0x00007ffa47090000 - 0x00007ffa470c9000 	C:\Windows\SYSTEM32\IPHLPAPI.DLL
0x00007ffa4a720000 - 0x00007ffa4a728000 	C:\Windows\System32\NSI.dll
0x00007ffa43420000 - 0x00007ffa43436000 	C:\Windows\SYSTEM32\dhcpcsvc6.DLL
0x00007ffa436f0000 - 0x00007ffa4370a000 	C:\Windows\SYSTEM32\dhcpcsvc.DLL
0x00007ffa44490000 - 0x00007ffa444a1000 	C:\Program Files\Android\Android Studio\jre\jre\bin\nio.dll

VM Arguments:
jvm_args: -Djava.awt.headless=true -Xmx64M -Dfile.encoding=windows-1256 -Duser.country=US -Duser.language=en -Duser.variant 
java_command: com.google.devtools.build.android.desugar.Desugar --input C:\Users\MSI\Desktop\SimsimInstantOrder_V1_S\SimsimInstantOrder_V1\app\build\intermediates\transforms\stackFramesFixer\debug\24.jar --output C:\Users\MSI\Desktop\SimsimInstantOrder_V1_S\SimsimInstantOrder_V1\app\build\intermediates\transforms\desugar\debug\25.jar --input C:\Users\MSI\Desktop\SimsimInstantOrder_V1_S\SimsimInstantOrder_V1\app\build\intermediates\transforms\stackFramesFixer\debug\17.jar --output C:\Users\MSI\Desktop\SimsimInstantOrder_V1_S\SimsimInstantOrder_V1\app\build\intermediates\transforms\desugar\debug\18.jar --input C:\Users\MSI\Desktop\SimsimInstantOrder_V1_S\SimsimInstantOrder_V1\app\build\intermediates\transforms\stackFramesFixer\debug\31.jar --output C:\Users\MSI\Desktop\SimsimInstantOrder_V1_S\SimsimInstantOrder_V1\app\build\intermediates\transforms\desugar\debug\32.jar --input C:\Users\MSI\Desktop\SimsimInstantOrder_V1_S\SimsimInstantOrder_V1\app\build\intermediates\transforms\stackFramesFixer\debug\49.jar --output C:\Users\MSI\Desktop\SimsimInstantOrder_V1_S\SimsimInstantOrder_V1\app\build\intermediates\transforms\desugar\debug\50.jar --input C:\Users\MSI\Desktop\SimsimInstantOrder_V1_S\SimsimInstantOrder_V1\app\build\intermediates\transforms\stackFramesFixer\debug\8.jar --output C:\Users\MSI\Desktop\SimsimInstantOrder_V1_S\SimsimInstantOrder_V1\app\build\intermediates\transforms\desugar\debug\9.jar --input C:\Users\MSI\Desktop\SimsimInstantOrder_V1_S\SimsimInstantOrder_V1\app\build\intermediates\transforms\stackFramesFixer\debug\27.jar --output C:\Users\MSI\Desktop\SimsimInstantOrder_V1_S\SimsimInstantOrder_V1\app\build\intermediates\transforms\desugar\debug\28.jar --input C:\Users\MSI\Desktop\SimsimInstantOrder_V1_S\SimsimInstantOrder_V1\app\build\intermediates\transforms\stackFramesFixer\debug\58.jar --output C:\Users\MSI\Desktop\SimsimInstantOrder_V1_S\SimsimInstantOrder_V1\app\build\intermediates\transforms\desugar\debug\59.jar --input C:\Users\MSI\Desktop\Sim
java_class_path (initial): C:\Users\MSI\AppData\Local\Temp\desugar_deploy.jar3681423725215160077
Launcher Type: SUN_STANDARD

Environment Variables:
JAVA_HOME=C:\Program Files\Java\jdk1.8.0_112
PATH=C:\Windows\system32;C:\Windows;C:\Windows\System32\Wbem;C:\Windows\System32\WindowsPowerShell\v1.0\;C:\Program Files (x86)\NVIDIA Corporation\PhysX\Common;C:\Program Files\Intel\WiFi\bin\;C:\Program Files\Common Files\Intel\WirelessCommon\;C:\Program Files (x86)\Skype\Phone\;C:\Users\MSI\AppData\Local\Microsoft\WindowsApps;C:\Program Files\Intel\WiFi\bin\;C:\Program Files\Common Files\Intel\WirelessCommon\;C:\Users\MSI\AppData\Local\GitHubDesktop\bin
USERNAME=MSI
OS=Windows_NT
PROCESSOR_IDENTIFIER=Intel64 Family 6 Model 158 Stepping 9, GenuineIntel



---------------  S Y S T E M  ---------------

OS: Windows 10.0 , 64 bit Build 16299 (10.0.16299.15)

CPU:total 8 (initial active 8) (4 cores per cpu, 2 threads per core) family 6 model 158 stepping 9, cmov, cx8, fxsr, mmx, sse, sse2, sse3, ssse3, sse4.1, sse4.2, popcnt, avx, avx2, aes, clmul, erms, 3dnowpref, lzcnt, ht, tsc, tscinvbit, bmi1, bmi2, adx

Memory: 4k page, physical 8274616k(373636k free), swap 23825076k(3072k free)

vm_info: OpenJDK 64-Bit Server VM (25.152-b01) for windows-amd64 JRE (1.8.0_152-release-915-b01), built by "builder" with MS VC++ 10.0 (VS2010)

time: Sun Mar 25 14:52:41 2018
elapsed time: 3 seconds (0d 0h 0m 3s)

