#
# There is insufficient memory for the Java Runtime Environment to continue.
# Native memory allocation (malloc) failed to allocate 367376 bytes for Chunk::new
# Possible reasons:
#   The system is out of physical RAM or swap space
#   In 32 bit mode, the process size limit was hit
# Possible solutions:
#   Reduce memory load on the system
#   Increase physical memory or swap space
#   Check if swap backing store is full
#   Use 64 bit Java on a 64 bit OS
#   Decrease Java heap size (-Xmx/-Xms)
#   Decrease number of Java threads
#   Decrease Java thread stack sizes (-Xss)
#   Set larger code cache with -XX:ReservedCodeCacheSize=
# This output file may be truncated or incomplete.
#
#  Out of Memory Error (allocation.cpp:390), pid=19204, tid=0x0000000000003e60
#
# JRE version: OpenJDK Runtime Environment (8.0_152-b01) (build 1.8.0_152-release-915-b01)
# Java VM: OpenJDK 64-Bit Server VM (25.152-b01 mixed mode windows-amd64 compressed oops)
# Failed to write core dump. Minidumps are not enabled by default on client versions of Windows
#

---------------  T H R E A D  ---------------

Current thread (0x0000000016de5800):  JavaThread "C2 CompilerThread1" daemon [_thread_in_native, id=15968, stack(0x00000000177a0000,0x00000000178a0000)]

Stack: [0x00000000177a0000,0x00000000178a0000]
[error occurred during error reporting (printing stack bounds), id 0xc0000005]

Native frames: (J=compiled Java code, j=interpreted, Vv=VM code, C=native code)


Current CompileTask:
C2:   3768 1139       4       org.objectweb.asm.ClassReader::a (500 bytes)


---------------  P R O C E S S  ---------------

Java Threads: ( => current thread )
  0x0000000016ec4000 JavaThread "Service Thread" daemon [_thread_blocked, id=18904, stack(0x0000000017aa0000,0x0000000017ba0000)]
  0x0000000016e73000 JavaThread "C1 CompilerThread3" daemon [_thread_blocked, id=12320, stack(0x00000000179a0000,0x0000000017aa0000)]
  0x0000000016dea000 JavaThread "C2 CompilerThread2" daemon [_thread_in_native, id=4032, stack(0x00000000178a0000,0x00000000179a0000)]
=>0x0000000016de5800 JavaThread "C2 CompilerThread1" daemon [_thread_in_native, id=15968, stack(0x00000000177a0000,0x00000000178a0000)]
  0x0000000016de3800 JavaThread "C2 CompilerThread0" daemon [_thread_blocked, id=8672, stack(0x00000000176a0000,0x00000000177a0000)]
  0x0000000016de2000 JavaThread "Attach Listener" daemon [_thread_blocked, id=19960, stack(0x00000000175a0000,0x00000000176a0000)]
  0x0000000016e31800 JavaThread "Signal Dispatcher" daemon [_thread_blocked, id=18720, stack(0x00000000174a0000,0x00000000175a0000)]
  0x0000000016dd0800 JavaThread "Finalizer" daemon [_thread_blocked, id=20440, stack(0x00000000171b0000,0x00000000172b0000)]
  0x0000000014eb8800 JavaThread "Reference Handler" daemon [_thread_blocked, id=928, stack(0x0000000016cb0000,0x0000000016db0000)]
  0x0000000004617000 JavaThread "main" [_thread_in_Java, id=19620, stack(0x0000000004510000,0x0000000004610000)]

Other Threads:
  0x000000000470d800 VMThread [stack: 0x0000000016bb0000,0x0000000016cb0000] [id=14600]
  0x0000000016ec4800 WatcherThread [stack: 0x0000000017ba0000,0x0000000017ca0000] [id=10608]

VM state:not at safepoint (normal execution)

VM Mutex/Monitor currently owned by a thread: None

Heap:
 PSYoungGen      total 18944K, used 9101K [0x00000000feb00000, 0x0000000100000000, 0x0000000100000000)
  eden space 16384K, 40% used [0x00000000feb00000,0x00000000ff166d48,0x00000000ffb00000)
  from space 2560K, 99% used [0x00000000ffb00000,0x00000000ffd7c7f8,0x00000000ffd80000)
  to   space 2560K, 0% used [0x00000000ffd80000,0x00000000ffd80000,0x0000000100000000)
 ParOldGen       total 44032K, used 6032K [0x00000000fc000000, 0x00000000feb00000, 0x00000000feb00000)
  object space 44032K, 13% used [0x00000000fc000000,0x00000000fc5e41c8,0x00000000feb00000)
 Metaspace       used 7908K, capacity 8076K, committed 8192K, reserved 1056768K
  class space    used 908K, capacity 988K, committed 1024K, reserved 1048576K

Card table byte_map: [0x0000000004200000,0x0000000004230000] byte_map_base: 0x0000000003a20000

Marking Bits: (ParMarkBitMap*) 0x0000000066d23950
 Begin Bits: [0x00000000142d0000, 0x00000000143d0000)
 End Bits:   [0x00000000143d0000, 0x00000000144d0000)

Polling page: 0x0000000002690000

CodeCache: size=245760Kb used=4064Kb max_used=4064Kb free=241695Kb
 bounds [0x0000000004710000, 0x0000000004b10000, 0x0000000013710000]
 total_blobs=1469 nmethods=1137 adapters=246
 compilation: enabled

Compilation events (10 events):
Event: 3.755 Thread 0x0000000016de5800 1139       4       org.objectweb.asm.ClassReader::a (500 bytes)
Event: 3.756 Thread 0x0000000016e73000 nmethod 1135 0x0000000004b0a450 code [0x0000000004b0a920, 0x0000000004b0da68]
Event: 3.756 Thread 0x0000000016e73000 1138       3       org.objectweb.asm.tree.MethodInsnNode::accept (30 bytes)
Event: 3.756 Thread 0x0000000016e73000 nmethod 1138 0x0000000004b08450 code [0x0000000004b085c0, 0x0000000004b088b8]
Event: 3.756 Thread 0x0000000016e73000 1136       3       sun.misc.SharedSecrets::getJavaLangAccess (4 bytes)
Event: 3.756 Thread 0x0000000016e73000 nmethod 1136 0x0000000004b08150 code [0x0000000004b082a0, 0x0000000004b083d0]
Event: 3.756 Thread 0x0000000016e73000 1140       3       java.nio.Buffer::limit (62 bytes)
Event: 3.757 Thread 0x0000000016e73000 nmethod 1140 0x0000000004b07c10 code [0x0000000004b07d80, 0x0000000004b08088]
Event: 3.757 Thread 0x0000000016e73000 1137       1       sun.nio.ch.NativeThread::current (2 bytes)
Event: 3.757 Thread 0x0000000016e73000 nmethod 1137 0x0000000004b07990 code [0x0000000004b07ae0, 0x0000000004b07bd0]

GC Heap History (6 events):
Event: 1.468 GC heap before
{Heap before GC invocations=1 (full 0):
 PSYoungGen      total 18944K, used 16384K [0x00000000feb00000, 0x0000000100000000, 0x0000000100000000)
  eden space 16384K, 100% used [0x00000000feb00000,0x00000000ffb00000,0x00000000ffb00000)
  from space 2560K, 0% used [0x00000000ffd80000,0x00000000ffd80000,0x0000000100000000)
  to   space 2560K, 0% used [0x00000000ffb00000,0x00000000ffb00000,0x00000000ffd80000)
 ParOldGen       total 44032K, used 0K [0x00000000fc000000, 0x00000000feb00000, 0x00000000feb00000)
  object space 44032K, 0% used [0x00000000fc000000,0x00000000fc000000,0x00000000feb00000)
 Metaspace       used 6577K, capacity 6746K, committed 7040K, reserved 1056768K
  class space    used 772K, capacity 823K, committed 896K, reserved 1048576K
Event: 1.539 GC heap after
Heap after GC invocations=1 (full 0):
 PSYoungGen      total 18944K, used 2538K [0x00000000feb00000, 0x0000000100000000, 0x0000000100000000)
  eden space 16384K, 0% used [0x00000000feb00000,0x00000000feb00000,0x00000000ffb00000)
  from space 2560K, 99% used [0x00000000ffb00000,0x00000000ffd7aa18,0x00000000ffd80000)
  to   space 2560K, 0% used [0x00000000ffd80000,0x00000000ffd80000,0x0000000100000000)
 ParOldGen       total 44032K, used 1634K [0x00000000fc000000, 0x00000000feb00000, 0x00000000feb00000)
  object space 44032K, 3% used [0x00000000fc000000,0x00000000fc198820,0x00000000feb00000)
 Metaspace       used 6577K, capacity 6746K, committed 7040K, reserved 1056768K
  class space    used 772K, capacity 823K, committed 896K, reserved 1048576K
}
Event: 2.264 GC heap before
{Heap before GC invocations=2 (full 0):
 PSYoungGen      total 18944K, used 18922K [0x00000000feb00000, 0x0000000100000000, 0x0000000100000000)
  eden space 16384K, 100% used [0x00000000feb00000,0x00000000ffb00000,0x00000000ffb00000)
  from space 2560K, 99% used [0x00000000ffb00000,0x00000000ffd7aa18,0x00000000ffd80000)
  to   space 2560K, 0% used [0x00000000ffd80000,0x00000000ffd80000,0x0000000100000000)
 ParOldGen       total 44032K, used 1634K [0x00000000fc000000, 0x00000000feb00000, 0x00000000feb00000)
  object space 44032K, 3% used [0x00000000fc000000,0x00000000fc198820,0x00000000feb00000)
 Metaspace       used 6979K, capacity 7148K, committed 7296K, reserved 1056768K
  class space    used 822K, capacity 892K, committed 896K, reserved 1048576K
Event: 2.281 GC heap after
Heap after GC invocations=2 (full 0):
 PSYoungGen      total 18944K, used 2530K [0x00000000feb00000, 0x0000000100000000, 0x0000000100000000)
  eden space 16384K, 0% used [0x00000000feb00000,0x00000000feb00000,0x00000000ffb00000)
  from space 2560K, 98% used [0x00000000ffd80000,0x00000000ffff8818,0x0000000100000000)
  to   space 2560K, 0% used [0x00000000ffb00000,0x00000000ffb00000,0x00000000ffd80000)
 ParOldGen       total 44032K, used 5223K [0x00000000fc000000, 0x00000000feb00000, 0x00000000feb00000)
  object space 44032K, 11% used [0x00000000fc000000,0x00000000fc519d08,0x00000000feb00000)
 Metaspace       used 6979K, capacity 7148K, committed 7296K, reserved 1056768K
  class space    used 822K, capacity 892K, committed 896K, reserved 1048576K
}
Event: 2.885 GC heap before
{Heap before GC invocations=3 (full 0):
 PSYoungGen      total 18944K, used 18914K [0x00000000feb00000, 0x0000000100000000, 0x0000000100000000)
  eden space 16384K, 100% used [0x00000000feb00000,0x00000000ffb00000,0x00000000ffb00000)
  from space 2560K, 98% used [0x00000000ffd80000,0x00000000ffff8818,0x0000000100000000)
  to   space 2560K, 0% used [0x00000000ffb00000,0x00000000ffb00000,0x00000000ffd80000)
 ParOldGen       total 44032K, used 5223K [0x00000000fc000000, 0x00000000feb00000, 0x00000000feb00000)
  object space 44032K, 11% used [0x00000000fc000000,0x00000000fc519d08,0x00000000feb00000)
 Metaspace       used 7874K, capacity 8076K, committed 8192K, reserved 1056768K
  class space    used 908K, capacity 988K, committed 1024K, reserved 1048576K
Event: 3.658 GC heap after
Heap after GC invocations=3 (full 0):
 PSYoungGen      total 18944K, used 2545K [0x00000000feb00000, 0x0000000100000000, 0x0000000100000000)
  eden space 16384K, 0% used [0x00000000feb00000,0x00000000feb00000,0x00000000ffb00000)
  from space 2560K, 99% used [0x00000000ffb00000,0x00000000ffd7c7f8,0x00000000ffd80000)
  to   space 2560K, 0% used [0x00000000ffd80000,0x00000000ffd80000,0x0000000100000000)
 ParOldGen       total 44032K, used 6032K [0x00000000fc000000, 0x00000000feb00000, 0x00000000feb00000)
  object space 44032K, 13% used [0x00000000fc000000,0x00000000fc5e41c8,0x00000000feb00000)
 Metaspace       used 7874K, capacity 8076K, committed 8192K, reserved 1056768K
  class space    used 908K, capacity 988K, committed 1024K, reserved 1048576K
}

Deoptimization events (10 events):
Event: 2.408 Thread 0x0000000004617000 Uncommon trap: reason=unstable_if action=reinterpret pc=0x0000000004900fc0 method=java.lang.String.indexOf([CII[CIII)I @ 134
Event: 2.485 Thread 0x0000000004617000 Uncommon trap: reason=unstable_if action=reinterpret pc=0x00000000049e2178 method=java.lang.String.<init>([CII)V @ 18
Event: 2.541 Thread 0x0000000004617000 Uncommon trap: reason=class_check action=maybe_recompile pc=0x0000000004945c9c method=java.util.HashMap.putVal(ILjava/lang/Object;Ljava/lang/Object;ZZ)Ljava/lang/Object; @ 203
Event: 2.568 Thread 0x0000000004617000 Uncommon trap: reason=class_check action=maybe_recompile pc=0x0000000004945c9c method=java.util.HashMap.putVal(ILjava/lang/Object;Ljava/lang/Object;ZZ)Ljava/lang/Object; @ 203
Event: 2.571 Thread 0x0000000004617000 Uncommon trap: reason=class_check action=maybe_recompile pc=0x0000000004945c9c method=java.util.HashMap.putVal(ILjava/lang/Object;Ljava/lang/Object;ZZ)Ljava/lang/Object; @ 203
Event: 2.571 Thread 0x0000000004617000 Uncommon trap: reason=class_check action=maybe_recompile pc=0x0000000004945c9c method=java.util.HashMap.putVal(ILjava/lang/Object;Ljava/lang/Object;ZZ)Ljava/lang/Object; @ 203
Event: 2.577 Thread 0x0000000004617000 Uncommon trap: reason=unstable_if action=reinterpret pc=0x0000000004a48698 method=org.objectweb.asm.Item.a(Lorg/objectweb/asm/Item;)Z @ 345
Event: 2.627 Thread 0x0000000004617000 Uncommon trap: reason=unstable_if action=reinterpret pc=0x0000000004a8ede8 method=java.io.BufferedOutputStream.write(I)V @ 9
Event: 3.727 Thread 0x0000000004617000 Uncommon trap: reason=null_check action=make_not_entrant pc=0x0000000004af9ee0 method=com.google.devtools.build.android.desugar.InterfaceDesugaring$InterfaceInvocationRewriter.visitMethodInsn(ILjava/lang/String;Ljava/lang/String;Ljava/lang/String;Z)V @ 10
Event: 3.736 Thread 0x0000000004617000 Uncommon trap: reason=null_check action=make_not_entrant pc=0x0000000004b09548 method=com.google.devtools.build.android.desugar.InterfaceDesugaring$InterfaceInvocationRewriter.visitMethodInsn(ILjava/lang/String;Ljava/lang/String;Ljava/lang/String;Z)V @ 10

Classes redefined (0 events):
No events

Internal exceptions (10 events):
Event: 1.694 Thread 0x0000000004617000 Exception <a 'sun/nio/fs/WindowsException'> (0x00000000ff1a7458) thrown at [D:\src\AOSP-openjdk-cygwin\jdk8u\hotspot\src\share\vm\prims\jni.cpp, line 709]
Event: 1.712 Thread 0x0000000004617000 Exception <a 'sun/nio/fs/WindowsException'> (0x00000000ff1ac798) thrown at [D:\src\AOSP-openjdk-cygwin\jdk8u\hotspot\src\share\vm\prims\jni.cpp, line 709]
Event: 2.195 Thread 0x0000000004617000 Exception <a 'sun/nio/fs/WindowsException'> (0x00000000ffae1ef8) thrown at [D:\src\AOSP-openjdk-cygwin\jdk8u\hotspot\src\share\vm\prims\jni.cpp, line 709]
Event: 2.195 Thread 0x0000000004617000 Exception <a 'sun/nio/fs/WindowsException'> (0x00000000ffae24c8) thrown at [D:\src\AOSP-openjdk-cygwin\jdk8u\hotspot\src\share\vm\prims\jni.cpp, line 709]
Event: 2.258 Thread 0x0000000004617000 Exception <a 'sun/nio/fs/WindowsException'> (0x00000000ffaeddb8) thrown at [D:\src\AOSP-openjdk-cygwin\jdk8u\hotspot\src\share\vm\prims\jni.cpp, line 709]
Event: 2.258 Thread 0x0000000004617000 Exception <a 'sun/nio/fs/WindowsException'> (0x00000000ffaee308) thrown at [D:\src\AOSP-openjdk-cygwin\jdk8u\hotspot\src\share\vm\prims\jni.cpp, line 709]
Event: 2.809 Thread 0x0000000004617000 Exception <a 'sun/nio/fs/WindowsException'> (0x00000000ff754568) thrown at [D:\src\AOSP-openjdk-cygwin\jdk8u\hotspot\src\share\vm\prims\jni.cpp, line 709]
Event: 2.812 Thread 0x0000000004617000 Exception <a 'sun/nio/fs/WindowsException'> (0x00000000ff754ab8) thrown at [D:\src\AOSP-openjdk-cygwin\jdk8u\hotspot\src\share\vm\prims\jni.cpp, line 709]
Event: 3.727 Thread 0x0000000004617000 Implicit null exception at 0x0000000004af9bb2 to 0x0000000004af9ec1
Event: 3.736 Thread 0x0000000004617000 Implicit null exception at 0x0000000004b08bd9 to 0x0000000004b09529

Events (10 events):
Event: 2.885 Executing VM operation: ParallelGCFailedAllocation
Event: 3.658 Executing VM operation: ParallelGCFailedAllocation done
Event: 3.721 Thread 0x0000000004617000 DEOPT PACKING pc=0x0000000004a6d6c6 sp=0x000000000460ea30
Event: 3.721 Thread 0x0000000004617000 DEOPT UNPACKING pc=0x00000000047575bf sp=0x000000000460e810 mode 0
Event: 3.727 Thread 0x0000000004617000 Uncommon trap: trap_request=0xfffffff4 fr.pc=0x0000000004af9ee0
Event: 3.727 Thread 0x0000000004617000 DEOPT PACKING pc=0x0000000004af9ee0 sp=0x000000000460e930
Event: 3.727 Thread 0x0000000004617000 DEOPT UNPACKING pc=0x000000000475556a sp=0x000000000460e8b0 mode 2
Event: 3.736 Thread 0x0000000004617000 Uncommon trap: trap_request=0xfffffff4 fr.pc=0x0000000004b09548
Event: 3.736 Thread 0x0000000004617000 DEOPT PACKING pc=0x0000000004b09548 sp=0x000000000460e970
Event: 3.736 Thread 0x0000000004617000 DEOPT UNPACKING pc=0x000000000475556a sp=0x000000000460e8b0 mode 2


Dynamic libraries:
0x00007ff62eef0000 - 0x00007ff62ef21000 	C:\Program Files\Android\Android Studio\jre\bin\java.exe
0x00007ffa4b720000 - 0x00007ffa4b900000 	C:\Windows\SYSTEM32\ntdll.dll
0x00007ffa4ad40000 - 0x00007ffa4adee000 	C:\Windows\System32\KERNEL32.DLL
0x00007ffa48860000 - 0x00007ffa48ac6000 	C:\Windows\System32\KERNELBASE.dll
0x00007ffa4ac00000 - 0x00007ffa4aca1000 	C:\Windows\System32\ADVAPI32.dll
0x00007ffa4b5e0000 - 0x00007ffa4b67d000 	C:\Windows\System32\msvcrt.dll
0x00007ffa4b680000 - 0x00007ffa4b6db000 	C:\Windows\System32\sechost.dll
0x00007ffa4a480000 - 0x00007ffa4a59f000 	C:\Windows\System32\RPCRT4.dll
0x00007ffa4b110000 - 0x00007ffa4b29f000 	C:\Windows\System32\USER32.dll
0x00007ffa48ad0000 - 0x00007ffa48af0000 	C:\Windows\System32\win32u.dll
0x00007ffa4a8a0000 - 0x00007ffa4a8c8000 	C:\Windows\System32\GDI32.dll
0x00007ffa47bd0000 - 0x00007ffa47d63000 	C:\Windows\System32\gdi32full.dll
0x00007ffa48b50000 - 0x00007ffa48beb000 	C:\Windows\System32\msvcp_win.dll
0x00007ffa48590000 - 0x00007ffa48686000 	C:\Windows\System32\ucrtbase.dll
0x00007ffa398b0000 - 0x00007ffa39b19000 	C:\Windows\WinSxS\amd64_microsoft.windows.common-controls_6595b64144ccf1df_6.0.16299.334_none_15cad2e69362ed51\COMCTL32.dll
0x00007ffa4b2a0000 - 0x00007ffa4b5a8000 	C:\Windows\System32\combase.dll
0x00007ffa484c0000 - 0x00007ffa48532000 	C:\Windows\System32\bcryptPrimitives.dll
0x00007ffa4b5b0000 - 0x00007ffa4b5dd000 	C:\Windows\System32\IMM32.DLL
0x00000000663a0000 - 0x0000000066472000 	C:\Program Files\Android\Android Studio\jre\jre\bin\msvcr100.dll
0x0000000066560000 - 0x0000000066d9e000 	C:\Program Files\Android\Android Studio\jre\jre\bin\server\jvm.dll
0x00007ffa4acb0000 - 0x00007ffa4acb8000 	C:\Windows\System32\PSAPI.DLL
0x00007ffa34a10000 - 0x00007ffa34a19000 	C:\Windows\SYSTEM32\WSOCK32.dll
0x00007ffa3e270000 - 0x00007ffa3e293000 	C:\Windows\SYSTEM32\WINMM.dll
0x00007ffa4a5a0000 - 0x00007ffa4a60c000 	C:\Windows\System32\WS2_32.dll
0x00007ffa3dbf0000 - 0x00007ffa3dc1a000 	C:\Windows\SYSTEM32\winmmbase.dll
0x00007ffa3d970000 - 0x00007ffa3d97a000 	C:\Windows\SYSTEM32\VERSION.dll
0x00007ffa48540000 - 0x00007ffa4858a000 	C:\Windows\System32\cfgmgr32.dll
0x00007ffa44520000 - 0x00007ffa4452f000 	C:\Program Files\Android\Android Studio\jre\jre\bin\verify.dll
0x00007ffa444f0000 - 0x00007ffa44519000 	C:\Program Files\Android\Android Studio\jre\jre\bin\java.dll
0x00007ffa444d0000 - 0x00007ffa444e6000 	C:\Program Files\Android\Android Studio\jre\jre\bin\zip.dll
0x00007ffa49040000 - 0x00007ffa4a476000 	C:\Windows\System32\SHELL32.dll
0x00007ffa4a790000 - 0x00007ffa4a836000 	C:\Windows\System32\shcore.dll
0x00007ffa47d70000 - 0x00007ffa484b7000 	C:\Windows\System32\windows.storage.dll
0x00007ffa4a840000 - 0x00007ffa4a891000 	C:\Windows\System32\shlwapi.dll
0x00007ffa47a70000 - 0x00007ffa47a81000 	C:\Windows\System32\kernel.appcore.dll
0x00007ffa47a90000 - 0x00007ffa47adc000 	C:\Windows\System32\powrprof.dll
0x00007ffa47ae0000 - 0x00007ffa47afb000 	C:\Windows\System32\profapi.dll
0x00007ffa474c0000 - 0x00007ffa474d7000 	C:\Windows\SYSTEM32\CRYPTSP.dll
0x00007ffa46f00000 - 0x00007ffa46f33000 	C:\Windows\system32\rsaenh.dll
0x00007ffa475d0000 - 0x00007ffa475f5000 	C:\Windows\SYSTEM32\bcrypt.dll
0x00007ffa479a0000 - 0x00007ffa479c9000 	C:\Windows\SYSTEM32\USERENV.dll
0x00007ffa474e0000 - 0x00007ffa474eb000 	C:\Windows\SYSTEM32\CRYPTBASE.dll
0x00007ffa444b0000 - 0x00007ffa444ca000 	C:\Program Files\Android\Android Studio\jre\jre\bin\net.dll
0x00007ffa47300000 - 0x00007ffa47366000 	C:\Windows\system32\mswsock.dll
0x00007ffa47090000 - 0x00007ffa470c9000 	C:\Windows\SYSTEM32\IPHLPAPI.DLL
0x00007ffa4a720000 - 0x00007ffa4a728000 	C:\Windows\System32\NSI.dll
0x00007ffa43420000 - 0x00007ffa43436000 	C:\Windows\SYSTEM32\dhcpcsvc6.DLL
0x00007ffa436f0000 - 0x00007ffa4370a000 	C:\Windows\SYSTEM32\dhcpcsvc.DLL
0x00007ffa44490000 - 0x00007ffa444a1000 	C:\Program Files\Android\Android Studio\jre\jre\bin\nio.dll

VM Arguments:
jvm_args: -Djava.awt.headless=true -Xmx64M -Dfile.encoding=windows-1256 -Duser.country=US -Duser.language=en -Duser.variant 
java_command: com.google.devtools.build.android.desugar.Desugar --input C:\Users\MSI\Desktop\SimsimInstantOrder_V1_S\SimsimInstantOrder_V1\app\build\intermediates\transforms\stackFramesFixer\debug\66.jar --output C:\Users\MSI\Desktop\SimsimInstantOrder_V1_S\SimsimInstantOrder_V1\app\build\intermediates\transforms\desugar\debug\67.jar --input C:\Users\MSI\Desktop\SimsimInstantOrder_V1_S\SimsimInstantOrder_V1\app\build\intermediates\transforms\stackFramesFixer\debug\31.jar --output C:\Users\MSI\Desktop\SimsimInstantOrder_V1_S\SimsimInstantOrder_V1\app\build\intermediates\transforms\desugar\debug\32.jar --input C:\Users\MSI\Desktop\SimsimInstantOrder_V1_S\SimsimInstantOrder_V1\app\build\intermediates\transforms\stackFramesFixer\debug\43.jar --output C:\Users\MSI\Desktop\SimsimInstantOrder_V1_S\SimsimInstantOrder_V1\app\build\intermediates\transforms\desugar\debug\44.jar --input C:\Users\MSI\Desktop\SimsimInstantOrder_V1_S\SimsimInstantOrder_V1\app\build\intermediates\transforms\stackFramesFixer\debug\52.jar --output C:\Users\MSI\Desktop\SimsimInstantOrder_V1_S\SimsimInstantOrder_V1\app\build\intermediates\transforms\desugar\debug\53.jar --input C:\Users\MSI\Desktop\SimsimInstantOrder_V1_S\SimsimInstantOrder_V1\app\build\intermediates\transforms\stackFramesFixer\debug\57.jar --output C:\Users\MSI\Desktop\SimsimInstantOrder_V1_S\SimsimInstantOrder_V1\app\build\intermediates\transforms\desugar\debug\58.jar --input C:\Users\MSI\Desktop\SimsimInstantOrder_V1_S\SimsimInstantOrder_V1\app\build\intermediates\transforms\stackFramesFixer\debug\63.jar --output C:\Users\MSI\Desktop\SimsimInstantOrder_V1_S\SimsimInstantOrder_V1\app\build\intermediates\transforms\desugar\debug\64.jar --input C:\Users\MSI\Desktop\SimsimInstantOrder_V1_S\SimsimInstantOrder_V1\app\build\intermediates\transforms\stackFramesFixer\debug\56.jar --output C:\Users\MSI\Desktop\SimsimInstantOrder_V1_S\SimsimInstantOrder_V1\app\build\intermediates\transforms\desugar\debug\57.jar --input C:\Users\MSI\Desktop\S
java_class_path (initial): C:\Users\MSI\AppData\Local\Temp\desugar_deploy.jar3681423725215160077
Launcher Type: SUN_STANDARD

Environment Variables:
JAVA_HOME=C:\Program Files\Java\jdk1.8.0_112
PATH=C:\Windows\system32;C:\Windows;C:\Windows\System32\Wbem;C:\Windows\System32\WindowsPowerShell\v1.0\;C:\Program Files (x86)\NVIDIA Corporation\PhysX\Common;C:\Program Files\Intel\WiFi\bin\;C:\Program Files\Common Files\Intel\WirelessCommon\;C:\Program Files (x86)\Skype\Phone\;C:\Users\MSI\AppData\Local\Microsoft\WindowsApps;C:\Program Files\Intel\WiFi\bin\;C:\Program Files\Common Files\Intel\WirelessCommon\;C:\Users\MSI\AppData\Local\GitHubDesktop\bin
USERNAME=MSI
OS=Windows_NT
PROCESSOR_IDENTIFIER=Intel64 Family 6 Model 158 Stepping 9, GenuineIntel



---------------  S Y S T E M  ---------------

OS: Windows 10.0 , 64 bit Build 16299 (10.0.16299.15)

CPU:total 8 (initial active 8) (4 cores per cpu, 2 threads per core) family 6 model 158 stepping 9, cmov, cx8, fxsr, mmx, sse, sse2, sse3, ssse3, sse4.1, sse4.2, popcnt, avx, avx2, aes, clmul, erms, 3dnowpref, lzcnt, ht, tsc, tscinvbit, bmi1, bmi2, adx

Memory: 4k page, physical 8274616k(500528k free), swap 23825076k(2452k free)

vm_info: OpenJDK 64-Bit Server VM (25.152-b01) for windows-amd64 JRE (1.8.0_152-release-915-b01), built by "builder" with MS VC++ 10.0 (VS2010)

time: Sun Mar 25 14:48:36 2018
elapsed time: 3 seconds (0d 0h 0m 3s)

