#
# There is insufficient memory for the Java Runtime Environment to continue.
# Native memory allocation (malloc) failed to allocate 317776 bytes for Chunk::new
# Possible reasons:
#   The system is out of physical RAM or swap space
#   In 32 bit mode, the process size limit was hit
# Possible solutions:
#   Reduce memory load on the system
#   Increase physical memory or swap space
#   Check if swap backing store is full
#   Use 64 bit Java on a 64 bit OS
#   Decrease Java heap size (-Xmx/-Xms)
#   Decrease number of Java threads
#   Decrease Java thread stack sizes (-Xss)
#   Set larger code cache with -XX:ReservedCodeCacheSize=
# This output file may be truncated or incomplete.
#
#  Out of Memory Error (allocation.cpp:390), pid=19424, tid=0x0000000000004cf8
#
# JRE version: OpenJDK Runtime Environment (8.0_152-b01) (build 1.8.0_152-release-915-b01)
# Java VM: OpenJDK 64-Bit Server VM (25.152-b01 mixed mode windows-amd64 compressed oops)
# Failed to write core dump. Minidumps are not enabled by default on client versions of Windows
#

---------------  T H R E A D  ---------------

Current thread (0x000000001752e800):  JavaThread "C2 CompilerThread2" daemon [_thread_in_native, id=19704, stack(0x0000000017fe0000,0x00000000180e0000)]

Stack: [0x0000000017fe0000,0x00000000180e0000]
[error occurred during error reporting (printing stack bounds), id 0xc0000005]

Native frames: (J=compiled Java code, j=interpreted, Vv=VM code, C=native code)


Current CompileTask:
C2:   3165 1136       4       org.objectweb.asm.MethodWriter::visitMethodInsn (228 bytes)


---------------  P R O C E S S  ---------------

Java Threads: ( => current thread )
  0x000000001760a000 JavaThread "Service Thread" daemon [_thread_blocked, id=16284, stack(0x00000000181e0000,0x00000000182e0000)]
  0x000000001561d800 JavaThread "C1 CompilerThread3" daemon [_thread_blocked, id=20272, stack(0x00000000180e0000,0x00000000181e0000)]
=>0x000000001752e800 JavaThread "C2 CompilerThread2" daemon [_thread_in_native, id=19704, stack(0x0000000017fe0000,0x00000000180e0000)]
  0x000000001752c000 JavaThread "C2 CompilerThread1" daemon [_thread_blocked, id=20008, stack(0x0000000017ee0000,0x0000000017fe0000)]
  0x000000001752a000 JavaThread "C2 CompilerThread0" daemon [_thread_in_native, id=8672, stack(0x0000000017de0000,0x0000000017ee0000)]
  0x0000000017529000 JavaThread "Attach Listener" daemon [_thread_blocked, id=20216, stack(0x0000000017ce0000,0x0000000017de0000)]
  0x0000000017579800 JavaThread "Signal Dispatcher" daemon [_thread_blocked, id=13464, stack(0x0000000017be0000,0x0000000017ce0000)]
  0x0000000017510800 JavaThread "Finalizer" daemon [_thread_blocked, id=9304, stack(0x00000000178f0000,0x00000000179f0000)]
  0x000000001560a000 JavaThread "Reference Handler" daemon [_thread_blocked, id=18832, stack(0x00000000173f0000,0x00000000174f0000)]
  0x0000000004d67000 JavaThread "main" [_thread_blocked, id=13912, stack(0x0000000004bb0000,0x0000000004cb0000)]

Other Threads:
  0x0000000004e5e800 VMThread [stack: 0x00000000172f0000,0x00000000173f0000] [id=6348]
  0x000000001561e800 WatcherThread [stack: 0x00000000182e0000,0x00000000183e0000] [id=4508]

VM state:not at safepoint (normal execution)

VM Mutex/Monitor currently owned by a thread: None

Heap:
 PSYoungGen      total 18944K, used 6496K [0x00000000feb00000, 0x0000000100000000, 0x0000000100000000)
  eden space 16384K, 24% used [0x00000000feb00000,0x00000000feedb1d8,0x00000000ffb00000)
  from space 2560K, 99% used [0x00000000ffb00000,0x00000000ffd7d210,0x00000000ffd80000)
  to   space 2560K, 0% used [0x00000000ffd80000,0x00000000ffd80000,0x0000000100000000)
 ParOldGen       total 44032K, used 6122K [0x00000000fc000000, 0x00000000feb00000, 0x00000000feb00000)
  object space 44032K, 13% used [0x00000000fc000000,0x00000000fc5fa868,0x00000000feb00000)
 Metaspace       used 7923K, capacity 8076K, committed 8192K, reserved 1056768K
  class space    used 908K, capacity 988K, committed 1024K, reserved 1048576K

Card table byte_map: [0x0000000004cb0000,0x0000000004ce0000] byte_map_base: 0x00000000044d0000

Marking Bits: (ParMarkBitMap*) 0x0000000066d23950
 Begin Bits: [0x0000000014a20000, 0x0000000014b20000)
 End Bits:   [0x0000000014b20000, 0x0000000014c20000)

Polling page: 0x00000000009e0000

CodeCache: size=245760Kb used=4062Kb max_used=4074Kb free=241697Kb
 bounds [0x0000000004e60000, 0x0000000005260000, 0x0000000013e60000]
 total_blobs=1465 nmethods=1133 adapters=246
 compilation: enabled

Compilation events (10 events):
Event: 3.139 Thread 0x000000001561d800 1132       3       com.google.devtools.build.android.desugar.CoreLibraryRewriter::reader (29 bytes)
Event: 3.139 Thread 0x000000001561d800 nmethod 1132 0x0000000005251cd0 code [0x0000000005251e80, 0x0000000005252388]
Event: 3.139 Thread 0x000000001561d800 1134   !   3       org.objectweb.asm.ClassReader::a (163 bytes)
Event: 3.140 Thread 0x000000001752e800 1136       4       org.objectweb.asm.MethodWriter::visitMethodInsn (228 bytes)
Event: 3.140 Thread 0x000000001561d800 nmethod 1134 0x0000000005250890 code [0x0000000005250ac0, 0x00000000052517c8]
Event: 3.140 Thread 0x000000001561d800 1135       3       org.objectweb.asm.MethodVisitor::visitAnnotation (19 bytes)
Event: 3.140 Thread 0x000000001561d800 nmethod 1135 0x00000000052503d0 code [0x0000000005250540, 0x00000000052507a8]
Event: 3.140 Thread 0x000000001561d800 1133       3       org.objectweb.asm.ClassReader::<init> (10 bytes)
Event: 3.140 Thread 0x000000001561d800 nmethod 1133 0x0000000005257450 code [0x00000000052575c0, 0x00000000052577f8]
Event: 3.143 Thread 0x000000001752c000 nmethod 1130 0x000000000525d9d0 code [0x000000000525db40, 0x000000000525dff8]

GC Heap History (6 events):
Event: 1.531 GC heap before
{Heap before GC invocations=1 (full 0):
 PSYoungGen      total 18944K, used 16384K [0x00000000feb00000, 0x0000000100000000, 0x0000000100000000)
  eden space 16384K, 100% used [0x00000000feb00000,0x00000000ffb00000,0x00000000ffb00000)
  from space 2560K, 0% used [0x00000000ffd80000,0x00000000ffd80000,0x0000000100000000)
  to   space 2560K, 0% used [0x00000000ffb00000,0x00000000ffb00000,0x00000000ffd80000)
 ParOldGen       total 44032K, used 0K [0x00000000fc000000, 0x00000000feb00000, 0x00000000feb00000)
  object space 44032K, 0% used [0x00000000fc000000,0x00000000fc000000,0x00000000feb00000)
 Metaspace       used 6592K, capacity 6746K, committed 7040K, reserved 1056768K
  class space    used 772K, capacity 823K, committed 896K, reserved 1048576K
Event: 1.591 GC heap after
Heap after GC invocations=1 (full 0):
 PSYoungGen      total 18944K, used 2554K [0x00000000feb00000, 0x0000000100000000, 0x0000000100000000)
  eden space 16384K, 0% used [0x00000000feb00000,0x00000000feb00000,0x00000000ffb00000)
  from space 2560K, 99% used [0x00000000ffb00000,0x00000000ffd7ea20,0x00000000ffd80000)
  to   space 2560K, 0% used [0x00000000ffd80000,0x00000000ffd80000,0x0000000100000000)
 ParOldGen       total 44032K, used 1594K [0x00000000fc000000, 0x00000000feb00000, 0x00000000feb00000)
  object space 44032K, 3% used [0x00000000fc000000,0x00000000fc18ebd8,0x00000000feb00000)
 Metaspace       used 6592K, capacity 6746K, committed 7040K, reserved 1056768K
  class space    used 772K, capacity 823K, committed 896K, reserved 1048576K
}
Event: 2.202 GC heap before
{Heap before GC invocations=2 (full 0):
 PSYoungGen      total 18944K, used 18938K [0x00000000feb00000, 0x0000000100000000, 0x0000000100000000)
  eden space 16384K, 100% used [0x00000000feb00000,0x00000000ffb00000,0x00000000ffb00000)
  from space 2560K, 99% used [0x00000000ffb00000,0x00000000ffd7ea20,0x00000000ffd80000)
  to   space 2560K, 0% used [0x00000000ffd80000,0x00000000ffd80000,0x0000000100000000)
 ParOldGen       total 44032K, used 1594K [0x00000000fc000000, 0x00000000feb00000, 0x00000000feb00000)
  object space 44032K, 3% used [0x00000000fc000000,0x00000000fc18ebd8,0x00000000feb00000)
 Metaspace       used 6988K, capacity 7116K, committed 7296K, reserved 1056768K
  class space    used 820K, capacity 860K, committed 896K, reserved 1048576K
Event: 2.209 GC heap after
Heap after GC invocations=2 (full 0):
 PSYoungGen      total 18944K, used 2546K [0x00000000feb00000, 0x0000000100000000, 0x0000000100000000)
  eden space 16384K, 0% used [0x00000000feb00000,0x00000000feb00000,0x00000000ffb00000)
  from space 2560K, 99% used [0x00000000ffd80000,0x00000000ffffc800,0x0000000100000000)
  to   space 2560K, 0% used [0x00000000ffb00000,0x00000000ffb00000,0x00000000ffd80000)
 ParOldGen       total 44032K, used 5184K [0x00000000fc000000, 0x00000000feb00000, 0x00000000feb00000)
  object space 44032K, 11% used [0x00000000fc000000,0x00000000fc5100c0,0x00000000feb00000)
 Metaspace       used 6988K, capacity 7116K, committed 7296K, reserved 1056768K
  class space    used 820K, capacity 860K, committed 896K, reserved 1048576K
}
Event: 2.712 GC heap before
{Heap before GC invocations=3 (full 0):
 PSYoungGen      total 18944K, used 18930K [0x00000000feb00000, 0x0000000100000000, 0x0000000100000000)
  eden space 16384K, 100% used [0x00000000feb00000,0x00000000ffb00000,0x00000000ffb00000)
  from space 2560K, 99% used [0x00000000ffd80000,0x00000000ffffc800,0x0000000100000000)
  to   space 2560K, 0% used [0x00000000ffb00000,0x00000000ffb00000,0x00000000ffd80000)
 ParOldGen       total 44032K, used 5184K [0x00000000fc000000, 0x00000000feb00000, 0x00000000feb00000)
  object space 44032K, 11% used [0x00000000fc000000,0x00000000fc5100c0,0x00000000feb00000)
 Metaspace       used 7904K, capacity 8076K, committed 8192K, reserved 1056768K
  class space    used 907K, capacity 988K, committed 1024K, reserved 1048576K
Event: 2.783 GC heap after
Heap after GC invocations=3 (full 0):
 PSYoungGen      total 18944K, used 2548K [0x00000000feb00000, 0x0000000100000000, 0x0000000100000000)
  eden space 16384K, 0% used [0x00000000feb00000,0x00000000feb00000,0x00000000ffb00000)
  from space 2560K, 99% used [0x00000000ffb00000,0x00000000ffd7d210,0x00000000ffd80000)
  to   space 2560K, 0% used [0x00000000ffd80000,0x00000000ffd80000,0x0000000100000000)
 ParOldGen       total 44032K, used 6122K [0x00000000fc000000, 0x00000000feb00000, 0x00000000feb00000)
  object space 44032K, 13% used [0x00000000fc000000,0x00000000fc5fa868,0x00000000feb00000)
 Metaspace       used 7904K, capacity 8076K, committed 8192K, reserved 1056768K
  class space    used 907K, capacity 988K, committed 1024K, reserved 1048576K
}

Deoptimization events (10 events):
Event: 2.250 Thread 0x0000000004d67000 Uncommon trap: reason=class_check action=maybe_recompile pc=0x000000000509d058 method=com.google.common.collect.TransformedIterator.next()Ljava/lang/Object; @ 5
Event: 2.250 Thread 0x0000000004d67000 Uncommon trap: reason=class_check action=maybe_recompile pc=0x0000000005089810 method=com.google.common.collect.Iterators$7.transform(Ljava/lang/Object;)Ljava/lang/Object; @ 5
Event: 2.367 Thread 0x0000000004d67000 Uncommon trap: reason=unstable_if action=reinterpret pc=0x0000000005060380 method=java.lang.String.indexOf([CII[CIII)I @ 134
Event: 2.387 Thread 0x0000000004d67000 Uncommon trap: reason=unstable_if action=reinterpret pc=0x00000000050281f8 method=java.lang.String.<init>([CII)V @ 18
Event: 2.409 Thread 0x0000000004d67000 Uncommon trap: reason=unstable_if action=reinterpret pc=0x0000000005148a88 method=java.lang.String.<init>([CII)V @ 18
Event: 2.547 Thread 0x0000000004d67000 Uncommon trap: reason=unstable_if action=reinterpret pc=0x000000000514ef98 method=org.objectweb.asm.Item.a(Lorg/objectweb/asm/Item;)Z @ 345
Event: 2.704 Thread 0x0000000004d67000 Uncommon trap: reason=unstable_if action=reinterpret pc=0x00000000051eeb30 method=org.objectweb.asm.Type.getArgumentsAndReturnSizes(Ljava/lang/String;)I @ 100
Event: 2.787 Thread 0x0000000004d67000 Uncommon trap: reason=unstable_if action=reinterpret pc=0x000000000520bbb4 method=org.objectweb.asm.tree.MethodNode.getLabelNodes([Ljava/lang/Object;)[Ljava/lang/Object; @ 24
Event: 2.797 Thread 0x0000000004d67000 Uncommon trap: reason=null_check action=make_not_entrant pc=0x00000000052464e0 method=com.google.devtools.build.android.desugar.InterfaceDesugaring$InterfaceInvocationRewriter.visitMethodInsn(ILjava/lang/String;Ljava/lang/String;Ljava/lang/String;Z)V @ 10
Event: 2.869 Thread 0x0000000004d67000 Uncommon trap: reason=unstable_if action=reinterpret pc=0x000000000521f328 method=java.io.BufferedOutputStream.write(I)V @ 9

Classes redefined (0 events):
No events

Internal exceptions (10 events):
Event: 1.707 Thread 0x0000000004d67000 Exception <a 'sun/nio/fs/WindowsException'> (0x00000000ff1aec80) thrown at [D:\src\AOSP-openjdk-cygwin\jdk8u\hotspot\src\share\vm\prims\jni.cpp, line 709]
Event: 2.197 Thread 0x0000000004d67000 Exception <a 'sun/nio/fs/WindowsException'> (0x00000000ffae42b0) thrown at [D:\src\AOSP-openjdk-cygwin\jdk8u\hotspot\src\share\vm\prims\jni.cpp, line 709]
Event: 2.197 Thread 0x0000000004d67000 Exception <a 'sun/nio/fs/WindowsException'> (0x00000000ffae4880) thrown at [D:\src\AOSP-openjdk-cygwin\jdk8u\hotspot\src\share\vm\prims\jni.cpp, line 709]
Event: 2.797 Thread 0x0000000004d67000 Implicit null exception at 0x00000000052461b2 to 0x00000000052464c1
Event: 2.926 Thread 0x0000000004d67000 Exception <a 'sun/nio/fs/WindowsException'> (0x00000000fedad9f8) thrown at [D:\src\AOSP-openjdk-cygwin\jdk8u\hotspot\src\share\vm\prims\jni.cpp, line 709]
Event: 2.951 Thread 0x0000000004d67000 Exception <a 'sun/nio/fs/WindowsException'> (0x00000000fedadf48) thrown at [D:\src\AOSP-openjdk-cygwin\jdk8u\hotspot\src\share\vm\prims\jni.cpp, line 709]
Event: 3.119 Thread 0x0000000004d67000 Exception <a 'sun/nio/fs/WindowsException'> (0x00000000fedb14f0) thrown at [D:\src\AOSP-openjdk-cygwin\jdk8u\hotspot\src\share\vm\prims\jni.cpp, line 709]
Event: 3.119 Thread 0x0000000004d67000 Exception <a 'sun/nio/fs/WindowsException'> (0x00000000fedb1a40) thrown at [D:\src\AOSP-openjdk-cygwin\jdk8u\hotspot\src\share\vm\prims\jni.cpp, line 709]
Event: 3.128 Thread 0x0000000004d67000 Exception <a 'sun/nio/fs/WindowsException'> (0x00000000fedb4fe8) thrown at [D:\src\AOSP-openjdk-cygwin\jdk8u\hotspot\src\share\vm\prims\jni.cpp, line 709]
Event: 3.128 Thread 0x0000000004d67000 Exception <a 'sun/nio/fs/WindowsException'> (0x00000000fedb5538) thrown at [D:\src\AOSP-openjdk-cygwin\jdk8u\hotspot\src\share\vm\prims\jni.cpp, line 709]

Events (10 events):
Event: 2.787 Thread 0x0000000004d67000 DEOPT PACKING pc=0x000000000520bbb4 sp=0x0000000004cae5a0
Event: 2.787 Thread 0x0000000004d67000 DEOPT UNPACKING pc=0x0000000004ea556a sp=0x0000000004cae530 mode 2
Event: 2.797 Thread 0x0000000004d67000 Uncommon trap: trap_request=0xfffffff4 fr.pc=0x00000000052464e0
Event: 2.797 Thread 0x0000000004d67000 DEOPT PACKING pc=0x00000000052464e0 sp=0x0000000004cae7a0
Event: 2.797 Thread 0x0000000004d67000 DEOPT UNPACKING pc=0x0000000004ea556a sp=0x0000000004cae720 mode 2
Event: 2.868 loading class java/util/Vector$Itr
Event: 2.868 loading class java/util/Vector$Itr done
Event: 2.869 Thread 0x0000000004d67000 Uncommon trap: trap_request=0xffffff65 fr.pc=0x000000000521f328
Event: 2.869 Thread 0x0000000004d67000 DEOPT PACKING pc=0x000000000521f328 sp=0x0000000004caecf0
Event: 2.869 Thread 0x0000000004d67000 DEOPT UNPACKING pc=0x0000000004ea556a sp=0x0000000004caeca0 mode 2


Dynamic libraries:
0x00007ff62eef0000 - 0x00007ff62ef21000 	C:\Program Files\Android\Android Studio\jre\bin\java.exe
0x00007ffa4b720000 - 0x00007ffa4b900000 	C:\Windows\SYSTEM32\ntdll.dll
0x00007ffa4ad40000 - 0x00007ffa4adee000 	C:\Windows\System32\KERNEL32.DLL
0x00007ffa48860000 - 0x00007ffa48ac6000 	C:\Windows\System32\KERNELBASE.dll
0x00007ffa4ac00000 - 0x00007ffa4aca1000 	C:\Windows\System32\ADVAPI32.dll
0x00007ffa4b5e0000 - 0x00007ffa4b67d000 	C:\Windows\System32\msvcrt.dll
0x00007ffa4b680000 - 0x00007ffa4b6db000 	C:\Windows\System32\sechost.dll
0x00007ffa4a480000 - 0x00007ffa4a59f000 	C:\Windows\System32\RPCRT4.dll
0x00007ffa4b110000 - 0x00007ffa4b29f000 	C:\Windows\System32\USER32.dll
0x00007ffa48ad0000 - 0x00007ffa48af0000 	C:\Windows\System32\win32u.dll
0x00007ffa4a8a0000 - 0x00007ffa4a8c8000 	C:\Windows\System32\GDI32.dll
0x00007ffa47bd0000 - 0x00007ffa47d63000 	C:\Windows\System32\gdi32full.dll
0x00007ffa48b50000 - 0x00007ffa48beb000 	C:\Windows\System32\msvcp_win.dll
0x00007ffa48590000 - 0x00007ffa48686000 	C:\Windows\System32\ucrtbase.dll
0x00007ffa398b0000 - 0x00007ffa39b19000 	C:\Windows\WinSxS\amd64_microsoft.windows.common-controls_6595b64144ccf1df_6.0.16299.334_none_15cad2e69362ed51\COMCTL32.dll
0x00007ffa4b2a0000 - 0x00007ffa4b5a8000 	C:\Windows\System32\combase.dll
0x00007ffa484c0000 - 0x00007ffa48532000 	C:\Windows\System32\bcryptPrimitives.dll
0x00007ffa4b5b0000 - 0x00007ffa4b5dd000 	C:\Windows\System32\IMM32.DLL
0x00000000663a0000 - 0x0000000066472000 	C:\Program Files\Android\Android Studio\jre\jre\bin\msvcr100.dll
0x0000000066560000 - 0x0000000066d9e000 	C:\Program Files\Android\Android Studio\jre\jre\bin\server\jvm.dll
0x00007ffa4acb0000 - 0x00007ffa4acb8000 	C:\Windows\System32\PSAPI.DLL
0x00007ffa34a10000 - 0x00007ffa34a19000 	C:\Windows\SYSTEM32\WSOCK32.dll
0x00007ffa4a5a0000 - 0x00007ffa4a60c000 	C:\Windows\System32\WS2_32.dll
0x00007ffa3e270000 - 0x00007ffa3e293000 	C:\Windows\SYSTEM32\WINMM.dll
0x00007ffa3d970000 - 0x00007ffa3d97a000 	C:\Windows\SYSTEM32\VERSION.dll
0x00007ffa3dbf0000 - 0x00007ffa3dc1a000 	C:\Windows\SYSTEM32\WINMMBASE.dll
0x00007ffa48540000 - 0x00007ffa4858a000 	C:\Windows\System32\cfgmgr32.dll
0x00007ffa44520000 - 0x00007ffa4452f000 	C:\Program Files\Android\Android Studio\jre\jre\bin\verify.dll
0x00007ffa444f0000 - 0x00007ffa44519000 	C:\Program Files\Android\Android Studio\jre\jre\bin\java.dll
0x00007ffa444d0000 - 0x00007ffa444e6000 	C:\Program Files\Android\Android Studio\jre\jre\bin\zip.dll
0x00007ffa49040000 - 0x00007ffa4a476000 	C:\Windows\System32\SHELL32.dll
0x00007ffa4a790000 - 0x00007ffa4a836000 	C:\Windows\System32\shcore.dll
0x00007ffa47d70000 - 0x00007ffa484b7000 	C:\Windows\System32\windows.storage.dll
0x00007ffa4a840000 - 0x00007ffa4a891000 	C:\Windows\System32\shlwapi.dll
0x00007ffa47a70000 - 0x00007ffa47a81000 	C:\Windows\System32\kernel.appcore.dll
0x00007ffa47a90000 - 0x00007ffa47adc000 	C:\Windows\System32\powrprof.dll
0x00007ffa47ae0000 - 0x00007ffa47afb000 	C:\Windows\System32\profapi.dll
0x00007ffa474c0000 - 0x00007ffa474d7000 	C:\Windows\SYSTEM32\CRYPTSP.dll
0x00007ffa46f00000 - 0x00007ffa46f33000 	C:\Windows\system32\rsaenh.dll
0x00007ffa475d0000 - 0x00007ffa475f5000 	C:\Windows\SYSTEM32\bcrypt.dll
0x00007ffa479a0000 - 0x00007ffa479c9000 	C:\Windows\SYSTEM32\USERENV.dll
0x00007ffa474e0000 - 0x00007ffa474eb000 	C:\Windows\SYSTEM32\CRYPTBASE.dll
0x00007ffa444b0000 - 0x00007ffa444ca000 	C:\Program Files\Android\Android Studio\jre\jre\bin\net.dll
0x00007ffa47300000 - 0x00007ffa47366000 	C:\Windows\system32\mswsock.dll
0x00007ffa47090000 - 0x00007ffa470c9000 	C:\Windows\SYSTEM32\IPHLPAPI.DLL
0x00007ffa4a720000 - 0x00007ffa4a728000 	C:\Windows\System32\NSI.dll
0x00007ffa43420000 - 0x00007ffa43436000 	C:\Windows\SYSTEM32\dhcpcsvc6.DLL
0x00007ffa436f0000 - 0x00007ffa4370a000 	C:\Windows\SYSTEM32\dhcpcsvc.DLL
0x00007ffa44490000 - 0x00007ffa444a1000 	C:\Program Files\Android\Android Studio\jre\jre\bin\nio.dll

VM Arguments:
jvm_args: -Djava.awt.headless=true -Xmx64M -Dfile.encoding=windows-1256 -Duser.country=US -Duser.language=en -Duser.variant 
java_command: com.google.devtools.build.android.desugar.Desugar --input C:\Users\MSI\Desktop\SimsimInstantOrder_V1_S\SimsimInstantOrder_V1\app\build\intermediates\transforms\stackFramesFixer\debug\36.jar --output C:\Users\MSI\Desktop\SimsimInstantOrder_V1_S\SimsimInstantOrder_V1\app\build\intermediates\transforms\desugar\debug\37.jar --input C:\Users\MSI\Desktop\SimsimInstantOrder_V1_S\SimsimInstantOrder_V1\app\build\intermediates\transforms\stackFramesFixer\debug\67.jar --output C:\Users\MSI\Desktop\SimsimInstantOrder_V1_S\SimsimInstantOrder_V1\app\build\intermediates\transforms\desugar\debug\68.jar --input C:\Users\MSI\Desktop\SimsimInstantOrder_V1_S\SimsimInstantOrder_V1\app\build\intermediates\transforms\stackFramesFixer\debug\66.jar --output C:\Users\MSI\Desktop\SimsimInstantOrder_V1_S\SimsimInstantOrder_V1\app\build\intermediates\transforms\desugar\debug\67.jar --input C:\Users\MSI\Desktop\SimsimInstantOrder_V1_S\SimsimInstantOrder_V1\app\build\intermediates\transforms\stackFramesFixer\debug\18.jar --output C:\Users\MSI\Desktop\SimsimInstantOrder_V1_S\SimsimInstantOrder_V1\app\build\intermediates\transforms\desugar\debug\19.jar --input C:\Users\MSI\Desktop\SimsimInstantOrder_V1_S\SimsimInstantOrder_V1\app\build\intermediates\transforms\stackFramesFixer\debug\23.jar --output C:\Users\MSI\Desktop\SimsimInstantOrder_V1_S\SimsimInstantOrder_V1\app\build\intermediates\transforms\desugar\debug\24.jar --input C:\Users\MSI\Desktop\SimsimInstantOrder_V1_S\SimsimInstantOrder_V1\app\build\intermediates\transforms\stackFramesFixer\debug\21.jar --output C:\Users\MSI\Desktop\SimsimInstantOrder_V1_S\SimsimInstantOrder_V1\app\build\intermediates\transforms\desugar\debug\22.jar --input C:\Users\MSI\Desktop\SimsimInstantOrder_V1_S\SimsimInstantOrder_V1\app\build\intermediates\transforms\stackFramesFixer\debug\3.jar --output C:\Users\MSI\Desktop\SimsimInstantOrder_V1_S\SimsimInstantOrder_V1\app\build\intermediates\transforms\desugar\debug\4.jar --input C:\Users\MSI\Desktop\Sim
java_class_path (initial): C:\Users\MSI\AppData\Local\Temp\desugar_deploy.jar3681423725215160077
Launcher Type: SUN_STANDARD

Environment Variables:
JAVA_HOME=C:\Program Files\Java\jdk1.8.0_112
PATH=C:\Windows\system32;C:\Windows;C:\Windows\System32\Wbem;C:\Windows\System32\WindowsPowerShell\v1.0\;C:\Program Files (x86)\NVIDIA Corporation\PhysX\Common;C:\Program Files\Intel\WiFi\bin\;C:\Program Files\Common Files\Intel\WirelessCommon\;C:\Program Files (x86)\Skype\Phone\;C:\Users\MSI\AppData\Local\Microsoft\WindowsApps;C:\Program Files\Intel\WiFi\bin\;C:\Program Files\Common Files\Intel\WirelessCommon\;C:\Users\MSI\AppData\Local\GitHubDesktop\bin
USERNAME=MSI
OS=Windows_NT
PROCESSOR_IDENTIFIER=Intel64 Family 6 Model 158 Stepping 9, GenuineIntel



---------------  S Y S T E M  ---------------

OS: Windows 10.0 , 64 bit Build 16299 (10.0.16299.15)

CPU:total 8 (initial active 8) (4 cores per cpu, 2 threads per core) family 6 model 158 stepping 9, cmov, cx8, fxsr, mmx, sse, sse2, sse3, ssse3, sse4.1, sse4.2, popcnt, avx, avx2, aes, clmul, erms, 3dnowpref, lzcnt, ht, tsc, tscinvbit, bmi1, bmi2, adx

Memory: 4k page, physical 8274616k(367296k free), swap 23825076k(136k free)

vm_info: OpenJDK 64-Bit Server VM (25.152-b01) for windows-amd64 JRE (1.8.0_152-release-915-b01), built by "builder" with MS VC++ 10.0 (VS2010)

time: Sun Mar 25 14:52:41 2018
elapsed time: 3 seconds (0d 0h 0m 3s)

