#
# There is insufficient memory for the Java Runtime Environment to continue.
# Native memory allocation (malloc) failed to allocate 32744 bytes for ChunkPool::allocate
# Possible reasons:
#   The system is out of physical RAM or swap space
#   In 32 bit mode, the process size limit was hit
# Possible solutions:
#   Reduce memory load on the system
#   Increase physical memory or swap space
#   Check if swap backing store is full
#   Use 64 bit Java on a 64 bit OS
#   Decrease Java heap size (-Xmx/-Xms)
#   Decrease number of Java threads
#   Decrease Java thread stack sizes (-Xss)
#   Set larger code cache with -XX:ReservedCodeCacheSize=
# This output file may be truncated or incomplete.
#
#  Out of Memory Error (allocation.cpp:273), pid=20172, tid=0x0000000000000c94
#
# JRE version: OpenJDK Runtime Environment (8.0_152-b01) (build 1.8.0_152-release-915-b01)
# Java VM: OpenJDK 64-Bit Server VM (25.152-b01 mixed mode windows-amd64 compressed oops)
# Failed to write core dump. Minidumps are not enabled by default on client versions of Windows
#

---------------  T H R E A D  ---------------

Current thread (0x0000000016c66000):  JavaThread "C2 CompilerThread1" daemon [_thread_in_native, id=3220, stack(0x0000000017620000,0x0000000017720000)]

Stack: [0x0000000017620000,0x0000000017720000]
[error occurred during error reporting (printing stack bounds), id 0xc0000005]

Native frames: (J=compiled Java code, j=interpreted, Vv=VM code, C=native code)


Current CompileTask:
C2:   4766  956 %     4       org.objectweb.asm.ClassReader::a @ 1480 (3587 bytes)


---------------  P R O C E S S  ---------------

Java Threads: ( => current thread )
  0x0000000016d3a000 JavaThread "Service Thread" daemon [_thread_blocked, id=19472, stack(0x0000000017920000,0x0000000017a20000)]
  0x0000000016cb4000 JavaThread "C1 CompilerThread3" daemon [_thread_blocked, id=20232, stack(0x0000000017820000,0x0000000017920000)]
  0x0000000016c68800 JavaThread "C2 CompilerThread2" daemon [_thread_blocked, id=19676, stack(0x0000000017720000,0x0000000017820000)]
=>0x0000000016c66000 JavaThread "C2 CompilerThread1" daemon [_thread_in_native, id=3220, stack(0x0000000017620000,0x0000000017720000)]
  0x0000000016c63800 JavaThread "C2 CompilerThread0" daemon [_thread_blocked, id=8672, stack(0x0000000017520000,0x0000000017620000)]
  0x0000000016c62000 JavaThread "Attach Listener" daemon [_thread_blocked, id=19672, stack(0x0000000017420000,0x0000000017520000)]
  0x0000000016cb1800 JavaThread "Signal Dispatcher" daemon [_thread_blocked, id=19560, stack(0x0000000017320000,0x0000000017420000)]
  0x0000000016c50800 JavaThread "Finalizer" daemon [_thread_blocked, id=20160, stack(0x0000000017030000,0x0000000017130000)]
  0x0000000014d28800 JavaThread "Reference Handler" daemon [_thread_blocked, id=12852, stack(0x0000000016b30000,0x0000000016c30000)]
  0x0000000004487000 JavaThread "main" [_thread_in_native, id=18716, stack(0x0000000004320000,0x0000000004420000)]

Other Threads:
  0x000000000457d800 VMThread [stack: 0x0000000016a30000,0x0000000016b30000] [id=8316]
  0x0000000016d3a800 WatcherThread [stack: 0x0000000017a20000,0x0000000017b20000] [id=20400]

VM state:not at safepoint (normal execution)

VM Mutex/Monitor currently owned by a thread: None

Heap:
 PSYoungGen      total 18944K, used 11423K [0x00000000feb00000, 0x0000000100000000, 0x0000000100000000)
  eden space 16384K, 54% used [0x00000000feb00000,0x00000000ff3ab9a0,0x00000000ffb00000)
  from space 2560K, 99% used [0x00000000ffd80000,0x00000000ffffc608,0x0000000100000000)
  to   space 2560K, 0% used [0x00000000ffb00000,0x00000000ffb00000,0x00000000ffd80000)
 ParOldGen       total 44032K, used 5224K [0x00000000fc000000, 0x00000000feb00000, 0x00000000feb00000)
  object space 44032K, 11% used [0x00000000fc000000,0x00000000fc51a118,0x00000000feb00000)
 Metaspace       used 7878K, capacity 8076K, committed 8192K, reserved 1056768K
  class space    used 907K, capacity 988K, committed 1024K, reserved 1048576K

Card table byte_map: [0x00000000029d0000,0x0000000002a00000] byte_map_base: 0x00000000021f0000

Marking Bits: (ParMarkBitMap*) 0x0000000066d23950
 Begin Bits: [0x0000000014140000, 0x0000000014240000)
 End Bits:   [0x0000000014240000, 0x0000000014340000)

Polling page: 0x0000000002560000

CodeCache: size=245760Kb used=3646Kb max_used=3654Kb free=242113Kb
 bounds [0x0000000004580000, 0x0000000004920000, 0x0000000013580000]
 total_blobs=1328 nmethods=996 adapters=246
 compilation: enabled

Compilation events (10 events):
Event: 4.649 Thread 0x0000000016cb4000  993       3       org.objectweb.asm.MethodWriter::visitCode (1 bytes)
Event: 4.649 Thread 0x0000000016cb4000 nmethod 993 0x000000000490f650 code [0x000000000490f7a0, 0x000000000490f8f0]
Event: 4.654 Thread 0x0000000016cb4000  994       3       org.objectweb.asm.MethodWriter::<init> (247 bytes)
Event: 4.654 Thread 0x0000000016c68800  995       4       org.objectweb.asm.MethodVisitor::visitFrame (22 bytes)
Event: 4.655 Thread 0x0000000016cb4000 nmethod 994 0x000000000490f990 code [0x000000000490fbc0, 0x0000000004910788]
Event: 4.655 Thread 0x0000000016c68800 nmethod 995 0x000000000490ba90 code [0x000000000490bbc0, 0x000000000490bc58]
Event: 4.663 Thread 0x0000000016cb4000  996       3       java.nio.Buffer::position (43 bytes)
Event: 4.664 Thread 0x0000000016cb4000 nmethod 996 0x00000000049135d0 code [0x0000000004913740, 0x0000000004913a08]
Event: 4.664 Thread 0x0000000016cb4000  997       3       com.google.common.base.Preconditions::checkArgument (13 bytes)
Event: 4.664 Thread 0x0000000016cb4000 nmethod 997 0x0000000004913150 code [0x00000000049132c0, 0x00000000049134e8]

GC Heap History (4 events):
Event: 1.823 GC heap before
{Heap before GC invocations=1 (full 0):
 PSYoungGen      total 18944K, used 16384K [0x00000000feb00000, 0x0000000100000000, 0x0000000100000000)
  eden space 16384K, 100% used [0x00000000feb00000,0x00000000ffb00000,0x00000000ffb00000)
  from space 2560K, 0% used [0x00000000ffd80000,0x00000000ffd80000,0x0000000100000000)
  to   space 2560K, 0% used [0x00000000ffb00000,0x00000000ffb00000,0x00000000ffd80000)
 ParOldGen       total 44032K, used 0K [0x00000000fc000000, 0x00000000feb00000, 0x00000000feb00000)
  object space 44032K, 0% used [0x00000000fc000000,0x00000000fc000000,0x00000000feb00000)
 Metaspace       used 6595K, capacity 6746K, committed 7040K, reserved 1056768K
  class space    used 772K, capacity 823K, committed 896K, reserved 1048576K
Event: 1.866 GC heap after
Heap after GC invocations=1 (full 0):
 PSYoungGen      total 18944K, used 2537K [0x00000000feb00000, 0x0000000100000000, 0x0000000100000000)
  eden space 16384K, 0% used [0x00000000feb00000,0x00000000feb00000,0x00000000ffb00000)
  from space 2560K, 99% used [0x00000000ffb00000,0x00000000ffd7a7f8,0x00000000ffd80000)
  to   space 2560K, 0% used [0x00000000ffd80000,0x00000000ffd80000,0x0000000100000000)
 ParOldGen       total 44032K, used 1611K [0x00000000fc000000, 0x00000000feb00000, 0x00000000feb00000)
  object space 44032K, 3% used [0x00000000fc000000,0x00000000fc192c30,0x00000000feb00000)
 Metaspace       used 6595K, capacity 6746K, committed 7040K, reserved 1056768K
  class space    used 772K, capacity 823K, committed 896K, reserved 1048576K
}
Event: 4.001 GC heap before
{Heap before GC invocations=2 (full 0):
 PSYoungGen      total 18944K, used 18921K [0x00000000feb00000, 0x0000000100000000, 0x0000000100000000)
  eden space 16384K, 100% used [0x00000000feb00000,0x00000000ffb00000,0x00000000ffb00000)
  from space 2560K, 99% used [0x00000000ffb00000,0x00000000ffd7a7f8,0x00000000ffd80000)
  to   space 2560K, 0% used [0x00000000ffd80000,0x00000000ffd80000,0x0000000100000000)
 ParOldGen       total 44032K, used 1611K [0x00000000fc000000, 0x00000000feb00000, 0x00000000feb00000)
  object space 44032K, 3% used [0x00000000fc000000,0x00000000fc192c30,0x00000000feb00000)
 Metaspace       used 6988K, capacity 7116K, committed 7296K, reserved 1056768K
  class space    used 820K, capacity 860K, committed 896K, reserved 1048576K
Event: 4.024 GC heap after
Heap after GC invocations=2 (full 0):
 PSYoungGen      total 18944K, used 2545K [0x00000000feb00000, 0x0000000100000000, 0x0000000100000000)
  eden space 16384K, 0% used [0x00000000feb00000,0x00000000feb00000,0x00000000ffb00000)
  from space 2560K, 99% used [0x00000000ffd80000,0x00000000ffffc608,0x0000000100000000)
  to   space 2560K, 0% used [0x00000000ffb00000,0x00000000ffb00000,0x00000000ffd80000)
 ParOldGen       total 44032K, used 5224K [0x00000000fc000000, 0x00000000feb00000, 0x00000000feb00000)
  object space 44032K, 11% used [0x00000000fc000000,0x00000000fc51a118,0x00000000feb00000)
 Metaspace       used 6988K, capacity 7116K, committed 7296K, reserved 1056768K
  class space    used 820K, capacity 860K, committed 896K, reserved 1048576K
}

Deoptimization events (10 events):
Event: 4.100 Thread 0x0000000004487000 Uncommon trap: reason=class_check action=maybe_recompile pc=0x00000000047b1110 method=com.google.common.collect.Iterators$7.transform(Ljava/lang/Object;)Ljava/lang/Object; @ 5
Event: 4.100 Thread 0x0000000004487000 Uncommon trap: reason=class_check action=maybe_recompile pc=0x00000000047acb2c method=com.google.common.collect.TransformedIterator.hasNext()Z @ 4
Event: 4.100 Thread 0x0000000004487000 Uncommon trap: reason=class_check action=maybe_recompile pc=0x00000000047ac5e8 method=com.google.common.collect.TransformedIterator.next()Ljava/lang/Object; @ 5
Event: 4.100 Thread 0x0000000004487000 Uncommon trap: reason=class_check action=maybe_recompile pc=0x00000000047b1110 method=com.google.common.collect.Iterators$7.transform(Ljava/lang/Object;)Ljava/lang/Object; @ 5
Event: 4.100 Thread 0x0000000004487000 Uncommon trap: reason=class_check action=maybe_recompile pc=0x00000000047ac5e8 method=com.google.common.collect.TransformedIterator.next()Ljava/lang/Object; @ 5
Event: 4.100 Thread 0x0000000004487000 Uncommon trap: reason=class_check action=maybe_recompile pc=0x00000000047b1110 method=com.google.common.collect.Iterators$7.transform(Ljava/lang/Object;)Ljava/lang/Object; @ 5
Event: 4.246 Thread 0x0000000004487000 Uncommon trap: reason=unstable_if action=reinterpret pc=0x0000000004781580 method=java.lang.String.indexOf([CII[CIII)I @ 134
Event: 4.286 Thread 0x0000000004487000 Uncommon trap: reason=unstable_if action=reinterpret pc=0x00000000047461b8 method=java.lang.String.<init>([CII)V @ 18
Event: 4.374 Thread 0x0000000004487000 Uncommon trap: reason=unstable_if action=reinterpret pc=0x000000000485a188 method=java.lang.String.<init>([CII)V @ 18
Event: 4.582 Thread 0x0000000004487000 Uncommon trap: reason=unstable_if action=reinterpret pc=0x00000000048b3858 method=org.objectweb.asm.Item.a(Lorg/objectweb/asm/Item;)Z @ 345

Classes redefined (0 events):
No events

Internal exceptions (10 events):
Event: 1.732 Thread 0x0000000004487000 Implicit null exception at 0x00000000047a8b24 to 0x00000000047a90fd
Event: 2.888 Thread 0x0000000004487000 Exception <a 'sun/nio/fs/WindowsException'> (0x00000000ff1a9600) thrown at [D:\src\AOSP-openjdk-cygwin\jdk8u\hotspot\src\share\vm\prims\jni.cpp, line 709]
Event: 2.889 Thread 0x0000000004487000 Exception <a 'sun/nio/fs/WindowsException'> (0x00000000ff1a9bc0) thrown at [D:\src\AOSP-openjdk-cygwin\jdk8u\hotspot\src\share\vm\prims\jni.cpp, line 709]
Event: 2.890 Thread 0x0000000004487000 Exception <a 'sun/nio/fs/WindowsException'> (0x00000000ff1aa188) thrown at [D:\src\AOSP-openjdk-cygwin\jdk8u\hotspot\src\share\vm\prims\jni.cpp, line 709]
Event: 2.890 Thread 0x0000000004487000 Exception <a 'sun/nio/fs/WindowsException'> (0x00000000ff1aa948) thrown at [D:\src\AOSP-openjdk-cygwin\jdk8u\hotspot\src\share\vm\prims\jni.cpp, line 709]
Event: 2.890 Thread 0x0000000004487000 Exception <a 'sun/nio/fs/WindowsException'> (0x00000000ff1aaee8) thrown at [D:\src\AOSP-openjdk-cygwin\jdk8u\hotspot\src\share\vm\prims\jni.cpp, line 709]
Event: 2.890 Thread 0x0000000004487000 Exception <a 'sun/nio/fs/WindowsException'> (0x00000000ff1ab698) thrown at [D:\src\AOSP-openjdk-cygwin\jdk8u\hotspot\src\share\vm\prims\jni.cpp, line 709]
Event: 2.924 Thread 0x0000000004487000 Exception <a 'sun/nio/fs/WindowsException'> (0x00000000ff1b09d8) thrown at [D:\src\AOSP-openjdk-cygwin\jdk8u\hotspot\src\share\vm\prims\jni.cpp, line 709]
Event: 3.996 Thread 0x0000000004487000 Exception <a 'sun/nio/fs/WindowsException'> (0x00000000ffae61c8) thrown at [D:\src\AOSP-openjdk-cygwin\jdk8u\hotspot\src\share\vm\prims\jni.cpp, line 709]
Event: 3.996 Thread 0x0000000004487000 Exception <a 'sun/nio/fs/WindowsException'> (0x00000000ffae6798) thrown at [D:\src\AOSP-openjdk-cygwin\jdk8u\hotspot\src\share\vm\prims\jni.cpp, line 709]

Events (10 events):
Event: 4.259 loading class org/objectweb/asm/Handler done
Event: 4.286 Thread 0x0000000004487000 Uncommon trap: trap_request=0xffffff65 fr.pc=0x00000000047461b8
Event: 4.286 Thread 0x0000000004487000 DEOPT PACKING pc=0x00000000047461b8 sp=0x000000000441efc0
Event: 4.286 Thread 0x0000000004487000 DEOPT UNPACKING pc=0x00000000045c556a sp=0x000000000441ef88 mode 2
Event: 4.374 Thread 0x0000000004487000 Uncommon trap: trap_request=0xffffff65 fr.pc=0x000000000485a188
Event: 4.374 Thread 0x0000000004487000 DEOPT PACKING pc=0x000000000485a188 sp=0x000000000441edf0
Event: 4.374 Thread 0x0000000004487000 DEOPT UNPACKING pc=0x00000000045c556a sp=0x000000000441ecb0 mode 2
Event: 4.582 Thread 0x0000000004487000 Uncommon trap: trap_request=0xffffff65 fr.pc=0x00000000048b3858
Event: 4.582 Thread 0x0000000004487000 DEOPT PACKING pc=0x00000000048b3858 sp=0x000000000441ebf0
Event: 4.582 Thread 0x0000000004487000 DEOPT UNPACKING pc=0x00000000045c556a sp=0x000000000441eb88 mode 2


Dynamic libraries:
0x00007ff62eef0000 - 0x00007ff62ef21000 	C:\Program Files\Android\Android Studio\jre\bin\java.exe
0x00007ffa4b720000 - 0x00007ffa4b900000 	C:\Windows\SYSTEM32\ntdll.dll
0x00007ffa4ad40000 - 0x00007ffa4adee000 	C:\Windows\System32\KERNEL32.DLL
0x00007ffa48860000 - 0x00007ffa48ac6000 	C:\Windows\System32\KERNELBASE.dll
0x00007ffa4ac00000 - 0x00007ffa4aca1000 	C:\Windows\System32\ADVAPI32.dll
0x00007ffa4b5e0000 - 0x00007ffa4b67d000 	C:\Windows\System32\msvcrt.dll
0x00007ffa4b680000 - 0x00007ffa4b6db000 	C:\Windows\System32\sechost.dll
0x00007ffa4a480000 - 0x00007ffa4a59f000 	C:\Windows\System32\RPCRT4.dll
0x00007ffa4b110000 - 0x00007ffa4b29f000 	C:\Windows\System32\USER32.dll
0x00007ffa48ad0000 - 0x00007ffa48af0000 	C:\Windows\System32\win32u.dll
0x00007ffa4a8a0000 - 0x00007ffa4a8c8000 	C:\Windows\System32\GDI32.dll
0x00007ffa47bd0000 - 0x00007ffa47d63000 	C:\Windows\System32\gdi32full.dll
0x00007ffa48b50000 - 0x00007ffa48beb000 	C:\Windows\System32\msvcp_win.dll
0x00007ffa48590000 - 0x00007ffa48686000 	C:\Windows\System32\ucrtbase.dll
0x00007ffa398b0000 - 0x00007ffa39b19000 	C:\Windows\WinSxS\amd64_microsoft.windows.common-controls_6595b64144ccf1df_6.0.16299.334_none_15cad2e69362ed51\COMCTL32.dll
0x00007ffa4b2a0000 - 0x00007ffa4b5a8000 	C:\Windows\System32\combase.dll
0x00007ffa484c0000 - 0x00007ffa48532000 	C:\Windows\System32\bcryptPrimitives.dll
0x00007ffa4b5b0000 - 0x00007ffa4b5dd000 	C:\Windows\System32\IMM32.DLL
0x00000000663a0000 - 0x0000000066472000 	C:\Program Files\Android\Android Studio\jre\jre\bin\msvcr100.dll
0x0000000066560000 - 0x0000000066d9e000 	C:\Program Files\Android\Android Studio\jre\jre\bin\server\jvm.dll
0x00007ffa4acb0000 - 0x00007ffa4acb8000 	C:\Windows\System32\PSAPI.DLL
0x00007ffa3e270000 - 0x00007ffa3e293000 	C:\Windows\SYSTEM32\WINMM.dll
0x00007ffa34a10000 - 0x00007ffa34a19000 	C:\Windows\SYSTEM32\WSOCK32.dll
0x00007ffa3d970000 - 0x00007ffa3d97a000 	C:\Windows\SYSTEM32\VERSION.dll
0x00007ffa4a5a0000 - 0x00007ffa4a60c000 	C:\Windows\System32\WS2_32.dll
0x00007ffa3dbf0000 - 0x00007ffa3dc1a000 	C:\Windows\SYSTEM32\WINMMBASE.dll
0x00007ffa48540000 - 0x00007ffa4858a000 	C:\Windows\System32\cfgmgr32.dll
0x00007ffa44520000 - 0x00007ffa4452f000 	C:\Program Files\Android\Android Studio\jre\jre\bin\verify.dll
0x00007ffa444f0000 - 0x00007ffa44519000 	C:\Program Files\Android\Android Studio\jre\jre\bin\java.dll
0x00007ffa444d0000 - 0x00007ffa444e6000 	C:\Program Files\Android\Android Studio\jre\jre\bin\zip.dll
0x00007ffa49040000 - 0x00007ffa4a476000 	C:\Windows\System32\SHELL32.dll
0x00007ffa4a790000 - 0x00007ffa4a836000 	C:\Windows\System32\shcore.dll
0x00007ffa47d70000 - 0x00007ffa484b7000 	C:\Windows\System32\windows.storage.dll
0x00007ffa4a840000 - 0x00007ffa4a891000 	C:\Windows\System32\shlwapi.dll
0x00007ffa47a70000 - 0x00007ffa47a81000 	C:\Windows\System32\kernel.appcore.dll
0x00007ffa47a90000 - 0x00007ffa47adc000 	C:\Windows\System32\powrprof.dll
0x00007ffa47ae0000 - 0x00007ffa47afb000 	C:\Windows\System32\profapi.dll
0x00007ffa474c0000 - 0x00007ffa474d7000 	C:\Windows\SYSTEM32\CRYPTSP.dll
0x00007ffa46f00000 - 0x00007ffa46f33000 	C:\Windows\system32\rsaenh.dll
0x00007ffa475d0000 - 0x00007ffa475f5000 	C:\Windows\SYSTEM32\bcrypt.dll
0x00007ffa479a0000 - 0x00007ffa479c9000 	C:\Windows\SYSTEM32\USERENV.dll
0x00007ffa474e0000 - 0x00007ffa474eb000 	C:\Windows\SYSTEM32\CRYPTBASE.dll
0x00007ffa444b0000 - 0x00007ffa444ca000 	C:\Program Files\Android\Android Studio\jre\jre\bin\net.dll
0x00007ffa47300000 - 0x00007ffa47366000 	C:\Windows\system32\mswsock.dll
0x00007ffa47090000 - 0x00007ffa470c9000 	C:\Windows\SYSTEM32\IPHLPAPI.DLL
0x00007ffa4a720000 - 0x00007ffa4a728000 	C:\Windows\System32\NSI.dll
0x00007ffa43420000 - 0x00007ffa43436000 	C:\Windows\SYSTEM32\dhcpcsvc6.DLL
0x00007ffa436f0000 - 0x00007ffa4370a000 	C:\Windows\SYSTEM32\dhcpcsvc.DLL
0x00007ffa44490000 - 0x00007ffa444a1000 	C:\Program Files\Android\Android Studio\jre\jre\bin\nio.dll

VM Arguments:
jvm_args: -Djava.awt.headless=true -Xmx64M -Dfile.encoding=windows-1256 -Duser.country=US -Duser.language=en -Duser.variant 
java_command: com.google.devtools.build.android.desugar.Desugar --input C:\Users\MSI\Desktop\SimsimInstantOrder_V1_S\SimsimInstantOrder_V1\app\build\intermediates\transforms\stackFramesFixer\debug\36.jar --output C:\Users\MSI\Desktop\SimsimInstantOrder_V1_S\SimsimInstantOrder_V1\app\build\intermediates\transforms\desugar\debug\37.jar --input C:\Users\MSI\Desktop\SimsimInstantOrder_V1_S\SimsimInstantOrder_V1\app\build\intermediates\transforms\stackFramesFixer\debug\22.jar --output C:\Users\MSI\Desktop\SimsimInstantOrder_V1_S\SimsimInstantOrder_V1\app\build\intermediates\transforms\desugar\debug\23.jar --input C:\Users\MSI\Desktop\SimsimInstantOrder_V1_S\SimsimInstantOrder_V1\app\build\intermediates\transforms\stackFramesFixer\debug\21.jar --output C:\Users\MSI\Desktop\SimsimInstantOrder_V1_S\SimsimInstantOrder_V1\app\build\intermediates\transforms\desugar\debug\22.jar --input C:\Users\MSI\Desktop\SimsimInstantOrder_V1_S\SimsimInstantOrder_V1\app\build\intermediates\transforms\stackFramesFixer\debug\46.jar --output C:\Users\MSI\Desktop\SimsimInstantOrder_V1_S\SimsimInstantOrder_V1\app\build\intermediates\transforms\desugar\debug\47.jar --input C:\Users\MSI\Desktop\SimsimInstantOrder_V1_S\SimsimInstantOrder_V1\app\build\intermediates\transforms\stackFramesFixer\debug\65.jar --output C:\Users\MSI\Desktop\SimsimInstantOrder_V1_S\SimsimInstantOrder_V1\app\build\intermediates\transforms\desugar\debug\66.jar --input C:\Users\MSI\Desktop\SimsimInstantOrder_V1_S\SimsimInstantOrder_V1\app\build\intermediates\transforms\stackFramesFixer\debug\44.jar --output C:\Users\MSI\Desktop\SimsimInstantOrder_V1_S\SimsimInstantOrder_V1\app\build\intermediates\transforms\desugar\debug\45.jar --input C:\Users\MSI\Desktop\SimsimInstantOrder_V1_S\SimsimInstantOrder_V1\app\build\intermediates\transforms\stackFramesFixer\debug\29.jar --output C:\Users\MSI\Desktop\SimsimInstantOrder_V1_S\SimsimInstantOrder_V1\app\build\intermediates\transforms\desugar\debug\30.jar --input C:\Users\MSI\Desktop\S
java_class_path (initial): C:\Users\MSI\AppData\Local\Temp\desugar_deploy.jar3681423725215160077
Launcher Type: SUN_STANDARD

Environment Variables:
JAVA_HOME=C:\Program Files\Java\jdk1.8.0_112
PATH=C:\Windows\system32;C:\Windows;C:\Windows\System32\Wbem;C:\Windows\System32\WindowsPowerShell\v1.0\;C:\Program Files (x86)\NVIDIA Corporation\PhysX\Common;C:\Program Files\Intel\WiFi\bin\;C:\Program Files\Common Files\Intel\WirelessCommon\;C:\Program Files (x86)\Skype\Phone\;C:\Users\MSI\AppData\Local\Microsoft\WindowsApps;C:\Program Files\Intel\WiFi\bin\;C:\Program Files\Common Files\Intel\WirelessCommon\;C:\Users\MSI\AppData\Local\GitHubDesktop\bin
USERNAME=MSI
OS=Windows_NT
PROCESSOR_IDENTIFIER=Intel64 Family 6 Model 158 Stepping 9, GenuineIntel



---------------  S Y S T E M  ---------------

OS: Windows 10.0 , 64 bit Build 16299 (10.0.16299.15)

CPU:total 8 (initial active 8) (4 cores per cpu, 2 threads per core) family 6 model 158 stepping 9, cmov, cx8, fxsr, mmx, sse, sse2, sse3, ssse3, sse4.1, sse4.2, popcnt, avx, avx2, aes, clmul, erms, 3dnowpref, lzcnt, ht, tsc, tscinvbit, bmi1, bmi2, adx

Memory: 4k page, physical 8274616k(518380k free), swap 23825076k(2304k free)

vm_info: OpenJDK 64-Bit Server VM (25.152-b01) for windows-amd64 JRE (1.8.0_152-release-915-b01), built by "builder" with MS VC++ 10.0 (VS2010)

time: Sun Mar 25 14:58:55 2018
elapsed time: 4 seconds (0d 0h 0m 4s)

