#
# There is insufficient memory for the Java Runtime Environment to continue.
# Native memory allocation (malloc) failed to allocate 1100496 bytes for Chunk::new
# Possible reasons:
#   The system is out of physical RAM or swap space
#   In 32 bit mode, the process size limit was hit
# Possible solutions:
#   Reduce memory load on the system
#   Increase physical memory or swap space
#   Check if swap backing store is full
#   Use 64 bit Java on a 64 bit OS
#   Decrease Java heap size (-Xmx/-Xms)
#   Decrease number of Java threads
#   Decrease Java thread stack sizes (-Xss)
#   Set larger code cache with -XX:ReservedCodeCacheSize=
# This output file may be truncated or incomplete.
#
#  Out of Memory Error (allocation.cpp:390), pid=10124, tid=0x0000000000002790
#
# JRE version: OpenJDK Runtime Environment (8.0_152-b01) (build 1.8.0_152-release-915-b01)
# Java VM: OpenJDK 64-Bit Server VM (25.152-b01 mixed mode windows-amd64 compressed oops)
# Failed to write core dump. Minidumps are not enabled by default on client versions of Windows
#

---------------  T H R E A D  ---------------

Current thread (0x0000000016d86800):  JavaThread "C2 CompilerThread1" daemon [_thread_in_native, id=10128, stack(0x0000000017770000,0x0000000017870000)]

Stack: [0x0000000017770000,0x0000000017870000]
[error occurred during error reporting (printing stack bounds), id 0xc0000005]

Native frames: (J=compiled Java code, j=interpreted, Vv=VM code, C=native code)


Current CompileTask:
C2:   3557  952 %     4       org.objectweb.asm.ClassReader::a @ 845 (3587 bytes)


---------------  P R O C E S S  ---------------

Java Threads: ( => current thread )
  0x0000000016e5f000 JavaThread "Service Thread" daemon [_thread_blocked, id=19116, stack(0x0000000017a70000,0x0000000017b70000)]
  0x0000000016dd4000 JavaThread "C1 CompilerThread3" daemon [_thread_blocked, id=11152, stack(0x0000000017970000,0x0000000017a70000)]
  0x0000000016d89000 JavaThread "C2 CompilerThread2" daemon [_thread_blocked, id=18364, stack(0x0000000017870000,0x0000000017970000)]
=>0x0000000016d86800 JavaThread "C2 CompilerThread1" daemon [_thread_in_native, id=10128, stack(0x0000000017770000,0x0000000017870000)]
  0x0000000016d83800 JavaThread "C2 CompilerThread0" daemon [_thread_blocked, id=18456, stack(0x0000000017670000,0x0000000017770000)]
  0x0000000016d82000 JavaThread "Attach Listener" daemon [_thread_blocked, id=5572, stack(0x0000000017570000,0x0000000017670000)]
  0x0000000016dd1800 JavaThread "Signal Dispatcher" daemon [_thread_blocked, id=19872, stack(0x0000000017470000,0x0000000017570000)]
  0x0000000016d70800 JavaThread "Finalizer" daemon [_thread_blocked, id=19612, stack(0x0000000017150000,0x0000000017250000)]
  0x0000000014e88800 JavaThread "Reference Handler" daemon [_thread_blocked, id=20216, stack(0x0000000016c50000,0x0000000016d50000)]
  0x00000000045b7000 JavaThread "main" [_thread_in_native, id=7116, stack(0x00000000044b0000,0x00000000045b0000)]

Other Threads:
  0x00000000046ad800 VMThread [stack: 0x0000000016b50000,0x0000000016c50000] [id=18512]
  0x0000000016e5f800 WatcherThread [stack: 0x0000000017b70000,0x0000000017c70000] [id=6348]

VM state:not at safepoint (normal execution)

VM Mutex/Monitor currently owned by a thread: None

Heap:
 PSYoungGen      total 18944K, used 9764K [0x00000000feb00000, 0x0000000100000000, 0x0000000100000000)
  eden space 16384K, 44% used [0x00000000feb00000,0x00000000ff20cad8,0x00000000ffb00000)
  from space 2560K, 99% used [0x00000000ffd80000,0x00000000ffffc608,0x0000000100000000)
  to   space 2560K, 0% used [0x00000000ffb00000,0x00000000ffb00000,0x00000000ffd80000)
 ParOldGen       total 44032K, used 5180K [0x00000000fc000000, 0x00000000feb00000, 0x00000000feb00000)
  object space 44032K, 11% used [0x00000000fc000000,0x00000000fc50f298,0x00000000feb00000)
 Metaspace       used 7803K, capacity 8012K, committed 8192K, reserved 1056768K
  class space    used 902K, capacity 988K, committed 1024K, reserved 1048576K

Card table byte_map: [0x0000000013a70000,0x0000000013aa0000] byte_map_base: 0x0000000013290000

Marking Bits: (ParMarkBitMap*) 0x0000000066d23950
 Begin Bits: [0x00000000142a0000, 0x00000000143a0000)
 End Bits:   [0x00000000143a0000, 0x00000000144a0000)

Polling page: 0x00000000026a0000

CodeCache: size=245760Kb used=3509Kb max_used=3509Kb free=242250Kb
 bounds [0x00000000046b0000, 0x0000000004a30000, 0x00000000136b0000]
 total_blobs=1283 nmethods=951 adapters=246
 compilation: enabled

Compilation events (10 events):
Event: 3.279 Thread 0x0000000016dd4000  947       3       org.objectweb.asm.tree.MethodNode::visitFrame (47 bytes)
Event: 3.279 Thread 0x0000000016dd4000 nmethod 947 0x0000000004a0a290 code [0x0000000004a0a440, 0x0000000004a0a818]
Event: 3.279 Thread 0x0000000016dd4000  948       3       org.objectweb.asm.tree.FrameNode::<init> (111 bytes)
Event: 3.281 Thread 0x0000000016dd4000 nmethod 948 0x0000000004a1c410 code [0x0000000004a1c7a0, 0x0000000004a1e658]
Event: 3.281 Thread 0x0000000016dd4000  949       3       org.objectweb.asm.tree.FrameNode::accept (173 bytes)
Event: 3.282 Thread 0x0000000016dd4000 nmethod 949 0x0000000004a09210 code [0x0000000004a09460, 0x0000000004a09ec8]
Event: 3.282 Thread 0x0000000016dd4000  943       3       com.google.common.base.Preconditions::checkArgument (34 bytes)
Event: 3.282 Thread 0x0000000016dd4000 nmethod 943 0x0000000004a10c10 code [0x0000000004a10dc0, 0x0000000004a11418]
Event: 3.282 Thread 0x0000000016dd4000  946   !   3       java.util.zip.ZipFile$ZipFileInputStream::read (131 bytes)
Event: 3.282 Thread 0x0000000016dd4000 nmethod 946 0x0000000004a1fe90 code [0x0000000004a20060, 0x0000000004a208e8]

GC Heap History (4 events):
Event: 1.785 GC heap before
{Heap before GC invocations=1 (full 0):
 PSYoungGen      total 18944K, used 16384K [0x00000000feb00000, 0x0000000100000000, 0x0000000100000000)
  eden space 16384K, 100% used [0x00000000feb00000,0x00000000ffb00000,0x00000000ffb00000)
  from space 2560K, 0% used [0x00000000ffd80000,0x00000000ffd80000,0x0000000100000000)
  to   space 2560K, 0% used [0x00000000ffb00000,0x00000000ffb00000,0x00000000ffd80000)
 ParOldGen       total 44032K, used 0K [0x00000000fc000000, 0x00000000feb00000, 0x00000000feb00000)
  object space 44032K, 0% used [0x00000000fc000000,0x00000000fc000000,0x00000000feb00000)
 Metaspace       used 6593K, capacity 6682K, committed 6784K, reserved 1056768K
  class space    used 772K, capacity 823K, committed 896K, reserved 1048576K
Event: 1.838 GC heap after
Heap after GC invocations=1 (full 0):
 PSYoungGen      total 18944K, used 2528K [0x00000000feb00000, 0x0000000100000000, 0x0000000100000000)
  eden space 16384K, 0% used [0x00000000feb00000,0x00000000feb00000,0x00000000ffb00000)
  from space 2560K, 98% used [0x00000000ffb00000,0x00000000ffd78030,0x00000000ffd80000)
  to   space 2560K, 0% used [0x00000000ffd80000,0x00000000ffd80000,0x0000000100000000)
 ParOldGen       total 44032K, used 1619K [0x00000000fc000000, 0x00000000feb00000, 0x00000000feb00000)
  object space 44032K, 3% used [0x00000000fc000000,0x00000000fc194d68,0x00000000feb00000)
 Metaspace       used 6593K, capacity 6682K, committed 6784K, reserved 1056768K
  class space    used 772K, capacity 823K, committed 896K, reserved 1048576K
}
Event: 2.583 GC heap before
{Heap before GC invocations=2 (full 0):
 PSYoungGen      total 18944K, used 18912K [0x00000000feb00000, 0x0000000100000000, 0x0000000100000000)
  eden space 16384K, 100% used [0x00000000feb00000,0x00000000ffb00000,0x00000000ffb00000)
  from space 2560K, 98% used [0x00000000ffb00000,0x00000000ffd78030,0x00000000ffd80000)
  to   space 2560K, 0% used [0x00000000ffd80000,0x00000000ffd80000,0x0000000100000000)
 ParOldGen       total 44032K, used 1619K [0x00000000fc000000, 0x00000000feb00000, 0x00000000feb00000)
  object space 44032K, 3% used [0x00000000fc000000,0x00000000fc194d68,0x00000000feb00000)
 Metaspace       used 7021K, capacity 7148K, committed 7296K, reserved 1056768K
  class space    used 825K, capacity 892K, committed 896K, reserved 1048576K
Event: 2.619 GC heap after
Heap after GC invocations=2 (full 0):
 PSYoungGen      total 18944K, used 2545K [0x00000000feb00000, 0x0000000100000000, 0x0000000100000000)
  eden space 16384K, 0% used [0x00000000feb00000,0x00000000feb00000,0x00000000ffb00000)
  from space 2560K, 99% used [0x00000000ffd80000,0x00000000ffffc608,0x0000000100000000)
  to   space 2560K, 0% used [0x00000000ffb00000,0x00000000ffb00000,0x00000000ffd80000)
 ParOldGen       total 44032K, used 5180K [0x00000000fc000000, 0x00000000feb00000, 0x00000000feb00000)
  object space 44032K, 11% used [0x00000000fc000000,0x00000000fc50f298,0x00000000feb00000)
 Metaspace       used 7021K, capacity 7148K, committed 7296K, reserved 1056768K
  class space    used 825K, capacity 892K, committed 896K, reserved 1048576K
}

Deoptimization events (10 events):
Event: 2.648 Thread 0x00000000045b7000 Uncommon trap: reason=class_check action=maybe_recompile pc=0x00000000048e596c method=com.google.common.collect.TransformedIterator.hasNext()Z @ 4
Event: 2.648 Thread 0x00000000045b7000 Uncommon trap: reason=class_check action=maybe_recompile pc=0x00000000048e6128 method=com.google.common.collect.TransformedIterator.next()Ljava/lang/Object; @ 5
Event: 2.648 Thread 0x00000000045b7000 Uncommon trap: reason=class_check action=maybe_recompile pc=0x00000000048d64d0 method=com.google.common.collect.Iterators$7.transform(Ljava/lang/Object;)Ljava/lang/Object; @ 5
Event: 2.648 Thread 0x00000000045b7000 Uncommon trap: reason=class_check action=maybe_recompile pc=0x00000000048e596c method=com.google.common.collect.TransformedIterator.hasNext()Z @ 4
Event: 2.648 Thread 0x00000000045b7000 Uncommon trap: reason=class_check action=maybe_recompile pc=0x00000000048e6128 method=com.google.common.collect.TransformedIterator.next()Ljava/lang/Object; @ 5
Event: 2.648 Thread 0x00000000045b7000 Uncommon trap: reason=class_check action=maybe_recompile pc=0x00000000048d64d0 method=com.google.common.collect.Iterators$7.transform(Ljava/lang/Object;)Ljava/lang/Object; @ 5
Event: 2.648 Thread 0x00000000045b7000 Uncommon trap: reason=class_check action=maybe_recompile pc=0x00000000048e6128 method=com.google.common.collect.TransformedIterator.next()Ljava/lang/Object; @ 5
Event: 2.648 Thread 0x00000000045b7000 Uncommon trap: reason=class_check action=maybe_recompile pc=0x00000000048d64d0 method=com.google.common.collect.Iterators$7.transform(Ljava/lang/Object;)Ljava/lang/Object; @ 5
Event: 2.826 Thread 0x00000000045b7000 Uncommon trap: reason=unstable_if action=reinterpret pc=0x00000000048ae8c0 method=java.lang.String.indexOf([CII[CIII)I @ 134
Event: 3.270 Thread 0x00000000045b7000 Uncommon trap: reason=unstable_if action=reinterpret pc=0x00000000049e774c method=org.objectweb.asm.Type.getArgumentsAndReturnSizes(Ljava/lang/String;)I @ 88

Classes redefined (0 events):
No events

Internal exceptions (10 events):
Event: 1.951 Thread 0x00000000045b7000 Exception <a 'sun/nio/fs/WindowsException'> (0x00000000ff1a64f8) thrown at [D:\src\AOSP-openjdk-cygwin\jdk8u\hotspot\src\share\vm\prims\jni.cpp, line 709]
Event: 1.951 Thread 0x00000000045b7000 Exception <a 'sun/nio/fs/WindowsException'> (0x00000000ff1a6a98) thrown at [D:\src\AOSP-openjdk-cygwin\jdk8u\hotspot\src\share\vm\prims\jni.cpp, line 709]
Event: 1.951 Thread 0x00000000045b7000 Exception <a 'sun/nio/fs/WindowsException'> (0x00000000ff1a7248) thrown at [D:\src\AOSP-openjdk-cygwin\jdk8u\hotspot\src\share\vm\prims\jni.cpp, line 709]
Event: 1.966 Thread 0x00000000045b7000 Exception <a 'sun/nio/fs/WindowsException'> (0x00000000ff1ac588) thrown at [D:\src\AOSP-openjdk-cygwin\jdk8u\hotspot\src\share\vm\prims\jni.cpp, line 709]
Event: 2.523 Thread 0x00000000045b7000 Exception <a 'sun/nio/fs/WindowsException'> (0x00000000ffae1b78) thrown at [D:\src\AOSP-openjdk-cygwin\jdk8u\hotspot\src\share\vm\prims\jni.cpp, line 709]
Event: 2.524 Thread 0x00000000045b7000 Exception <a 'sun/nio/fs/WindowsException'> (0x00000000ffae2148) thrown at [D:\src\AOSP-openjdk-cygwin\jdk8u\hotspot\src\share\vm\prims\jni.cpp, line 709]
Event: 2.561 Thread 0x00000000045b7000 Exception <a 'sun/nio/fs/WindowsException'> (0x00000000ffaeda38) thrown at [D:\src\AOSP-openjdk-cygwin\jdk8u\hotspot\src\share\vm\prims\jni.cpp, line 709]
Event: 2.561 Thread 0x00000000045b7000 Exception <a 'sun/nio/fs/WindowsException'> (0x00000000ffaedf88) thrown at [D:\src\AOSP-openjdk-cygwin\jdk8u\hotspot\src\share\vm\prims\jni.cpp, line 709]
Event: 2.942 Thread 0x00000000045b7000 Exception <a 'sun/nio/fs/WindowsException'> (0x00000000fecd00a8) thrown at [D:\src\AOSP-openjdk-cygwin\jdk8u\hotspot\src\share\vm\prims\jni.cpp, line 709]
Event: 2.942 Thread 0x00000000045b7000 Exception <a 'sun/nio/fs/WindowsException'> (0x00000000fecd05f8) thrown at [D:\src\AOSP-openjdk-cygwin\jdk8u\hotspot\src\share\vm\prims\jni.cpp, line 709]

Events (10 events):
Event: 2.827 loading class java/util/zip/ZipOutputStream$XEntry done
Event: 3.073 loading class org/objectweb/asm/Opcodes
Event: 3.073 loading class org/objectweb/asm/Opcodes done
Event: 3.084 loading class org/objectweb/asm/tree/TryCatchBlockNode
Event: 3.084 loading class org/objectweb/asm/tree/TryCatchBlockNode done
Event: 3.084 loading class org/objectweb/asm/Handler
Event: 3.084 loading class org/objectweb/asm/Handler done
Event: 3.270 Thread 0x00000000045b7000 Uncommon trap: trap_request=0xffffff65 fr.pc=0x00000000049e774c
Event: 3.270 Thread 0x00000000045b7000 DEOPT PACKING pc=0x00000000049e774c sp=0x00000000045ae810
Event: 3.270 Thread 0x00000000045b7000 DEOPT UNPACKING pc=0x00000000046f556a sp=0x00000000045ae7a0 mode 2


Dynamic libraries:
0x00007ff62eef0000 - 0x00007ff62ef21000 	C:\Program Files\Android\Android Studio\jre\bin\java.exe
0x00007ffa4b720000 - 0x00007ffa4b900000 	C:\Windows\SYSTEM32\ntdll.dll
0x00007ffa4ad40000 - 0x00007ffa4adee000 	C:\Windows\System32\KERNEL32.DLL
0x00007ffa48860000 - 0x00007ffa48ac6000 	C:\Windows\System32\KERNELBASE.dll
0x00007ffa4ac00000 - 0x00007ffa4aca1000 	C:\Windows\System32\ADVAPI32.dll
0x00007ffa4b5e0000 - 0x00007ffa4b67d000 	C:\Windows\System32\msvcrt.dll
0x00007ffa4b680000 - 0x00007ffa4b6db000 	C:\Windows\System32\sechost.dll
0x00007ffa4a480000 - 0x00007ffa4a59f000 	C:\Windows\System32\RPCRT4.dll
0x00007ffa4b110000 - 0x00007ffa4b29f000 	C:\Windows\System32\USER32.dll
0x00007ffa48ad0000 - 0x00007ffa48af0000 	C:\Windows\System32\win32u.dll
0x00007ffa4a8a0000 - 0x00007ffa4a8c8000 	C:\Windows\System32\GDI32.dll
0x00007ffa47bd0000 - 0x00007ffa47d63000 	C:\Windows\System32\gdi32full.dll
0x00007ffa48b50000 - 0x00007ffa48beb000 	C:\Windows\System32\msvcp_win.dll
0x00007ffa48590000 - 0x00007ffa48686000 	C:\Windows\System32\ucrtbase.dll
0x00007ffa398b0000 - 0x00007ffa39b19000 	C:\Windows\WinSxS\amd64_microsoft.windows.common-controls_6595b64144ccf1df_6.0.16299.334_none_15cad2e69362ed51\COMCTL32.dll
0x00007ffa4b2a0000 - 0x00007ffa4b5a8000 	C:\Windows\System32\combase.dll
0x00007ffa484c0000 - 0x00007ffa48532000 	C:\Windows\System32\bcryptPrimitives.dll
0x00007ffa4b5b0000 - 0x00007ffa4b5dd000 	C:\Windows\System32\IMM32.DLL
0x00000000663a0000 - 0x0000000066472000 	C:\Program Files\Android\Android Studio\jre\jre\bin\msvcr100.dll
0x0000000066560000 - 0x0000000066d9e000 	C:\Program Files\Android\Android Studio\jre\jre\bin\server\jvm.dll
0x00007ffa4acb0000 - 0x00007ffa4acb8000 	C:\Windows\System32\PSAPI.DLL
0x00007ffa34a10000 - 0x00007ffa34a19000 	C:\Windows\SYSTEM32\WSOCK32.dll
0x00007ffa4a5a0000 - 0x00007ffa4a60c000 	C:\Windows\System32\WS2_32.dll
0x00007ffa3e270000 - 0x00007ffa3e293000 	C:\Windows\SYSTEM32\WINMM.dll
0x00007ffa3d970000 - 0x00007ffa3d97a000 	C:\Windows\SYSTEM32\VERSION.dll
0x00007ffa3dbf0000 - 0x00007ffa3dc1a000 	C:\Windows\SYSTEM32\WINMMBASE.dll
0x00007ffa48540000 - 0x00007ffa4858a000 	C:\Windows\System32\cfgmgr32.dll
0x00007ffa44520000 - 0x00007ffa4452f000 	C:\Program Files\Android\Android Studio\jre\jre\bin\verify.dll
0x00007ffa444f0000 - 0x00007ffa44519000 	C:\Program Files\Android\Android Studio\jre\jre\bin\java.dll
0x00007ffa444d0000 - 0x00007ffa444e6000 	C:\Program Files\Android\Android Studio\jre\jre\bin\zip.dll
0x00007ffa49040000 - 0x00007ffa4a476000 	C:\Windows\System32\SHELL32.dll
0x00007ffa4a790000 - 0x00007ffa4a836000 	C:\Windows\System32\shcore.dll
0x00007ffa47d70000 - 0x00007ffa484b7000 	C:\Windows\System32\windows.storage.dll
0x00007ffa4a840000 - 0x00007ffa4a891000 	C:\Windows\System32\shlwapi.dll
0x00007ffa47a70000 - 0x00007ffa47a81000 	C:\Windows\System32\kernel.appcore.dll
0x00007ffa47a90000 - 0x00007ffa47adc000 	C:\Windows\System32\powrprof.dll
0x00007ffa47ae0000 - 0x00007ffa47afb000 	C:\Windows\System32\profapi.dll
0x00007ffa474c0000 - 0x00007ffa474d7000 	C:\Windows\SYSTEM32\CRYPTSP.dll
0x00007ffa46f00000 - 0x00007ffa46f33000 	C:\Windows\system32\rsaenh.dll
0x00007ffa475d0000 - 0x00007ffa475f5000 	C:\Windows\SYSTEM32\bcrypt.dll
0x00007ffa479a0000 - 0x00007ffa479c9000 	C:\Windows\SYSTEM32\USERENV.dll
0x00007ffa474e0000 - 0x00007ffa474eb000 	C:\Windows\SYSTEM32\CRYPTBASE.dll
0x00007ffa444b0000 - 0x00007ffa444ca000 	C:\Program Files\Android\Android Studio\jre\jre\bin\net.dll
0x00007ffa47300000 - 0x00007ffa47366000 	C:\Windows\system32\mswsock.dll
0x00007ffa47090000 - 0x00007ffa470c9000 	C:\Windows\SYSTEM32\IPHLPAPI.DLL
0x00007ffa4a720000 - 0x00007ffa4a728000 	C:\Windows\System32\NSI.dll
0x00007ffa43420000 - 0x00007ffa43436000 	C:\Windows\SYSTEM32\dhcpcsvc6.DLL
0x00007ffa436f0000 - 0x00007ffa4370a000 	C:\Windows\SYSTEM32\dhcpcsvc.DLL
0x00007ffa44490000 - 0x00007ffa444a1000 	C:\Program Files\Android\Android Studio\jre\jre\bin\nio.dll

VM Arguments:
jvm_args: -Djava.awt.headless=true -Xmx64M -Dfile.encoding=windows-1256 -Duser.country=US -Duser.language=en -Duser.variant 
java_command: com.google.devtools.build.android.desugar.Desugar --input C:\Users\MSI\Desktop\SimsimInstantOrder_V1_S\SimsimInstantOrder_V1\app\build\intermediates\transforms\stackFramesFixer\debug\48.jar --output C:\Users\MSI\Desktop\SimsimInstantOrder_V1_S\SimsimInstantOrder_V1\app\build\intermediates\transforms\desugar\debug\49.jar --input C:\Users\MSI\Desktop\SimsimInstantOrder_V1_S\SimsimInstantOrder_V1\app\build\intermediates\transforms\stackFramesFixer\debug\24.jar --output C:\Users\MSI\Desktop\SimsimInstantOrder_V1_S\SimsimInstantOrder_V1\app\build\intermediates\transforms\desugar\debug\25.jar --input C:\Users\MSI\Desktop\SimsimInstantOrder_V1_S\SimsimInstantOrder_V1\app\build\intermediates\transforms\stackFramesFixer\debug\43.jar --output C:\Users\MSI\Desktop\SimsimInstantOrder_V1_S\SimsimInstantOrder_V1\app\build\intermediates\transforms\desugar\debug\44.jar --input C:\Users\MSI\Desktop\SimsimInstantOrder_V1_S\SimsimInstantOrder_V1\app\build\intermediates\transforms\stackFramesFixer\debug\47.jar --output C:\Users\MSI\Desktop\SimsimInstantOrder_V1_S\SimsimInstantOrder_V1\app\build\intermediates\transforms\desugar\debug\48.jar --input C:\Users\MSI\Desktop\SimsimInstantOrder_V1_S\SimsimInstantOrder_V1\app\build\intermediates\transforms\stackFramesFixer\debug\22.jar --output C:\Users\MSI\Desktop\SimsimInstantOrder_V1_S\SimsimInstantOrder_V1\app\build\intermediates\transforms\desugar\debug\23.jar --input C:\Users\MSI\Desktop\SimsimInstantOrder_V1_S\SimsimInstantOrder_V1\app\build\intermediates\transforms\stackFramesFixer\debug\27.jar --output C:\Users\MSI\Desktop\SimsimInstantOrder_V1_S\SimsimInstantOrder_V1\app\build\intermediates\transforms\desugar\debug\28.jar --input C:\Users\MSI\Desktop\SimsimInstantOrder_V1_S\SimsimInstantOrder_V1\app\build\intermediates\transforms\stackFramesFixer\debug\51.jar --output C:\Users\MSI\Desktop\SimsimInstantOrder_V1_S\SimsimInstantOrder_V1\app\build\intermediates\transforms\desugar\debug\52.jar --input C:\Users\MSI\Desktop\S
java_class_path (initial): C:\Users\MSI\AppData\Local\Temp\desugar_deploy.jar3681423725215160077
Launcher Type: SUN_STANDARD

Environment Variables:
JAVA_HOME=C:\Program Files\Java\jdk1.8.0_112
PATH=C:\Windows\system32;C:\Windows;C:\Windows\System32\Wbem;C:\Windows\System32\WindowsPowerShell\v1.0\;C:\Program Files (x86)\NVIDIA Corporation\PhysX\Common;C:\Program Files\Intel\WiFi\bin\;C:\Program Files\Common Files\Intel\WirelessCommon\;C:\Program Files (x86)\Skype\Phone\;C:\Users\MSI\AppData\Local\Microsoft\WindowsApps;C:\Program Files\Intel\WiFi\bin\;C:\Program Files\Common Files\Intel\WirelessCommon\;C:\Users\MSI\AppData\Local\GitHubDesktop\bin
USERNAME=MSI
OS=Windows_NT
PROCESSOR_IDENTIFIER=Intel64 Family 6 Model 158 Stepping 9, GenuineIntel



---------------  S Y S T E M  ---------------

OS: Windows 10.0 , 64 bit Build 16299 (10.0.16299.15)

CPU:total 8 (initial active 8) (4 cores per cpu, 2 threads per core) family 6 model 158 stepping 9, cmov, cx8, fxsr, mmx, sse, sse2, sse3, ssse3, sse4.1, sse4.2, popcnt, avx, avx2, aes, clmul, erms, 3dnowpref, lzcnt, ht, tsc, tscinvbit, bmi1, bmi2, adx

Memory: 4k page, physical 8274616k(414056k free), swap 23825076k(3104k free)

vm_info: OpenJDK 64-Bit Server VM (25.152-b01) for windows-amd64 JRE (1.8.0_152-release-915-b01), built by "builder" with MS VC++ 10.0 (VS2010)

time: Sun Mar 25 14:49:45 2018
elapsed time: 3 seconds (0d 0h 0m 3s)

